This file contains any messages produced by compilers while
running configure, to aid debugging if configure makes a mistake.

It was created by sqlite configure 3.41.2, which was
generated by GNU Autoconf 2.69.  Invocation command line was

  $ ../configure --disable-readline CFLAGS=-DSQLITE_ENABLE_FTS3 -DSQLITE_ENABLE_FTS4 -DSQLITE_ENABLE_RTREE --enable-static=yes

## --------- ##
## Platform. ##
## --------- ##

hostname = bigdata-virtual-machine
uname -m = x86_64
uname -r = 5.15.0-70-generic
uname -s = Linux
uname -v = #77~20.04.1-Ubuntu SMP Wed Apr 5 09:38:34 UTC 2023

/usr/bin/uname -p = x86_64
/bin/uname -X     = unknown

/bin/arch              = x86_64
/usr/bin/arch -k       = unknown
/usr/convex/getsysinfo = unknown
/usr/bin/hostinfo      = unknown
/bin/machine           = unknown
/usr/bin/oslevel       = unknown
/bin/universe          = unknown

PATH: /root/.vscode-server/bin/b7886d7461186a5eac768481578c1d7ca80e2d21/bin/remote-cli
PATH: /root/anaconda3/bin
PATH: /root/anaconda3/condabin
PATH: /home/bigdata/Documents/logicalBug/windranger/SVF_V2.5_SRC/Release-build/bin
PATH: /home/bigdata/Documents/logicalBug/SVF-2.5/llvm-12.0.0/bin
PATH: /usr/local/sbin
PATH: /usr/local/bin
PATH: /usr/sbin
PATH: /usr/bin
PATH: /sbin
PATH: /bin
PATH: /usr/games
PATH: /usr/local/games
PATH: /snap/bin
PATH: /usr/local/go/bin
PATH: /home/linjie/go/bin


## ----------- ##
## Core tests. ##
## ----------- ##

configure:2501: checking build system type
configure:2515: result: x86_64-pc-linux-gnu
configure:2535: checking host system type
configure:2548: result: x86_64-pc-linux-gnu
configure:2616: checking for gcc
configure:2643: result: /home/bigdata/Documents/logicalBug/windranger/windranger/fuzz/afl-clang-fast
configure:2872: checking for C compiler version
configure:2881: /home/bigdata/Documents/logicalBug/windranger/windranger/fuzz/afl-clang-fast --version >&5
clang version 12.0.0
Target: x86_64-unknown-linux-gnu
Thread model: posix
InstalledDir: /home/bigdata/Documents/logicalBug/SVF-2.5/llvm-12.0.0/bin
configure:2892: $? = 0
configure:2881: /home/bigdata/Documents/logicalBug/windranger/windranger/fuzz/afl-clang-fast -v >&5
clang version 12.0.0
Target: x86_64-unknown-linux-gnu
Thread model: posix
InstalledDir: /home/bigdata/Documents/logicalBug/SVF-2.5/llvm-12.0.0/bin
Found candidate GCC installation: /usr/lib/gcc/x86_64-linux-gnu/9
Selected GCC installation: /usr/lib/gcc/x86_64-linux-gnu/9
Candidate multilib: .;@m64
Selected multilib: .;@m64
 "/usr/bin/ld" -z relro --hash-style=gnu --eh-frame-hdr -m elf_x86_64 -dynamic-linker /lib64/ld-linux-x86-64.so.2 -o a.out /usr/lib/gcc/x86_64-linux-gnu/9/../../../x86_64-linux-gnu/crt1.o /usr/lib/gcc/x86_64-linux-gnu/9/../../../x86_64-linux-gnu/crti.o /usr/lib/gcc/x86_64-linux-gnu/9/crtbegin.o -L/usr/lib/gcc/x86_64-linux-gnu/9 -L/usr/lib/gcc/x86_64-linux-gnu/9/../../../x86_64-linux-gnu -L/usr/lib/gcc/x86_64-linux-gnu/9/../../../../lib64 -L/lib/x86_64-linux-gnu -L/lib/../lib64 -L/usr/lib/x86_64-linux-gnu -L/usr/lib/../lib64 -L/usr/lib/x86_64-linux-gnu/../../lib64 -L/usr/lib/gcc/x86_64-linux-gnu/9/../../.. -L/home/bigdata/Documents/logicalBug/SVF-2.5/llvm-12.0.0/bin/../lib -L/lib -L/usr/lib /home/bigdata/Documents/logicalBug/windranger/windranger/fuzz/afl-llvm-rt.o -lgcc --as-needed -lgcc_s --no-as-needed -lc -lgcc --as-needed -lgcc_s --no-as-needed /usr/lib/gcc/x86_64-linux-gnu/9/crtend.o /usr/lib/gcc/x86_64-linux-gnu/9/../../../x86_64-linux-gnu/crtn.o
/usr/bin/ld: /usr/lib/gcc/x86_64-linux-gnu/9/../../../x86_64-linux-gnu/crt1.o: in function `_start':
... rest of stderr output deleted ...
configure:2892: $? = 1
configure:2881: /home/bigdata/Documents/logicalBug/windranger/windranger/fuzz/afl-clang-fast -V >&5
clang-12: error: unsupported option '-V -g'
configure:2892: $? = 1
configure:2881: /home/bigdata/Documents/logicalBug/windranger/windranger/fuzz/afl-clang-fast -qversion >&5
clang-12: error: unknown argument '-qversion'; did you mean '--version'?
configure:2892: $? = 1
configure:2912: checking whether the C compiler works
configure:2934: /home/bigdata/Documents/logicalBug/windranger/windranger/fuzz/afl-clang-fast -DSQLITE_ENABLE_FTS3 -DSQLITE_ENABLE_FTS4 -DSQLITE_ENABLE_RTREE   conftest.c  >&5
configure:2938: $? = 0
configure:2986: result: yes
configure:2989: checking for C compiler default output file name
configure:2991: result: a.out
configure:2997: checking for suffix of executables
configure:3004: /home/bigdata/Documents/logicalBug/windranger/windranger/fuzz/afl-clang-fast -o conftest -DSQLITE_ENABLE_FTS3 -DSQLITE_ENABLE_FTS4 -DSQLITE_ENABLE_RTREE   conftest.c  >&5
configure:3008: $? = 0
configure:3030: result: 
configure:3052: checking whether we are cross compiling
configure:3060: /home/bigdata/Documents/logicalBug/windranger/windranger/fuzz/afl-clang-fast -o conftest -DSQLITE_ENABLE_FTS3 -DSQLITE_ENABLE_FTS4 -DSQLITE_ENABLE_RTREE   conftest.c  >&5
configure:3064: $? = 0
configure:3071: ./conftest
configure:3075: $? = 0
configure:3063: result: no
configure:3068: checking for suffix of object files
configure:3090: /home/bigdata/Documents/logicalBug/windranger/windranger/fuzz/afl-clang-fast -c -DSQLITE_ENABLE_FTS3 -DSQLITE_ENABLE_FTS4 -DSQLITE_ENABLE_RTREE  conftest.c >&5
configure:3094: $? = 0
configure:3115: result: o
configure:3119: checking whether we are using the GNU C compiler
configure:3138: /home/bigdata/Documents/logicalBug/windranger/windranger/fuzz/afl-clang-fast -c -DSQLITE_ENABLE_FTS3 -DSQLITE_ENABLE_FTS4 -DSQLITE_ENABLE_RTREE  conftest.c >&5
configure:3138: $? = 0
configure:3147: result: yes
configure:3156: checking whether /home/bigdata/Documents/logicalBug/windranger/windranger/fuzz/afl-clang-fast accepts -g
configure:3176: /home/bigdata/Documents/logicalBug/windranger/windranger/fuzz/afl-clang-fast -c -g  conftest.c >&5
configure:3176: $? = 0
configure:3217: result: yes
configure:3234: checking for /home/bigdata/Documents/logicalBug/windranger/windranger/fuzz/afl-clang-fast option to accept ISO C89
configure:3297: /home/bigdata/Documents/logicalBug/windranger/windranger/fuzz/afl-clang-fast  -c -DSQLITE_ENABLE_FTS3 -DSQLITE_ENABLE_FTS4 -DSQLITE_ENABLE_RTREE  conftest.c >&5
configure:3297: $? = 0
configure:3310: result: none needed
configure:3330: checking for a sed that does not truncate output
configure:3394: result: /usr/bin/sed
configure:3412: checking for grep that handles long lines and -e
configure:3470: result: /usr/bin/grep
configure:3475: checking for egrep
configure:3537: result: /usr/bin/grep -E
configure:3542: checking for fgrep
configure:3604: result: /usr/bin/grep -F
configure:3639: checking for ld used by /home/bigdata/Documents/logicalBug/windranger/windranger/fuzz/afl-clang-fast
configure:3706: result: /usr/bin/ld
configure:3713: checking if the linker (/usr/bin/ld) is GNU ld
configure:3728: result: yes
configure:3740: checking for BSD- or MS-compatible name lister (nm)
configure:3789: result: /usr/bin/nm -B
configure:3907: checking the name lister (/usr/bin/nm -B) interface
configure:3945: /home/bigdata/Documents/logicalBug/windranger/windranger/fuzz/afl-clang-fast -c -DSQLITE_ENABLE_FTS3 -DSQLITE_ENABLE_FTS4 -DSQLITE_ENABLE_RTREE  conftest.c >&5
configure:3948: /usr/bin/nm -B "conftest.o"
configure:3951: output
0000000000000000 B some_variable
configure:3921: result: BSD nm
configure:3924: checking whether ln -s works
configure:3928: result: yes
configure:3936: checking the maximum length of command line arguments
configure:4056: result: 1572864
configure:4073: checking whether the shell understands some XSI constructs
configure:4082: result: yes
configure:4086: checking whether the shell understands "+="
configure:4090: result: yes
configure:4125: checking for /usr/bin/ld option to reload object files
configure:4132: result: -r
configure:4201: checking for objdump
configure:4217: found /usr/bin/objdump
configure:4228: result: objdump
configure:4260: checking how to recognize dependent libraries
configure:4456: result: pass_all
configure:4516: checking for ar
configure:4532: found /usr/bin/ar
configure:4543: result: ar
configure:4621: checking for strip
configure:4637: found /usr/bin/strip
configure:4648: result: strip
configure:4720: checking for ranlib
configure:4736: found /usr/bin/ranlib
configure:4747: result: ranlib
configure:4837: checking command to parse /usr/bin/nm -B output from /home/bigdata/Documents/logicalBug/windranger/windranger/fuzz/afl-clang-fast object
configure:4955: /home/bigdata/Documents/logicalBug/windranger/windranger/fuzz/afl-clang-fast -c -DSQLITE_ENABLE_FTS3 -DSQLITE_ENABLE_FTS4 -DSQLITE_ENABLE_RTREE  conftest.c >&5
configure:4958: $? = 0
configure:4962: /usr/bin/nm -B conftest.o \| sed -n -e 's/^.*[	 ]\([ABCDGIRSTW][ABCDGIRSTW]*\)[	 ][	 ]*\([_A-Za-z][_A-Za-z0-9]*\)$/\1 \2 \2/p' \> conftest.nm
configure:4965: $? = 0
configure:5019: /home/bigdata/Documents/logicalBug/windranger/windranger/fuzz/afl-clang-fast -o conftest -DSQLITE_ENABLE_FTS3 -DSQLITE_ENABLE_FTS4 -DSQLITE_ENABLE_RTREE   conftest.c conftstm.o >&5
configure:5022: $? = 0
configure:5060: result: ok
configure:5156: /home/bigdata/Documents/logicalBug/windranger/windranger/fuzz/afl-clang-fast -c -DSQLITE_ENABLE_FTS3 -DSQLITE_ENABLE_FTS4 -DSQLITE_ENABLE_RTREE  conftest.c >&5
configure:5159: $? = 0
configure:5869: checking how to run the C preprocessor
configure:5900: /home/bigdata/Documents/logicalBug/windranger/windranger/fuzz/afl-clang-fast -E  conftest.c
configure:5900: $? = 0
configure:5914: /home/bigdata/Documents/logicalBug/windranger/windranger/fuzz/afl-clang-fast -E  conftest.c
conftest.c:9:10: fatal error: 'ac_nonexistent.h' file not found
#include <ac_nonexistent.h>
         ^~~~~~~~~~~~~~~~~~
1 error generated.
configure:5914: $? = 1
configure: failed program was:
| /* confdefs.h */
| #define PACKAGE_NAME "sqlite"
| #define PACKAGE_TARNAME "sqlite"
| #define PACKAGE_VERSION "3.41.2"
| #define PACKAGE_STRING "sqlite 3.41.2"
| #define PACKAGE_BUGREPORT ""
| #define PACKAGE_URL ""
| /* end confdefs.h.  */
| #include <ac_nonexistent.h>
configure:5939: result: /home/bigdata/Documents/logicalBug/windranger/windranger/fuzz/afl-clang-fast -E
configure:5959: /home/bigdata/Documents/logicalBug/windranger/windranger/fuzz/afl-clang-fast -E  conftest.c
configure:5959: $? = 0
configure:5973: /home/bigdata/Documents/logicalBug/windranger/windranger/fuzz/afl-clang-fast -E  conftest.c
conftest.c:9:10: fatal error: 'ac_nonexistent.h' file not found
#include <ac_nonexistent.h>
         ^~~~~~~~~~~~~~~~~~
1 error generated.
configure:5973: $? = 1
configure: failed program was:
| /* confdefs.h */
| #define PACKAGE_NAME "sqlite"
| #define PACKAGE_TARNAME "sqlite"
| #define PACKAGE_VERSION "3.41.2"
| #define PACKAGE_STRING "sqlite 3.41.2"
| #define PACKAGE_BUGREPORT ""
| #define PACKAGE_URL ""
| /* end confdefs.h.  */
| #include <ac_nonexistent.h>
configure:6002: checking for ANSI C header files
configure:6022: /home/bigdata/Documents/logicalBug/windranger/windranger/fuzz/afl-clang-fast -c -DSQLITE_ENABLE_FTS3 -DSQLITE_ENABLE_FTS4 -DSQLITE_ENABLE_RTREE  conftest.c >&5
configure:6022: $? = 0
configure:6095: /home/bigdata/Documents/logicalBug/windranger/windranger/fuzz/afl-clang-fast -o conftest -DSQLITE_ENABLE_FTS3 -DSQLITE_ENABLE_FTS4 -DSQLITE_ENABLE_RTREE   conftest.c  >&5
configure:6095: $? = 0
configure:6095: ./conftest
configure:6095: $? = 0
configure:6106: result: yes
configure:6119: checking for sys/types.h
configure:6119: /home/bigdata/Documents/logicalBug/windranger/windranger/fuzz/afl-clang-fast -c -DSQLITE_ENABLE_FTS3 -DSQLITE_ENABLE_FTS4 -DSQLITE_ENABLE_RTREE  conftest.c >&5
configure:6119: $? = 0
configure:6119: result: yes
configure:6119: checking for sys/stat.h
configure:6119: /home/bigdata/Documents/logicalBug/windranger/windranger/fuzz/afl-clang-fast -c -DSQLITE_ENABLE_FTS3 -DSQLITE_ENABLE_FTS4 -DSQLITE_ENABLE_RTREE  conftest.c >&5
configure:6119: $? = 0
configure:6119: result: yes
configure:6119: checking for stdlib.h
configure:6119: /home/bigdata/Documents/logicalBug/windranger/windranger/fuzz/afl-clang-fast -c -DSQLITE_ENABLE_FTS3 -DSQLITE_ENABLE_FTS4 -DSQLITE_ENABLE_RTREE  conftest.c >&5
configure:6119: $? = 0
configure:6119: result: yes
configure:6119: checking for string.h
configure:6119: /home/bigdata/Documents/logicalBug/windranger/windranger/fuzz/afl-clang-fast -c -DSQLITE_ENABLE_FTS3 -DSQLITE_ENABLE_FTS4 -DSQLITE_ENABLE_RTREE  conftest.c >&5
configure:6119: $? = 0
configure:6119: result: yes
configure:6119: checking for memory.h
configure:6119: /home/bigdata/Documents/logicalBug/windranger/windranger/fuzz/afl-clang-fast -c -DSQLITE_ENABLE_FTS3 -DSQLITE_ENABLE_FTS4 -DSQLITE_ENABLE_RTREE  conftest.c >&5
configure:6119: $? = 0
configure:6119: result: yes
configure:6119: checking for strings.h
configure:6119: /home/bigdata/Documents/logicalBug/windranger/windranger/fuzz/afl-clang-fast -c -DSQLITE_ENABLE_FTS3 -DSQLITE_ENABLE_FTS4 -DSQLITE_ENABLE_RTREE  conftest.c >&5
configure:6119: $? = 0
configure:6119: result: yes
configure:6119: checking for inttypes.h
configure:6119: /home/bigdata/Documents/logicalBug/windranger/windranger/fuzz/afl-clang-fast -c -DSQLITE_ENABLE_FTS3 -DSQLITE_ENABLE_FTS4 -DSQLITE_ENABLE_RTREE  conftest.c >&5
configure:6119: $? = 0
configure:6119: result: yes
configure:6119: checking for stdint.h
configure:6119: /home/bigdata/Documents/logicalBug/windranger/windranger/fuzz/afl-clang-fast -c -DSQLITE_ENABLE_FTS3 -DSQLITE_ENABLE_FTS4 -DSQLITE_ENABLE_RTREE  conftest.c >&5
configure:6119: $? = 0
configure:6119: result: yes
configure:6119: checking for unistd.h
configure:6119: /home/bigdata/Documents/logicalBug/windranger/windranger/fuzz/afl-clang-fast -c -DSQLITE_ENABLE_FTS3 -DSQLITE_ENABLE_FTS4 -DSQLITE_ENABLE_RTREE  conftest.c >&5
configure:6119: $? = 0
configure:6119: result: yes
configure:6133: checking for dlfcn.h
configure:6133: /home/bigdata/Documents/logicalBug/windranger/windranger/fuzz/afl-clang-fast -c -DSQLITE_ENABLE_FTS3 -DSQLITE_ENABLE_FTS4 -DSQLITE_ENABLE_RTREE  conftest.c >&5
configure:6133: $? = 0
configure:6133: result: yes
configure:6317: checking for objdir
configure:6332: result: .libs
configure:6624: checking if /home/bigdata/Documents/logicalBug/windranger/windranger/fuzz/afl-clang-fast supports -fno-rtti -fno-exceptions
configure:6682: /home/bigdata/Documents/logicalBug/windranger/windranger/fuzz/afl-clang-fast -c -DSQLITE_ENABLE_FTS3 -DSQLITE_ENABLE_FTS4 -DSQLITE_ENABLE_RTREE  -fno-rtti -fno-exceptions conftest.c >&5
configure:6686: $? = 0
configure:6659: result: yes
configure:6679: checking for /home/bigdata/Documents/logicalBug/windranger/windranger/fuzz/afl-clang-fast option to produce PIC
configure:6951: result: -fPIC -DPIC
configure:6963: checking if /home/bigdata/Documents/logicalBug/windranger/windranger/fuzz/afl-clang-fast PIC flag -fPIC -DPIC works
configure:7021: /home/bigdata/Documents/logicalBug/windranger/windranger/fuzz/afl-clang-fast -c -DSQLITE_ENABLE_FTS3 -DSQLITE_ENABLE_FTS4 -DSQLITE_ENABLE_RTREE  -fPIC -DPIC -DPIC conftest.c >&5
configure:7025: $? = 0
configure:6998: result: yes
configure:7022: checking if /home/bigdata/Documents/logicalBug/windranger/windranger/fuzz/afl-clang-fast static flag -static works
configure:7050: result: yes
configure:7065: checking if /home/bigdata/Documents/logicalBug/windranger/windranger/fuzz/afl-clang-fast supports -c -o file.o
configure:7126: /home/bigdata/Documents/logicalBug/windranger/windranger/fuzz/afl-clang-fast -c -DSQLITE_ENABLE_FTS3 -DSQLITE_ENABLE_FTS4 -DSQLITE_ENABLE_RTREE  -o out/conftest2.o conftest.c >&5
configure:7130: $? = 0
configure:7112: result: yes
configure:7120: checking if /home/bigdata/Documents/logicalBug/windranger/windranger/fuzz/afl-clang-fast supports -c -o file.o
configure:7167: result: yes
configure:7200: checking whether the /home/bigdata/Documents/logicalBug/windranger/windranger/fuzz/afl-clang-fast linker (/usr/bin/ld -m elf_x86_64) supports shared libraries
configure:8186: result: yes
configure:8223: checking whether -lc should be explicitly linked in
configure:8228: /home/bigdata/Documents/logicalBug/windranger/windranger/fuzz/afl-clang-fast -c -DSQLITE_ENABLE_FTS3 -DSQLITE_ENABLE_FTS4 -DSQLITE_ENABLE_RTREE  conftest.c >&5
configure:8231: $? = 0
configure:8246: /home/bigdata/Documents/logicalBug/windranger/windranger/fuzz/afl-clang-fast -shared conftest.o  -v -Wl,-soname -Wl,conftest -o conftest 2\>\&1 \| /usr/bin/grep  -lc  \>/dev/null 2\>\&1
configure:8249: $? = 0
configure:8261: result: no
configure:8425: checking dynamic linker characteristics
configure:8871: /home/bigdata/Documents/logicalBug/windranger/windranger/fuzz/afl-clang-fast -o conftest -DSQLITE_ENABLE_FTS3 -DSQLITE_ENABLE_FTS4 -DSQLITE_ENABLE_RTREE   -Wl,-rpath -Wl,/foo conftest.c  >&5
configure:8871: $? = 0
configure:9089: result: GNU/Linux ld.so
configure:9191: checking how to hardcode library paths into programs
configure:9216: result: immediate
configure:9736: checking whether stripping libraries is possible
configure:9741: result: yes
configure:9776: checking if libtool supports shared libraries
configure:9778: result: yes
configure:9781: checking whether to build shared libraries
configure:9802: result: yes
configure:9805: checking whether to build static libraries
configure:9809: result: yes
configure:7130: checking for a BSD-compatible install
configure:7198: result: /usr/bin/install -c
configure:7220: checking for special C compiler options needed for large files
configure:7265: result: no
configure:7271: checking for _FILE_OFFSET_BITS value needed for large files
configure:7296: /home/bigdata/Documents/logicalBug/windranger/windranger/fuzz/afl-clang-fast -c -DSQLITE_ENABLE_FTS3 -DSQLITE_ENABLE_FTS4 -DSQLITE_ENABLE_RTREE  conftest.c >&5
configure:7296: $? = 0
configure:7328: result: no
configure:7416: checking for int8_t
configure:7416: /home/bigdata/Documents/logicalBug/windranger/windranger/fuzz/afl-clang-fast -c -DSQLITE_ENABLE_FTS3 -DSQLITE_ENABLE_FTS4 -DSQLITE_ENABLE_RTREE  conftest.c >&5
configure:7416: $? = 0
configure:7416: /home/bigdata/Documents/logicalBug/windranger/windranger/fuzz/afl-clang-fast -c -DSQLITE_ENABLE_FTS3 -DSQLITE_ENABLE_FTS4 -DSQLITE_ENABLE_RTREE  conftest.c >&5
conftest.c:57:21: error: expected expression
if (sizeof ((int8_t)))
                    ^
1 error generated.
configure:7416: $? = 1
configure: failed program was:
| /* confdefs.h */
| #define PACKAGE_NAME "sqlite"
| #define PACKAGE_TARNAME "sqlite"
| #define PACKAGE_VERSION "3.41.2"
| #define PACKAGE_STRING "sqlite 3.41.2"
| #define PACKAGE_BUGREPORT ""
| #define PACKAGE_URL ""
| #define STDC_HEADERS 1
| #define HAVE_SYS_TYPES_H 1
| #define HAVE_SYS_STAT_H 1
| #define HAVE_STDLIB_H 1
| #define HAVE_STRING_H 1
| #define HAVE_MEMORY_H 1
| #define HAVE_STRINGS_H 1
| #define HAVE_INTTYPES_H 1
| #define HAVE_STDINT_H 1
| #define HAVE_UNISTD_H 1
| #define HAVE_DLFCN_H 1
| #define LT_OBJDIR ".libs/"
| /* end confdefs.h.  */
| #include <stdio.h>
| #ifdef HAVE_SYS_TYPES_H
| # include <sys/types.h>
| #endif
| #ifdef HAVE_SYS_STAT_H
| # include <sys/stat.h>
| #endif
| #ifdef STDC_HEADERS
| # include <stdlib.h>
| # include <stddef.h>
| #else
| # ifdef HAVE_STDLIB_H
| #  include <stdlib.h>
| # endif
| #endif
| #ifdef HAVE_STRING_H
| # if !defined STDC_HEADERS && defined HAVE_MEMORY_H
| #  include <memory.h>
| # endif
| # include <string.h>
| #endif
| #ifdef HAVE_STRINGS_H
| # include <strings.h>
| #endif
| #ifdef HAVE_INTTYPES_H
| # include <inttypes.h>
| #endif
| #ifdef HAVE_STDINT_H
| # include <stdint.h>
| #endif
| #ifdef HAVE_UNISTD_H
| # include <unistd.h>
| #endif
| int
| main ()
| {
| if (sizeof ((int8_t)))
| 	    return 0;
|   ;
|   return 0;
| }
configure:7416: result: yes
configure:7425: checking for int16_t
configure:7425: /home/bigdata/Documents/logicalBug/windranger/windranger/fuzz/afl-clang-fast -c -DSQLITE_ENABLE_FTS3 -DSQLITE_ENABLE_FTS4 -DSQLITE_ENABLE_RTREE  conftest.c >&5
configure:7425: $? = 0
configure:7425: /home/bigdata/Documents/logicalBug/windranger/windranger/fuzz/afl-clang-fast -c -DSQLITE_ENABLE_FTS3 -DSQLITE_ENABLE_FTS4 -DSQLITE_ENABLE_RTREE  conftest.c >&5
conftest.c:58:22: error: expected expression
if (sizeof ((int16_t)))
                     ^
1 error generated.
configure:7425: $? = 1
configure: failed program was:
| /* confdefs.h */
| #define PACKAGE_NAME "sqlite"
| #define PACKAGE_TARNAME "sqlite"
| #define PACKAGE_VERSION "3.41.2"
| #define PACKAGE_STRING "sqlite 3.41.2"
| #define PACKAGE_BUGREPORT ""
| #define PACKAGE_URL ""
| #define STDC_HEADERS 1
| #define HAVE_SYS_TYPES_H 1
| #define HAVE_SYS_STAT_H 1
| #define HAVE_STDLIB_H 1
| #define HAVE_STRING_H 1
| #define HAVE_MEMORY_H 1
| #define HAVE_STRINGS_H 1
| #define HAVE_INTTYPES_H 1
| #define HAVE_STDINT_H 1
| #define HAVE_UNISTD_H 1
| #define HAVE_DLFCN_H 1
| #define LT_OBJDIR ".libs/"
| #define HAVE_INT8_T 1
| /* end confdefs.h.  */
| #include <stdio.h>
| #ifdef HAVE_SYS_TYPES_H
| # include <sys/types.h>
| #endif
| #ifdef HAVE_SYS_STAT_H
| # include <sys/stat.h>
| #endif
| #ifdef STDC_HEADERS
| # include <stdlib.h>
| # include <stddef.h>
| #else
| # ifdef HAVE_STDLIB_H
| #  include <stdlib.h>
| # endif
| #endif
| #ifdef HAVE_STRING_H
| # if !defined STDC_HEADERS && defined HAVE_MEMORY_H
| #  include <memory.h>
| # endif
| # include <string.h>
| #endif
| #ifdef HAVE_STRINGS_H
| # include <strings.h>
| #endif
| #ifdef HAVE_INTTYPES_H
| # include <inttypes.h>
| #endif
| #ifdef HAVE_STDINT_H
| # include <stdint.h>
| #endif
| #ifdef HAVE_UNISTD_H
| # include <unistd.h>
| #endif
| int
| main ()
| {
| if (sizeof ((int16_t)))
| 	    return 0;
|   ;
|   return 0;
| }
configure:7425: result: yes
configure:7434: checking for int32_t
configure:7434: /home/bigdata/Documents/logicalBug/windranger/windranger/fuzz/afl-clang-fast -c -DSQLITE_ENABLE_FTS3 -DSQLITE_ENABLE_FTS4 -DSQLITE_ENABLE_RTREE  conftest.c >&5
configure:7434: $? = 0
configure:7434: /home/bigdata/Documents/logicalBug/windranger/windranger/fuzz/afl-clang-fast -c -DSQLITE_ENABLE_FTS3 -DSQLITE_ENABLE_FTS4 -DSQLITE_ENABLE_RTREE  conftest.c >&5
conftest.c:59:22: error: expected expression
if (sizeof ((int32_t)))
                     ^
1 error generated.
configure:7434: $? = 1
configure: failed program was:
| /* confdefs.h */
| #define PACKAGE_NAME "sqlite"
| #define PACKAGE_TARNAME "sqlite"
| #define PACKAGE_VERSION "3.41.2"
| #define PACKAGE_STRING "sqlite 3.41.2"
| #define PACKAGE_BUGREPORT ""
| #define PACKAGE_URL ""
| #define STDC_HEADERS 1
| #define HAVE_SYS_TYPES_H 1
| #define HAVE_SYS_STAT_H 1
| #define HAVE_STDLIB_H 1
| #define HAVE_STRING_H 1
| #define HAVE_MEMORY_H 1
| #define HAVE_STRINGS_H 1
| #define HAVE_INTTYPES_H 1
| #define HAVE_STDINT_H 1
| #define HAVE_UNISTD_H 1
| #define HAVE_DLFCN_H 1
| #define LT_OBJDIR ".libs/"
| #define HAVE_INT8_T 1
| #define HAVE_INT16_T 1
| /* end confdefs.h.  */
| #include <stdio.h>
| #ifdef HAVE_SYS_TYPES_H
| # include <sys/types.h>
| #endif
| #ifdef HAVE_SYS_STAT_H
| # include <sys/stat.h>
| #endif
| #ifdef STDC_HEADERS
| # include <stdlib.h>
| # include <stddef.h>
| #else
| # ifdef HAVE_STDLIB_H
| #  include <stdlib.h>
| # endif
| #endif
| #ifdef HAVE_STRING_H
| # if !defined STDC_HEADERS && defined HAVE_MEMORY_H
| #  include <memory.h>
| # endif
| # include <string.h>
| #endif
| #ifdef HAVE_STRINGS_H
| # include <strings.h>
| #endif
| #ifdef HAVE_INTTYPES_H
| # include <inttypes.h>
| #endif
| #ifdef HAVE_STDINT_H
| # include <stdint.h>
| #endif
| #ifdef HAVE_UNISTD_H
| # include <unistd.h>
| #endif
| int
| main ()
| {
| if (sizeof ((int32_t)))
| 	    return 0;
|   ;
|   return 0;
| }
configure:7434: result: yes
configure:7443: checking for int64_t
configure:7443: /home/bigdata/Documents/logicalBug/windranger/windranger/fuzz/afl-clang-fast -c -DSQLITE_ENABLE_FTS3 -DSQLITE_ENABLE_FTS4 -DSQLITE_ENABLE_RTREE  conftest.c >&5
configure:7443: $? = 0
configure:7443: /home/bigdata/Documents/logicalBug/windranger/windranger/fuzz/afl-clang-fast -c -DSQLITE_ENABLE_FTS3 -DSQLITE_ENABLE_FTS4 -DSQLITE_ENABLE_RTREE  conftest.c >&5
conftest.c:60:22: error: expected expression
if (sizeof ((int64_t)))
                     ^
1 error generated.
configure:7443: $? = 1
configure: failed program was:
| /* confdefs.h */
| #define PACKAGE_NAME "sqlite"
| #define PACKAGE_TARNAME "sqlite"
| #define PACKAGE_VERSION "3.41.2"
| #define PACKAGE_STRING "sqlite 3.41.2"
| #define PACKAGE_BUGREPORT ""
| #define PACKAGE_URL ""
| #define STDC_HEADERS 1
| #define HAVE_SYS_TYPES_H 1
| #define HAVE_SYS_STAT_H 1
| #define HAVE_STDLIB_H 1
| #define HAVE_STRING_H 1
| #define HAVE_MEMORY_H 1
| #define HAVE_STRINGS_H 1
| #define HAVE_INTTYPES_H 1
| #define HAVE_STDINT_H 1
| #define HAVE_UNISTD_H 1
| #define HAVE_DLFCN_H 1
| #define LT_OBJDIR ".libs/"
| #define HAVE_INT8_T 1
| #define HAVE_INT16_T 1
| #define HAVE_INT32_T 1
| /* end confdefs.h.  */
| #include <stdio.h>
| #ifdef HAVE_SYS_TYPES_H
| # include <sys/types.h>
| #endif
| #ifdef HAVE_SYS_STAT_H
| # include <sys/stat.h>
| #endif
| #ifdef STDC_HEADERS
| # include <stdlib.h>
| # include <stddef.h>
| #else
| # ifdef HAVE_STDLIB_H
| #  include <stdlib.h>
| # endif
| #endif
| #ifdef HAVE_STRING_H
| # if !defined STDC_HEADERS && defined HAVE_MEMORY_H
| #  include <memory.h>
| # endif
| # include <string.h>
| #endif
| #ifdef HAVE_STRINGS_H
| # include <strings.h>
| #endif
| #ifdef HAVE_INTTYPES_H
| # include <inttypes.h>
| #endif
| #ifdef HAVE_STDINT_H
| # include <stdint.h>
| #endif
| #ifdef HAVE_UNISTD_H
| # include <unistd.h>
| #endif
| int
| main ()
| {
| if (sizeof ((int64_t)))
| 	    return 0;
|   ;
|   return 0;
| }
configure:7443: result: yes
configure:7452: checking for intptr_t
configure:7452: /home/bigdata/Documents/logicalBug/windranger/windranger/fuzz/afl-clang-fast -c -DSQLITE_ENABLE_FTS3 -DSQLITE_ENABLE_FTS4 -DSQLITE_ENABLE_RTREE  conftest.c >&5
configure:7452: $? = 0
configure:7452: /home/bigdata/Documents/logicalBug/windranger/windranger/fuzz/afl-clang-fast -c -DSQLITE_ENABLE_FTS3 -DSQLITE_ENABLE_FTS4 -DSQLITE_ENABLE_RTREE  conftest.c >&5
conftest.c:61:23: error: expected expression
if (sizeof ((intptr_t)))
                      ^
1 error generated.
configure:7452: $? = 1
configure: failed program was:
| /* confdefs.h */
| #define PACKAGE_NAME "sqlite"
| #define PACKAGE_TARNAME "sqlite"
| #define PACKAGE_VERSION "3.41.2"
| #define PACKAGE_STRING "sqlite 3.41.2"
| #define PACKAGE_BUGREPORT ""
| #define PACKAGE_URL ""
| #define STDC_HEADERS 1
| #define HAVE_SYS_TYPES_H 1
| #define HAVE_SYS_STAT_H 1
| #define HAVE_STDLIB_H 1
| #define HAVE_STRING_H 1
| #define HAVE_MEMORY_H 1
| #define HAVE_STRINGS_H 1
| #define HAVE_INTTYPES_H 1
| #define HAVE_STDINT_H 1
| #define HAVE_UNISTD_H 1
| #define HAVE_DLFCN_H 1
| #define LT_OBJDIR ".libs/"
| #define HAVE_INT8_T 1
| #define HAVE_INT16_T 1
| #define HAVE_INT32_T 1
| #define HAVE_INT64_T 1
| /* end confdefs.h.  */
| #include <stdio.h>
| #ifdef HAVE_SYS_TYPES_H
| # include <sys/types.h>
| #endif
| #ifdef HAVE_SYS_STAT_H
| # include <sys/stat.h>
| #endif
| #ifdef STDC_HEADERS
| # include <stdlib.h>
| # include <stddef.h>
| #else
| # ifdef HAVE_STDLIB_H
| #  include <stdlib.h>
| # endif
| #endif
| #ifdef HAVE_STRING_H
| # if !defined STDC_HEADERS && defined HAVE_MEMORY_H
| #  include <memory.h>
| # endif
| # include <string.h>
| #endif
| #ifdef HAVE_STRINGS_H
| # include <strings.h>
| #endif
| #ifdef HAVE_INTTYPES_H
| # include <inttypes.h>
| #endif
| #ifdef HAVE_STDINT_H
| # include <stdint.h>
| #endif
| #ifdef HAVE_UNISTD_H
| # include <unistd.h>
| #endif
| int
| main ()
| {
| if (sizeof ((intptr_t)))
| 	    return 0;
|   ;
|   return 0;
| }
configure:7452: result: yes
configure:7461: checking for uint8_t
configure:7461: /home/bigdata/Documents/logicalBug/windranger/windranger/fuzz/afl-clang-fast -c -DSQLITE_ENABLE_FTS3 -DSQLITE_ENABLE_FTS4 -DSQLITE_ENABLE_RTREE  conftest.c >&5
configure:7461: $? = 0
configure:7461: /home/bigdata/Documents/logicalBug/windranger/windranger/fuzz/afl-clang-fast -c -DSQLITE_ENABLE_FTS3 -DSQLITE_ENABLE_FTS4 -DSQLITE_ENABLE_RTREE  conftest.c >&5
conftest.c:62:22: error: expected expression
if (sizeof ((uint8_t)))
                     ^
1 error generated.
configure:7461: $? = 1
configure: failed program was:
| /* confdefs.h */
| #define PACKAGE_NAME "sqlite"
| #define PACKAGE_TARNAME "sqlite"
| #define PACKAGE_VERSION "3.41.2"
| #define PACKAGE_STRING "sqlite 3.41.2"
| #define PACKAGE_BUGREPORT ""
| #define PACKAGE_URL ""
| #define STDC_HEADERS 1
| #define HAVE_SYS_TYPES_H 1
| #define HAVE_SYS_STAT_H 1
| #define HAVE_STDLIB_H 1
| #define HAVE_STRING_H 1
| #define HAVE_MEMORY_H 1
| #define HAVE_STRINGS_H 1
| #define HAVE_INTTYPES_H 1
| #define HAVE_STDINT_H 1
| #define HAVE_UNISTD_H 1
| #define HAVE_DLFCN_H 1
| #define LT_OBJDIR ".libs/"
| #define HAVE_INT8_T 1
| #define HAVE_INT16_T 1
| #define HAVE_INT32_T 1
| #define HAVE_INT64_T 1
| #define HAVE_INTPTR_T 1
| /* end confdefs.h.  */
| #include <stdio.h>
| #ifdef HAVE_SYS_TYPES_H
| # include <sys/types.h>
| #endif
| #ifdef HAVE_SYS_STAT_H
| # include <sys/stat.h>
| #endif
| #ifdef STDC_HEADERS
| # include <stdlib.h>
| # include <stddef.h>
| #else
| # ifdef HAVE_STDLIB_H
| #  include <stdlib.h>
| # endif
| #endif
| #ifdef HAVE_STRING_H
| # if !defined STDC_HEADERS && defined HAVE_MEMORY_H
| #  include <memory.h>
| # endif
| # include <string.h>
| #endif
| #ifdef HAVE_STRINGS_H
| # include <strings.h>
| #endif
| #ifdef HAVE_INTTYPES_H
| # include <inttypes.h>
| #endif
| #ifdef HAVE_STDINT_H
| # include <stdint.h>
| #endif
| #ifdef HAVE_UNISTD_H
| # include <unistd.h>
| #endif
| int
| main ()
| {
| if (sizeof ((uint8_t)))
| 	    return 0;
|   ;
|   return 0;
| }
configure:7461: result: yes
configure:7470: checking for uint16_t
configure:7470: /home/bigdata/Documents/logicalBug/windranger/windranger/fuzz/afl-clang-fast -c -DSQLITE_ENABLE_FTS3 -DSQLITE_ENABLE_FTS4 -DSQLITE_ENABLE_RTREE  conftest.c >&5
configure:7470: $? = 0
configure:7470: /home/bigdata/Documents/logicalBug/windranger/windranger/fuzz/afl-clang-fast -c -DSQLITE_ENABLE_FTS3 -DSQLITE_ENABLE_FTS4 -DSQLITE_ENABLE_RTREE  conftest.c >&5
conftest.c:63:23: error: expected expression
if (sizeof ((uint16_t)))
                      ^
1 error generated.
configure:7470: $? = 1
configure: failed program was:
| /* confdefs.h */
| #define PACKAGE_NAME "sqlite"
| #define PACKAGE_TARNAME "sqlite"
| #define PACKAGE_VERSION "3.41.2"
| #define PACKAGE_STRING "sqlite 3.41.2"
| #define PACKAGE_BUGREPORT ""
| #define PACKAGE_URL ""
| #define STDC_HEADERS 1
| #define HAVE_SYS_TYPES_H 1
| #define HAVE_SYS_STAT_H 1
| #define HAVE_STDLIB_H 1
| #define HAVE_STRING_H 1
| #define HAVE_MEMORY_H 1
| #define HAVE_STRINGS_H 1
| #define HAVE_INTTYPES_H 1
| #define HAVE_STDINT_H 1
| #define HAVE_UNISTD_H 1
| #define HAVE_DLFCN_H 1
| #define LT_OBJDIR ".libs/"
| #define HAVE_INT8_T 1
| #define HAVE_INT16_T 1
| #define HAVE_INT32_T 1
| #define HAVE_INT64_T 1
| #define HAVE_INTPTR_T 1
| #define HAVE_UINT8_T 1
| /* end confdefs.h.  */
| #include <stdio.h>
| #ifdef HAVE_SYS_TYPES_H
| # include <sys/types.h>
| #endif
| #ifdef HAVE_SYS_STAT_H
| # include <sys/stat.h>
| #endif
| #ifdef STDC_HEADERS
| # include <stdlib.h>
| # include <stddef.h>
| #else
| # ifdef HAVE_STDLIB_H
| #  include <stdlib.h>
| # endif
| #endif
| #ifdef HAVE_STRING_H
| # if !defined STDC_HEADERS && defined HAVE_MEMORY_H
| #  include <memory.h>
| # endif
| # include <string.h>
| #endif
| #ifdef HAVE_STRINGS_H
| # include <strings.h>
| #endif
| #ifdef HAVE_INTTYPES_H
| # include <inttypes.h>
| #endif
| #ifdef HAVE_STDINT_H
| # include <stdint.h>
| #endif
| #ifdef HAVE_UNISTD_H
| # include <unistd.h>
| #endif
| int
| main ()
| {
| if (sizeof ((uint16_t)))
| 	    return 0;
|   ;
|   return 0;
| }
configure:7470: result: yes
configure:7479: checking for uint32_t
configure:7479: /home/bigdata/Documents/logicalBug/windranger/windranger/fuzz/afl-clang-fast -c -DSQLITE_ENABLE_FTS3 -DSQLITE_ENABLE_FTS4 -DSQLITE_ENABLE_RTREE  conftest.c >&5
configure:7479: $? = 0
configure:7479: /home/bigdata/Documents/logicalBug/windranger/windranger/fuzz/afl-clang-fast -c -DSQLITE_ENABLE_FTS3 -DSQLITE_ENABLE_FTS4 -DSQLITE_ENABLE_RTREE  conftest.c >&5
conftest.c:64:23: error: expected expression
if (sizeof ((uint32_t)))
                      ^
1 error generated.
configure:7479: $? = 1
configure: failed program was:
| /* confdefs.h */
| #define PACKAGE_NAME "sqlite"
| #define PACKAGE_TARNAME "sqlite"
| #define PACKAGE_VERSION "3.41.2"
| #define PACKAGE_STRING "sqlite 3.41.2"
| #define PACKAGE_BUGREPORT ""
| #define PACKAGE_URL ""
| #define STDC_HEADERS 1
| #define HAVE_SYS_TYPES_H 1
| #define HAVE_SYS_STAT_H 1
| #define HAVE_STDLIB_H 1
| #define HAVE_STRING_H 1
| #define HAVE_MEMORY_H 1
| #define HAVE_STRINGS_H 1
| #define HAVE_INTTYPES_H 1
| #define HAVE_STDINT_H 1
| #define HAVE_UNISTD_H 1
| #define HAVE_DLFCN_H 1
| #define LT_OBJDIR ".libs/"
| #define HAVE_INT8_T 1
| #define HAVE_INT16_T 1
| #define HAVE_INT32_T 1
| #define HAVE_INT64_T 1
| #define HAVE_INTPTR_T 1
| #define HAVE_UINT8_T 1
| #define HAVE_UINT16_T 1
| /* end confdefs.h.  */
| #include <stdio.h>
| #ifdef HAVE_SYS_TYPES_H
| # include <sys/types.h>
| #endif
| #ifdef HAVE_SYS_STAT_H
| # include <sys/stat.h>
| #endif
| #ifdef STDC_HEADERS
| # include <stdlib.h>
| # include <stddef.h>
| #else
| # ifdef HAVE_STDLIB_H
| #  include <stdlib.h>
| # endif
| #endif
| #ifdef HAVE_STRING_H
| # if !defined STDC_HEADERS && defined HAVE_MEMORY_H
| #  include <memory.h>
| # endif
| # include <string.h>
| #endif
| #ifdef HAVE_STRINGS_H
| # include <strings.h>
| #endif
| #ifdef HAVE_INTTYPES_H
| # include <inttypes.h>
| #endif
| #ifdef HAVE_STDINT_H
| # include <stdint.h>
| #endif
| #ifdef HAVE_UNISTD_H
| # include <unistd.h>
| #endif
| int
| main ()
| {
| if (sizeof ((uint32_t)))
| 	    return 0;
|   ;
|   return 0;
| }
configure:7479: result: yes
configure:7488: checking for uint64_t
configure:7488: /home/bigdata/Documents/logicalBug/windranger/windranger/fuzz/afl-clang-fast -c -DSQLITE_ENABLE_FTS3 -DSQLITE_ENABLE_FTS4 -DSQLITE_ENABLE_RTREE  conftest.c >&5
configure:7488: $? = 0
configure:7488: /home/bigdata/Documents/logicalBug/windranger/windranger/fuzz/afl-clang-fast -c -DSQLITE_ENABLE_FTS3 -DSQLITE_ENABLE_FTS4 -DSQLITE_ENABLE_RTREE  conftest.c >&5
conftest.c:65:23: error: expected expression
if (sizeof ((uint64_t)))
                      ^
1 error generated.
configure:7488: $? = 1
configure: failed program was:
| /* confdefs.h */
| #define PACKAGE_NAME "sqlite"
| #define PACKAGE_TARNAME "sqlite"
| #define PACKAGE_VERSION "3.41.2"
| #define PACKAGE_STRING "sqlite 3.41.2"
| #define PACKAGE_BUGREPORT ""
| #define PACKAGE_URL ""
| #define STDC_HEADERS 1
| #define HAVE_SYS_TYPES_H 1
| #define HAVE_SYS_STAT_H 1
| #define HAVE_STDLIB_H 1
| #define HAVE_STRING_H 1
| #define HAVE_MEMORY_H 1
| #define HAVE_STRINGS_H 1
| #define HAVE_INTTYPES_H 1
| #define HAVE_STDINT_H 1
| #define HAVE_UNISTD_H 1
| #define HAVE_DLFCN_H 1
| #define LT_OBJDIR ".libs/"
| #define HAVE_INT8_T 1
| #define HAVE_INT16_T 1
| #define HAVE_INT32_T 1
| #define HAVE_INT64_T 1
| #define HAVE_INTPTR_T 1
| #define HAVE_UINT8_T 1
| #define HAVE_UINT16_T 1
| #define HAVE_UINT32_T 1
| /* end confdefs.h.  */
| #include <stdio.h>
| #ifdef HAVE_SYS_TYPES_H
| # include <sys/types.h>
| #endif
| #ifdef HAVE_SYS_STAT_H
| # include <sys/stat.h>
| #endif
| #ifdef STDC_HEADERS
| # include <stdlib.h>
| # include <stddef.h>
| #else
| # ifdef HAVE_STDLIB_H
| #  include <stdlib.h>
| # endif
| #endif
| #ifdef HAVE_STRING_H
| # if !defined STDC_HEADERS && defined HAVE_MEMORY_H
| #  include <memory.h>
| # endif
| # include <string.h>
| #endif
| #ifdef HAVE_STRINGS_H
| # include <strings.h>
| #endif
| #ifdef HAVE_INTTYPES_H
| # include <inttypes.h>
| #endif
| #ifdef HAVE_STDINT_H
| # include <stdint.h>
| #endif
| #ifdef HAVE_UNISTD_H
| # include <unistd.h>
| #endif
| int
| main ()
| {
| if (sizeof ((uint64_t)))
| 	    return 0;
|   ;
|   return 0;
| }
configure:7488: result: yes
configure:7497: checking for uintptr_t
configure:7497: /home/bigdata/Documents/logicalBug/windranger/windranger/fuzz/afl-clang-fast -c -DSQLITE_ENABLE_FTS3 -DSQLITE_ENABLE_FTS4 -DSQLITE_ENABLE_RTREE  conftest.c >&5
configure:7497: $? = 0
configure:7497: /home/bigdata/Documents/logicalBug/windranger/windranger/fuzz/afl-clang-fast -c -DSQLITE_ENABLE_FTS3 -DSQLITE_ENABLE_FTS4 -DSQLITE_ENABLE_RTREE  conftest.c >&5
conftest.c:66:24: error: expected expression
if (sizeof ((uintptr_t)))
                       ^
1 error generated.
configure:7497: $? = 1
configure: failed program was:
| /* confdefs.h */
| #define PACKAGE_NAME "sqlite"
| #define PACKAGE_TARNAME "sqlite"
| #define PACKAGE_VERSION "3.41.2"
| #define PACKAGE_STRING "sqlite 3.41.2"
| #define PACKAGE_BUGREPORT ""
| #define PACKAGE_URL ""
| #define STDC_HEADERS 1
| #define HAVE_SYS_TYPES_H 1
| #define HAVE_SYS_STAT_H 1
| #define HAVE_STDLIB_H 1
| #define HAVE_STRING_H 1
| #define HAVE_MEMORY_H 1
| #define HAVE_STRINGS_H 1
| #define HAVE_INTTYPES_H 1
| #define HAVE_STDINT_H 1
| #define HAVE_UNISTD_H 1
| #define HAVE_DLFCN_H 1
| #define LT_OBJDIR ".libs/"
| #define HAVE_INT8_T 1
| #define HAVE_INT16_T 1
| #define HAVE_INT32_T 1
| #define HAVE_INT64_T 1
| #define HAVE_INTPTR_T 1
| #define HAVE_UINT8_T 1
| #define HAVE_UINT16_T 1
| #define HAVE_UINT32_T 1
| #define HAVE_UINT64_T 1
| /* end confdefs.h.  */
| #include <stdio.h>
| #ifdef HAVE_SYS_TYPES_H
| # include <sys/types.h>
| #endif
| #ifdef HAVE_SYS_STAT_H
| # include <sys/stat.h>
| #endif
| #ifdef STDC_HEADERS
| # include <stdlib.h>
| # include <stddef.h>
| #else
| # ifdef HAVE_STDLIB_H
| #  include <stdlib.h>
| # endif
| #endif
| #ifdef HAVE_STRING_H
| # if !defined STDC_HEADERS && defined HAVE_MEMORY_H
| #  include <memory.h>
| # endif
| # include <string.h>
| #endif
| #ifdef HAVE_STRINGS_H
| # include <strings.h>
| #endif
| #ifdef HAVE_INTTYPES_H
| # include <inttypes.h>
| #endif
| #ifdef HAVE_STDINT_H
| # include <stdint.h>
| #endif
| #ifdef HAVE_UNISTD_H
| # include <unistd.h>
| #endif
| int
| main ()
| {
| if (sizeof ((uintptr_t)))
| 	    return 0;
|   ;
|   return 0;
| }
configure:7497: result: yes
configure:7513: checking for sys/types.h
configure:7513: result: yes
configure:7513: checking for stdlib.h
configure:7513: result: yes
configure:7513: checking for stdint.h
configure:7513: result: yes
configure:7513: checking for inttypes.h
configure:7513: result: yes
configure:7513: checking malloc.h usability
configure:7513: /home/bigdata/Documents/logicalBug/windranger/windranger/fuzz/afl-clang-fast -c -DSQLITE_ENABLE_FTS3 -DSQLITE_ENABLE_FTS4 -DSQLITE_ENABLE_RTREE  conftest.c >&5
configure:7513: $? = 0
configure:7513: result: yes
configure:7513: checking malloc.h presence
configure:7513: /home/bigdata/Documents/logicalBug/windranger/windranger/fuzz/afl-clang-fast -E  conftest.c
configure:7513: $? = 0
configure:7513: result: yes
configure:7513: checking for malloc.h
configure:7513: result: yes
configure:7530: checking for fdatasync
configure:7530: /home/bigdata/Documents/logicalBug/windranger/windranger/fuzz/afl-clang-fast -o conftest -DSQLITE_ENABLE_FTS3 -DSQLITE_ENABLE_FTS4 -DSQLITE_ENABLE_RTREE   conftest.c  >&5
configure:7530: $? = 0
configure:7530: result: yes
configure:7530: checking for gmtime_r
configure:7530: /home/bigdata/Documents/logicalBug/windranger/windranger/fuzz/afl-clang-fast -o conftest -DSQLITE_ENABLE_FTS3 -DSQLITE_ENABLE_FTS4 -DSQLITE_ENABLE_RTREE   conftest.c  >&5
configure:7530: $? = 0
configure:7530: result: yes
configure:7530: checking for isnan
configure:7530: /home/bigdata/Documents/logicalBug/windranger/windranger/fuzz/afl-clang-fast -o conftest -DSQLITE_ENABLE_FTS3 -DSQLITE_ENABLE_FTS4 -DSQLITE_ENABLE_RTREE   conftest.c  >&5
configure:7530: $? = 0
configure:7530: result: yes
configure:7530: checking for localtime_r
configure:7530: /home/bigdata/Documents/logicalBug/windranger/windranger/fuzz/afl-clang-fast -o conftest -DSQLITE_ENABLE_FTS3 -DSQLITE_ENABLE_FTS4 -DSQLITE_ENABLE_RTREE   conftest.c  >&5
configure:7530: $? = 0
configure:7530: result: yes
configure:7530: checking for localtime_s
configure:7530: /home/bigdata/Documents/logicalBug/windranger/windranger/fuzz/afl-clang-fast -o conftest -DSQLITE_ENABLE_FTS3 -DSQLITE_ENABLE_FTS4 -DSQLITE_ENABLE_RTREE   conftest.c  >&5
/usr/bin/ld: /tmp/conftest-4947df.o: in function `main':
/home/bigdata/Documents/logicalBug/windranger/windranger/sqlite_instrument/sqlite-src-3410200/build/conftest.c:74: undefined reference to `localtime_s'
clang-12: error: linker command failed with exit code 1 (use -v to see invocation)
configure:7530: $? = 1
configure: failed program was:
| /* confdefs.h */
| #define PACKAGE_NAME "sqlite"
| #define PACKAGE_TARNAME "sqlite"
| #define PACKAGE_VERSION "3.41.2"
| #define PACKAGE_STRING "sqlite 3.41.2"
| #define PACKAGE_BUGREPORT ""
| #define PACKAGE_URL ""
| #define STDC_HEADERS 1
| #define HAVE_SYS_TYPES_H 1
| #define HAVE_SYS_STAT_H 1
| #define HAVE_STDLIB_H 1
| #define HAVE_STRING_H 1
| #define HAVE_MEMORY_H 1
| #define HAVE_STRINGS_H 1
| #define HAVE_INTTYPES_H 1
| #define HAVE_STDINT_H 1
| #define HAVE_UNISTD_H 1
| #define HAVE_DLFCN_H 1
| #define LT_OBJDIR ".libs/"
| #define HAVE_INT8_T 1
| #define HAVE_INT16_T 1
| #define HAVE_INT32_T 1
| #define HAVE_INT64_T 1
| #define HAVE_INTPTR_T 1
| #define HAVE_UINT8_T 1
| #define HAVE_UINT16_T 1
| #define HAVE_UINT32_T 1
| #define HAVE_UINT64_T 1
| #define HAVE_UINTPTR_T 1
| #define HAVE_SYS_TYPES_H 1
| #define HAVE_STDLIB_H 1
| #define HAVE_STDINT_H 1
| #define HAVE_INTTYPES_H 1
| #define HAVE_MALLOC_H 1
| #define HAVE_FDATASYNC 1
| #define HAVE_GMTIME_R 1
| #define HAVE_ISNAN 1
| #define HAVE_LOCALTIME_R 1
| /* end confdefs.h.  */
| /* Define localtime_s to an innocuous variant, in case <limits.h> declares localtime_s.
|    For example, HP-UX 11i <limits.h> declares gettimeofday.  */
| #define localtime_s innocuous_localtime_s
| 
| /* System header to define __stub macros and hopefully few prototypes,
|     which can conflict with char localtime_s (); below.
|     Prefer <limits.h> to <assert.h> if __STDC__ is defined, since
|     <limits.h> exists even on freestanding compilers.  */
| 
| #ifdef __STDC__
| # include <limits.h>
| #else
| # include <assert.h>
| #endif
| 
| #undef localtime_s
| 
| /* Override any GCC internal prototype to avoid an error.
|    Use char because int might match the return type of a GCC
|    builtin and then its argument prototype would still apply.  */
| #ifdef __cplusplus
| extern "C"
| #endif
| char localtime_s ();
| /* The GNU C library defines this for functions which it implements
|     to always fail with ENOSYS.  Some functions are actually named
|     something starting with __ and the normal name is an alias.  */
| #if defined __stub_localtime_s || defined __stub___localtime_s
| choke me
| #endif
| 
| int
| main ()
| {
| return localtime_s ();
|   ;
|   return 0;
| }
configure:7530: result: no
configure:7530: checking for malloc_usable_size
configure:7530: /home/bigdata/Documents/logicalBug/windranger/windranger/fuzz/afl-clang-fast -o conftest -DSQLITE_ENABLE_FTS3 -DSQLITE_ENABLE_FTS4 -DSQLITE_ENABLE_RTREE   conftest.c  >&5
configure:7530: $? = 0
configure:7530: result: yes
configure:7530: checking for strchrnul
configure:7530: /home/bigdata/Documents/logicalBug/windranger/windranger/fuzz/afl-clang-fast -o conftest -DSQLITE_ENABLE_FTS3 -DSQLITE_ENABLE_FTS4 -DSQLITE_ENABLE_RTREE   conftest.c  >&5
configure:7530: $? = 0
configure:7530: result: yes
configure:7530: checking for usleep
configure:7530: /home/bigdata/Documents/logicalBug/windranger/windranger/fuzz/afl-clang-fast -o conftest -DSQLITE_ENABLE_FTS3 -DSQLITE_ENABLE_FTS4 -DSQLITE_ENABLE_RTREE   conftest.c  >&5
configure:7530: $? = 0
configure:7530: result: yes
configure:7530: checking for utime
configure:7530: /home/bigdata/Documents/logicalBug/windranger/windranger/fuzz/afl-clang-fast -o conftest -DSQLITE_ENABLE_FTS3 -DSQLITE_ENABLE_FTS4 -DSQLITE_ENABLE_RTREE   conftest.c  >&5
configure:7530: $? = 0
configure:7530: result: yes
configure:7530: checking for pread
configure:7530: /home/bigdata/Documents/logicalBug/windranger/windranger/fuzz/afl-clang-fast -o conftest -DSQLITE_ENABLE_FTS3 -DSQLITE_ENABLE_FTS4 -DSQLITE_ENABLE_RTREE   conftest.c  >&5
configure:7530: $? = 0
configure:7530: result: yes
configure:7530: checking for pread64
configure:7530: /home/bigdata/Documents/logicalBug/windranger/windranger/fuzz/afl-clang-fast -o conftest -DSQLITE_ENABLE_FTS3 -DSQLITE_ENABLE_FTS4 -DSQLITE_ENABLE_RTREE   conftest.c  >&5
configure:7530: $? = 0
configure:7530: result: yes
configure:7530: checking for pwrite
configure:7530: /home/bigdata/Documents/logicalBug/windranger/windranger/fuzz/afl-clang-fast -o conftest -DSQLITE_ENABLE_FTS3 -DSQLITE_ENABLE_FTS4 -DSQLITE_ENABLE_RTREE   conftest.c  >&5
configure:7530: $? = 0
configure:7530: result: yes
configure:7530: checking for pwrite64
configure:7530: /home/bigdata/Documents/logicalBug/windranger/windranger/fuzz/afl-clang-fast -o conftest -DSQLITE_ENABLE_FTS3 -DSQLITE_ENABLE_FTS4 -DSQLITE_ENABLE_RTREE   conftest.c  >&5
configure:7530: $? = 0
configure:7530: result: yes
configure:7554: checking for tclsh8.7
configure:7584: result: no
configure:7554: checking for tclsh8.6
configure:7570: found /root/anaconda3/bin/tclsh8.6
configure:7581: result: tclsh8.6
configure:7624: Version set to 3.41
configure:7628: Release set to 3.41.2
configure:7643: checking for WASI SDK directory
configure:7665: result: no
configure:7760: checking whether to support threadsafe operation
configure:7768: result: yes
configure:7774: checking for library containing pthread_create
configure:7805: /home/bigdata/Documents/logicalBug/windranger/windranger/fuzz/afl-clang-fast -o conftest -DSQLITE_ENABLE_FTS3 -DSQLITE_ENABLE_FTS4 -DSQLITE_ENABLE_RTREE   conftest.c  >&5
/usr/bin/ld: /tmp/conftest-71dcfe.o: in function `main':
/home/bigdata/Documents/logicalBug/windranger/windranger/sqlite_instrument/sqlite-src-3410200/build/conftest.c:59: undefined reference to `pthread_create'
clang-12: error: linker command failed with exit code 1 (use -v to see invocation)
configure:7805: $? = 1
configure: failed program was:
| /* confdefs.h */
| #define PACKAGE_NAME "sqlite"
| #define PACKAGE_TARNAME "sqlite"
| #define PACKAGE_VERSION "3.41.2"
| #define PACKAGE_STRING "sqlite 3.41.2"
| #define PACKAGE_BUGREPORT ""
| #define PACKAGE_URL ""
| #define STDC_HEADERS 1
| #define HAVE_SYS_TYPES_H 1
| #define HAVE_SYS_STAT_H 1
| #define HAVE_STDLIB_H 1
| #define HAVE_STRING_H 1
| #define HAVE_MEMORY_H 1
| #define HAVE_STRINGS_H 1
| #define HAVE_INTTYPES_H 1
| #define HAVE_STDINT_H 1
| #define HAVE_UNISTD_H 1
| #define HAVE_DLFCN_H 1
| #define LT_OBJDIR ".libs/"
| #define HAVE_INT8_T 1
| #define HAVE_INT16_T 1
| #define HAVE_INT32_T 1
| #define HAVE_INT64_T 1
| #define HAVE_INTPTR_T 1
| #define HAVE_UINT8_T 1
| #define HAVE_UINT16_T 1
| #define HAVE_UINT32_T 1
| #define HAVE_UINT64_T 1
| #define HAVE_UINTPTR_T 1
| #define HAVE_SYS_TYPES_H 1
| #define HAVE_STDLIB_H 1
| #define HAVE_STDINT_H 1
| #define HAVE_INTTYPES_H 1
| #define HAVE_MALLOC_H 1
| #define HAVE_FDATASYNC 1
| #define HAVE_GMTIME_R 1
| #define HAVE_ISNAN 1
| #define HAVE_LOCALTIME_R 1
| #define HAVE_MALLOC_USABLE_SIZE 1
| #define HAVE_STRCHRNUL 1
| #define HAVE_USLEEP 1
| #define HAVE_UTIME 1
| #define HAVE_PREAD 1
| #define HAVE_PREAD64 1
| #define HAVE_PWRITE 1
| #define HAVE_PWRITE64 1
| /* end confdefs.h.  */
| 
| /* Override any GCC internal prototype to avoid an error.
|    Use char because int might match the return type of a GCC
|    builtin and then its argument prototype would still apply.  */
| #ifdef __cplusplus
| extern "C"
| #endif
| char pthread_create ();
| int
| main ()
| {
| return pthread_create ();
|   ;
|   return 0;
| }
configure:7805: /home/bigdata/Documents/logicalBug/windranger/windranger/fuzz/afl-clang-fast -o conftest -DSQLITE_ENABLE_FTS3 -DSQLITE_ENABLE_FTS4 -DSQLITE_ENABLE_RTREE   conftest.c -lpthread   >&5
configure:7805: $? = 0
configure:7822: result: -lpthread
configure:7830: checking for library containing pthread_mutexattr_init
configure:7861: /home/bigdata/Documents/logicalBug/windranger/windranger/fuzz/afl-clang-fast -o conftest -DSQLITE_ENABLE_FTS3 -DSQLITE_ENABLE_FTS4 -DSQLITE_ENABLE_RTREE   conftest.c -lpthread  >&5
configure:7861: $? = 0
configure:7878: result: none required
configure:7898: checking whether to support shared library linked as release mode or not
configure:7902: result: no
configure:7921: checking whether to use an in-ram database for temporary tables
configure:7931: result: no
configure:7958: checking if executables have the .exe suffix
configure:7965: result: unknown
configure:8023: checking for Tcl configuration
configure:8145: result: found /root/anaconda3/lib/tclConfig.sh
configure:8148: checking for existence of /root/anaconda3/lib/tclConfig.sh
configure:8151: result: loading
configure:8235: checking for library containing readline
configure:8266: /home/bigdata/Documents/logicalBug/windranger/windranger/fuzz/afl-clang-fast -o conftest -DSQLITE_ENABLE_FTS3 -DSQLITE_ENABLE_FTS4 -DSQLITE_ENABLE_RTREE -DSQLITE_OS_UNIX=1   conftest.c  >&5
/usr/bin/ld: /tmp/conftest-23597b.o: in function `main':
/home/bigdata/Documents/logicalBug/windranger/windranger/sqlite_instrument/sqlite-src-3410200/build/conftest.c:59: undefined reference to `readline'
clang-12: error: linker command failed with exit code 1 (use -v to see invocation)
configure:8266: $? = 1
configure: failed program was:
| /* confdefs.h */
| #define PACKAGE_NAME "sqlite"
| #define PACKAGE_TARNAME "sqlite"
| #define PACKAGE_VERSION "3.41.2"
| #define PACKAGE_STRING "sqlite 3.41.2"
| #define PACKAGE_BUGREPORT ""
| #define PACKAGE_URL ""
| #define STDC_HEADERS 1
| #define HAVE_SYS_TYPES_H 1
| #define HAVE_SYS_STAT_H 1
| #define HAVE_STDLIB_H 1
| #define HAVE_STRING_H 1
| #define HAVE_MEMORY_H 1
| #define HAVE_STRINGS_H 1
| #define HAVE_INTTYPES_H 1
| #define HAVE_STDINT_H 1
| #define HAVE_UNISTD_H 1
| #define HAVE_DLFCN_H 1
| #define LT_OBJDIR ".libs/"
| #define HAVE_INT8_T 1
| #define HAVE_INT16_T 1
| #define HAVE_INT32_T 1
| #define HAVE_INT64_T 1
| #define HAVE_INTPTR_T 1
| #define HAVE_UINT8_T 1
| #define HAVE_UINT16_T 1
| #define HAVE_UINT32_T 1
| #define HAVE_UINT64_T 1
| #define HAVE_UINTPTR_T 1
| #define HAVE_SYS_TYPES_H 1
| #define HAVE_STDLIB_H 1
| #define HAVE_STDINT_H 1
| #define HAVE_INTTYPES_H 1
| #define HAVE_MALLOC_H 1
| #define HAVE_FDATASYNC 1
| #define HAVE_GMTIME_R 1
| #define HAVE_ISNAN 1
| #define HAVE_LOCALTIME_R 1
| #define HAVE_MALLOC_USABLE_SIZE 1
| #define HAVE_STRCHRNUL 1
| #define HAVE_USLEEP 1
| #define HAVE_UTIME 1
| #define HAVE_PREAD 1
| #define HAVE_PREAD64 1
| #define HAVE_PWRITE 1
| #define HAVE_PWRITE64 1
| /* end confdefs.h.  */
| 
| /* Override any GCC internal prototype to avoid an error.
|    Use char because int might match the return type of a GCC
|    builtin and then its argument prototype would still apply.  */
| #ifdef __cplusplus
| extern "C"
| #endif
| char readline ();
| int
| main ()
| {
| return readline ();
|   ;
|   return 0;
| }
configure:8266: /home/bigdata/Documents/logicalBug/windranger/windranger/fuzz/afl-clang-fast -o conftest -DSQLITE_ENABLE_FTS3 -DSQLITE_ENABLE_FTS4 -DSQLITE_ENABLE_RTREE -DSQLITE_OS_UNIX=1   conftest.c -ledit   >&5
/usr/bin/ld: cannot find -ledit
clang-12: error: linker command failed with exit code 1 (use -v to see invocation)
configure:8266: $? = 1
configure: failed program was:
| /* confdefs.h */
| #define PACKAGE_NAME "sqlite"
| #define PACKAGE_TARNAME "sqlite"
| #define PACKAGE_VERSION "3.41.2"
| #define PACKAGE_STRING "sqlite 3.41.2"
| #define PACKAGE_BUGREPORT ""
| #define PACKAGE_URL ""
| #define STDC_HEADERS 1
| #define HAVE_SYS_TYPES_H 1
| #define HAVE_SYS_STAT_H 1
| #define HAVE_STDLIB_H 1
| #define HAVE_STRING_H 1
| #define HAVE_MEMORY_H 1
| #define HAVE_STRINGS_H 1
| #define HAVE_INTTYPES_H 1
| #define HAVE_STDINT_H 1
| #define HAVE_UNISTD_H 1
| #define HAVE_DLFCN_H 1
| #define LT_OBJDIR ".libs/"
| #define HAVE_INT8_T 1
| #define HAVE_INT16_T 1
| #define HAVE_INT32_T 1
| #define HAVE_INT64_T 1
| #define HAVE_INTPTR_T 1
| #define HAVE_UINT8_T 1
| #define HAVE_UINT16_T 1
| #define HAVE_UINT32_T 1
| #define HAVE_UINT64_T 1
| #define HAVE_UINTPTR_T 1
| #define HAVE_SYS_TYPES_H 1
| #define HAVE_STDLIB_H 1
| #define HAVE_STDINT_H 1
| #define HAVE_INTTYPES_H 1
| #define HAVE_MALLOC_H 1
| #define HAVE_FDATASYNC 1
| #define HAVE_GMTIME_R 1
| #define HAVE_ISNAN 1
| #define HAVE_LOCALTIME_R 1
| #define HAVE_MALLOC_USABLE_SIZE 1
| #define HAVE_STRCHRNUL 1
| #define HAVE_USLEEP 1
| #define HAVE_UTIME 1
| #define HAVE_PREAD 1
| #define HAVE_PREAD64 1
| #define HAVE_PWRITE 1
| #define HAVE_PWRITE64 1
| /* end confdefs.h.  */
| 
| /* Override any GCC internal prototype to avoid an error.
|    Use char because int might match the return type of a GCC
|    builtin and then its argument prototype would still apply.  */
| #ifdef __cplusplus
| extern "C"
| #endif
| char readline ();
| int
| main ()
| {
| return readline ();
|   ;
|   return 0;
| }
configure:8283: result: no
configure:8489: checking for library containing fdatasync
configure:8520: /home/bigdata/Documents/logicalBug/windranger/windranger/fuzz/afl-clang-fast -o conftest -DSQLITE_ENABLE_FTS3 -DSQLITE_ENABLE_FTS4 -DSQLITE_ENABLE_RTREE -DSQLITE_OS_UNIX=1   conftest.c -lpthread  >&5
configure:8520: $? = 0
configure:8537: result: none required
configure:8553: checking build type
configure:8561: result: release
configure:8583: checking zlib.h usability
configure:8583: /home/bigdata/Documents/logicalBug/windranger/windranger/fuzz/afl-clang-fast -c -DSQLITE_ENABLE_FTS3 -DSQLITE_ENABLE_FTS4 -DSQLITE_ENABLE_RTREE -DSQLITE_OS_UNIX=1  conftest.c >&5
configure:8583: $? = 0
configure:8583: result: yes
configure:8583: checking zlib.h presence
configure:8583: /home/bigdata/Documents/logicalBug/windranger/windranger/fuzz/afl-clang-fast -E  conftest.c
configure:8583: $? = 0
configure:8583: result: yes
configure:8583: checking for zlib.h
configure:8583: result: yes
configure:8593: checking for library containing deflate
configure:8624: /home/bigdata/Documents/logicalBug/windranger/windranger/fuzz/afl-clang-fast -o conftest -DSQLITE_ENABLE_FTS3 -DSQLITE_ENABLE_FTS4 -DSQLITE_ENABLE_RTREE -DSQLITE_OS_UNIX=1   conftest.c -lpthread  >&5
/usr/bin/ld: /tmp/conftest-50eb1c.o: in function `main':
/home/bigdata/Documents/logicalBug/windranger/windranger/sqlite_instrument/sqlite-src-3410200/build/conftest.c:60: undefined reference to `deflate'
clang-12: error: linker command failed with exit code 1 (use -v to see invocation)
configure:8624: $? = 1
configure: failed program was:
| /* confdefs.h */
| #define PACKAGE_NAME "sqlite"
| #define PACKAGE_TARNAME "sqlite"
| #define PACKAGE_VERSION "3.41.2"
| #define PACKAGE_STRING "sqlite 3.41.2"
| #define PACKAGE_BUGREPORT ""
| #define PACKAGE_URL ""
| #define STDC_HEADERS 1
| #define HAVE_SYS_TYPES_H 1
| #define HAVE_SYS_STAT_H 1
| #define HAVE_STDLIB_H 1
| #define HAVE_STRING_H 1
| #define HAVE_MEMORY_H 1
| #define HAVE_STRINGS_H 1
| #define HAVE_INTTYPES_H 1
| #define HAVE_STDINT_H 1
| #define HAVE_UNISTD_H 1
| #define HAVE_DLFCN_H 1
| #define LT_OBJDIR ".libs/"
| #define HAVE_INT8_T 1
| #define HAVE_INT16_T 1
| #define HAVE_INT32_T 1
| #define HAVE_INT64_T 1
| #define HAVE_INTPTR_T 1
| #define HAVE_UINT8_T 1
| #define HAVE_UINT16_T 1
| #define HAVE_UINT32_T 1
| #define HAVE_UINT64_T 1
| #define HAVE_UINTPTR_T 1
| #define HAVE_SYS_TYPES_H 1
| #define HAVE_STDLIB_H 1
| #define HAVE_STDINT_H 1
| #define HAVE_INTTYPES_H 1
| #define HAVE_MALLOC_H 1
| #define HAVE_FDATASYNC 1
| #define HAVE_GMTIME_R 1
| #define HAVE_ISNAN 1
| #define HAVE_LOCALTIME_R 1
| #define HAVE_MALLOC_USABLE_SIZE 1
| #define HAVE_STRCHRNUL 1
| #define HAVE_USLEEP 1
| #define HAVE_UTIME 1
| #define HAVE_PREAD 1
| #define HAVE_PREAD64 1
| #define HAVE_PWRITE 1
| #define HAVE_PWRITE64 1
| #define HAVE_ZLIB_H 1
| /* end confdefs.h.  */
| 
| /* Override any GCC internal prototype to avoid an error.
|    Use char because int might match the return type of a GCC
|    builtin and then its argument prototype would still apply.  */
| #ifdef __cplusplus
| extern "C"
| #endif
| char deflate ();
| int
| main ()
| {
| return deflate ();
|   ;
|   return 0;
| }
configure:8624: /home/bigdata/Documents/logicalBug/windranger/windranger/fuzz/afl-clang-fast -o conftest -DSQLITE_ENABLE_FTS3 -DSQLITE_ENABLE_FTS4 -DSQLITE_ENABLE_RTREE -DSQLITE_OS_UNIX=1   conftest.c -lz  -lpthread  >&5
configure:8624: $? = 0
configure:8641: result: -lz
configure:8664: checking for library containing dlopen
configure:8695: /home/bigdata/Documents/logicalBug/windranger/windranger/fuzz/afl-clang-fast -o conftest -DSQLITE_ENABLE_FTS3 -DSQLITE_ENABLE_FTS4 -DSQLITE_ENABLE_RTREE -DSQLITE_OS_UNIX=1   conftest.c -lz -lpthread  >&5
/usr/bin/ld: /tmp/conftest-0fd6bb.o: in function `main':
/home/bigdata/Documents/logicalBug/windranger/windranger/sqlite_instrument/sqlite-src-3410200/build/conftest.c:60: undefined reference to `dlopen'
clang-12: error: linker command failed with exit code 1 (use -v to see invocation)
configure:8695: $? = 1
configure: failed program was:
| /* confdefs.h */
| #define PACKAGE_NAME "sqlite"
| #define PACKAGE_TARNAME "sqlite"
| #define PACKAGE_VERSION "3.41.2"
| #define PACKAGE_STRING "sqlite 3.41.2"
| #define PACKAGE_BUGREPORT ""
| #define PACKAGE_URL ""
| #define STDC_HEADERS 1
| #define HAVE_SYS_TYPES_H 1
| #define HAVE_SYS_STAT_H 1
| #define HAVE_STDLIB_H 1
| #define HAVE_STRING_H 1
| #define HAVE_MEMORY_H 1
| #define HAVE_STRINGS_H 1
| #define HAVE_INTTYPES_H 1
| #define HAVE_STDINT_H 1
| #define HAVE_UNISTD_H 1
| #define HAVE_DLFCN_H 1
| #define LT_OBJDIR ".libs/"
| #define HAVE_INT8_T 1
| #define HAVE_INT16_T 1
| #define HAVE_INT32_T 1
| #define HAVE_INT64_T 1
| #define HAVE_INTPTR_T 1
| #define HAVE_UINT8_T 1
| #define HAVE_UINT16_T 1
| #define HAVE_UINT32_T 1
| #define HAVE_UINT64_T 1
| #define HAVE_UINTPTR_T 1
| #define HAVE_SYS_TYPES_H 1
| #define HAVE_STDLIB_H 1
| #define HAVE_STDINT_H 1
| #define HAVE_INTTYPES_H 1
| #define HAVE_MALLOC_H 1
| #define HAVE_FDATASYNC 1
| #define HAVE_GMTIME_R 1
| #define HAVE_ISNAN 1
| #define HAVE_LOCALTIME_R 1
| #define HAVE_MALLOC_USABLE_SIZE 1
| #define HAVE_STRCHRNUL 1
| #define HAVE_USLEEP 1
| #define HAVE_UTIME 1
| #define HAVE_PREAD 1
| #define HAVE_PREAD64 1
| #define HAVE_PWRITE 1
| #define HAVE_PWRITE64 1
| #define HAVE_ZLIB_H 1
| /* end confdefs.h.  */
| 
| /* Override any GCC internal prototype to avoid an error.
|    Use char because int might match the return type of a GCC
|    builtin and then its argument prototype would still apply.  */
| #ifdef __cplusplus
| extern "C"
| #endif
| char dlopen ();
| int
| main ()
| {
| return dlopen ();
|   ;
|   return 0;
| }
configure:8695: /home/bigdata/Documents/logicalBug/windranger/windranger/fuzz/afl-clang-fast -o conftest -DSQLITE_ENABLE_FTS3 -DSQLITE_ENABLE_FTS4 -DSQLITE_ENABLE_RTREE -DSQLITE_OS_UNIX=1   conftest.c -ldl  -lz -lpthread  >&5
configure:8695: $? = 0
configure:8712: result: -ldl
configure:8732: checking whether to support math functions
configure:8738: result: yes
configure:8741: checking for library containing ceil
configure:8772: /home/bigdata/Documents/logicalBug/windranger/windranger/fuzz/afl-clang-fast -o conftest -DSQLITE_ENABLE_FTS3 -DSQLITE_ENABLE_FTS4 -DSQLITE_ENABLE_RTREE -DSQLITE_OS_UNIX=1   conftest.c -ldl -lz -lpthread  >&5
conftest.c:56:6: warning: incompatible redeclaration of library function 'ceil' [-Wincompatible-library-redeclaration]
char ceil ();
     ^
conftest.c:56:6: note: 'ceil' is a builtin with type 'double (double)'
1 warning generated.
/usr/bin/ld: /tmp/conftest-c1cf3d.o: in function `main':
/home/bigdata/Documents/logicalBug/windranger/windranger/sqlite_instrument/sqlite-src-3410200/build/conftest.c:60: undefined reference to `ceil'
clang-12: error: linker command failed with exit code 1 (use -v to see invocation)
configure:8772: $? = 1
configure: failed program was:
| /* confdefs.h */
| #define PACKAGE_NAME "sqlite"
| #define PACKAGE_TARNAME "sqlite"
| #define PACKAGE_VERSION "3.41.2"
| #define PACKAGE_STRING "sqlite 3.41.2"
| #define PACKAGE_BUGREPORT ""
| #define PACKAGE_URL ""
| #define STDC_HEADERS 1
| #define HAVE_SYS_TYPES_H 1
| #define HAVE_SYS_STAT_H 1
| #define HAVE_STDLIB_H 1
| #define HAVE_STRING_H 1
| #define HAVE_MEMORY_H 1
| #define HAVE_STRINGS_H 1
| #define HAVE_INTTYPES_H 1
| #define HAVE_STDINT_H 1
| #define HAVE_UNISTD_H 1
| #define HAVE_DLFCN_H 1
| #define LT_OBJDIR ".libs/"
| #define HAVE_INT8_T 1
| #define HAVE_INT16_T 1
| #define HAVE_INT32_T 1
| #define HAVE_INT64_T 1
| #define HAVE_INTPTR_T 1
| #define HAVE_UINT8_T 1
| #define HAVE_UINT16_T 1
| #define HAVE_UINT32_T 1
| #define HAVE_UINT64_T 1
| #define HAVE_UINTPTR_T 1
| #define HAVE_SYS_TYPES_H 1
| #define HAVE_STDLIB_H 1
| #define HAVE_STDINT_H 1
| #define HAVE_INTTYPES_H 1
| #define HAVE_MALLOC_H 1
| #define HAVE_FDATASYNC 1
| #define HAVE_GMTIME_R 1
| #define HAVE_ISNAN 1
| #define HAVE_LOCALTIME_R 1
| #define HAVE_MALLOC_USABLE_SIZE 1
| #define HAVE_STRCHRNUL 1
| #define HAVE_USLEEP 1
| #define HAVE_UTIME 1
| #define HAVE_PREAD 1
| #define HAVE_PREAD64 1
| #define HAVE_PWRITE 1
| #define HAVE_PWRITE64 1
| #define HAVE_ZLIB_H 1
| /* end confdefs.h.  */
| 
| /* Override any GCC internal prototype to avoid an error.
|    Use char because int might match the return type of a GCC
|    builtin and then its argument prototype would still apply.  */
| #ifdef __cplusplus
| extern "C"
| #endif
| char ceil ();
| int
| main ()
| {
| return ceil ();
|   ;
|   return 0;
| }
configure:8772: /home/bigdata/Documents/logicalBug/windranger/windranger/fuzz/afl-clang-fast -o conftest -DSQLITE_ENABLE_FTS3 -DSQLITE_ENABLE_FTS4 -DSQLITE_ENABLE_RTREE -DSQLITE_OS_UNIX=1   conftest.c -lm  -ldl -lz -lpthread  >&5
conftest.c:56:6: warning: incompatible redeclaration of library function 'ceil' [-Wincompatible-library-redeclaration]
char ceil ();
     ^
conftest.c:56:6: note: 'ceil' is a builtin with type 'double (double)'
1 warning generated.
configure:8772: $? = 0
configure:8789: result: -lm
configure:8807: checking whether to support JSON functions
configure:8814: result: yes
configure:8835: checking whether to support MEMSYS5
configure:8842: result: no
configure:8850: checking whether to support MEMSYS3
configure:8857: result: no
configure:8868: checking whether to support FTS3
configure:8875: result: no
configure:8883: checking whether to support FTS4
configure:8946: result: no
configure:8954: checking whether to support FTS5
configure:9017: result: no
configure:9029: checking whether to support LIMIT on UPDATE and DELETE statements
configure:9036: result: no
configure:9049: checking whether to support GEOPOLY
configure:9057: result: no
configure:9068: checking whether to support RTREE
configure:9075: result: no
configure:9086: checking whether to support SESSION
configure:9094: result: no
configure:9292: creating ./config.status

## ---------------------- ##
## Running config.status. ##
## ---------------------- ##

This file was extended by sqlite config.status 3.41.2, which was
generated by GNU Autoconf 2.69.  Invocation command line was

  CONFIG_FILES    = 
  CONFIG_HEADERS  = 
  CONFIG_LINKS    = 
  CONFIG_COMMANDS = 
  $ ./config.status 

on bigdata-virtual-machine

config.status:1085: creating Makefile
config.status:1085: creating sqlite3.pc
config.status:1085: creating sqlite_cfg.h
config.status:1259: executing libtool commands

## ---------------- ##
## Cache variables. ##
## ---------------- ##

ac_cv_build=x86_64-pc-linux-gnu
ac_cv_c_compiler_gnu=yes
ac_cv_c_tclconfig=/root/anaconda3/lib
ac_cv_env_CC_set=set
ac_cv_env_CC_value=/home/bigdata/Documents/logicalBug/windranger/windranger/fuzz/afl-clang-fast
ac_cv_env_CFLAGS_set=set
ac_cv_env_CFLAGS_value='-DSQLITE_ENABLE_FTS3 -DSQLITE_ENABLE_FTS4 -DSQLITE_ENABLE_RTREE'
ac_cv_env_CPPFLAGS_set=
ac_cv_env_CPPFLAGS_value=
ac_cv_env_CPP_set=
ac_cv_env_CPP_value=
ac_cv_env_LDFLAGS_set=
ac_cv_env_LDFLAGS_value=
ac_cv_env_LIBS_set=
ac_cv_env_LIBS_value=
ac_cv_env_TCLLIBDIR_set=
ac_cv_env_TCLLIBDIR_value=
ac_cv_env_build_alias_set=
ac_cv_env_build_alias_value=
ac_cv_env_host_alias_set=
ac_cv_env_host_alias_value=
ac_cv_env_target_alias_set=
ac_cv_env_target_alias_value=
ac_cv_func_fdatasync=yes
ac_cv_func_gmtime_r=yes
ac_cv_func_isnan=yes
ac_cv_func_localtime_r=yes
ac_cv_func_localtime_s=no
ac_cv_func_malloc_usable_size=yes
ac_cv_func_pread64=yes
ac_cv_func_pread=yes
ac_cv_func_pwrite64=yes
ac_cv_func_pwrite=yes
ac_cv_func_strchrnul=yes
ac_cv_func_usleep=yes
ac_cv_func_utime=yes
ac_cv_header_dlfcn_h=yes
ac_cv_header_inttypes_h=yes
ac_cv_header_malloc_h=yes
ac_cv_header_memory_h=yes
ac_cv_header_stdc=yes
ac_cv_header_stdint_h=yes
ac_cv_header_stdlib_h=yes
ac_cv_header_string_h=yes
ac_cv_header_strings_h=yes
ac_cv_header_sys_stat_h=yes
ac_cv_header_sys_types_h=yes
ac_cv_header_unistd_h=yes
ac_cv_header_zlib_h=yes
ac_cv_host=x86_64-pc-linux-gnu
ac_cv_objext=o
ac_cv_path_EGREP='/usr/bin/grep -E'
ac_cv_path_FGREP='/usr/bin/grep -F'
ac_cv_path_GREP=/usr/bin/grep
ac_cv_path_SED=/usr/bin/sed
ac_cv_path_install='/usr/bin/install -c'
ac_cv_prog_CPP='/home/bigdata/Documents/logicalBug/windranger/windranger/fuzz/afl-clang-fast -E'
ac_cv_prog_TCLSH_CMD=tclsh8.6
ac_cv_prog_ac_ct_AR=ar
ac_cv_prog_ac_ct_CC=/home/bigdata/Documents/logicalBug/windranger/windranger/fuzz/afl-clang-fast
ac_cv_prog_ac_ct_OBJDUMP=objdump
ac_cv_prog_ac_ct_RANLIB=ranlib
ac_cv_prog_ac_ct_STRIP=strip
ac_cv_prog_cc_c89=
ac_cv_prog_cc_g=yes
ac_cv_search_ceil=-lm
ac_cv_search_deflate=-lz
ac_cv_search_dlopen=-ldl
ac_cv_search_fdatasync='none required'
ac_cv_search_pthread_create=-lpthread
ac_cv_search_pthread_mutexattr_init='none required'
ac_cv_search_readline=no
ac_cv_sys_file_offset_bits=no
ac_cv_sys_largefile_CC=no
ac_cv_type_int16_t=yes
ac_cv_type_int32_t=yes
ac_cv_type_int64_t=yes
ac_cv_type_int8_t=yes
ac_cv_type_intptr_t=yes
ac_cv_type_uint16_t=yes
ac_cv_type_uint32_t=yes
ac_cv_type_uint64_t=yes
ac_cv_type_uint8_t=yes
ac_cv_type_uintptr_t=yes
lt_cv_deplibs_check_method=pass_all
lt_cv_file_magic_cmd='$MAGIC_CMD'
lt_cv_file_magic_test_file=
lt_cv_ld_reload_flag=-r
lt_cv_nm_interface='BSD nm'
lt_cv_objdir=.libs
lt_cv_path_LD=/usr/bin/ld
lt_cv_path_NM='/usr/bin/nm -B'
lt_cv_prog_compiler_c_o=yes
lt_cv_prog_compiler_pic_works=yes
lt_cv_prog_compiler_rtti_exceptions=yes
lt_cv_prog_compiler_static_works=yes
lt_cv_prog_gnu_ld=yes
lt_cv_sys_global_symbol_pipe='sed -n -e '\''s/^.*[	 ]\([ABCDGIRSTW][ABCDGIRSTW]*\)[	 ][	 ]*\([_A-Za-z][_A-Za-z0-9]*\)$/\1 \2 \2/p'\'''
lt_cv_sys_global_symbol_to_c_name_address='sed -n -e '\''s/^: \([^ ]*\) $/  {\"\1\", (void *) 0},/p'\'' -e '\''s/^[ABCDGIRSTW]* \([^ ]*\) \([^ ]*\)$/  {"\2", (void *) \&\2},/p'\'''
lt_cv_sys_global_symbol_to_c_name_address_lib_prefix='sed -n -e '\''s/^: \([^ ]*\) $/  {\"\1\", (void *) 0},/p'\'' -e '\''s/^[ABCDGIRSTW]* \([^ ]*\) \(lib[^ ]*\)$/  {"\2", (void *) \&\2},/p'\'' -e '\''s/^[ABCDGIRSTW]* \([^ ]*\) \([^ ]*\)$/  {"lib\2", (void *) \&\2},/p'\'''
lt_cv_sys_global_symbol_to_cdecl='sed -n -e '\''s/^T .* \(.*\)$/extern int \1();/p'\'' -e '\''s/^[ABCDGIRSTW]* .* \(.*\)$/extern char \1;/p'\'''
lt_cv_sys_max_cmd_len=1572864

## ----------------- ##
## Output variables. ##
## ----------------- ##

ALLOWRELEASE=''
AMALGAMATION_LINE_MACROS='--linemacros=0'
AR='ar'
BUILD_CC='/home/bigdata/Documents/logicalBug/windranger/windranger/fuzz/afl-clang-fast'
BUILD_CFLAGS=''
BUILD_EXEEXT=''
CC='/home/bigdata/Documents/logicalBug/windranger/windranger/fuzz/afl-clang-fast'
CFLAGS=' -DSQLITE_OS_UNIX=1'
CPP='/home/bigdata/Documents/logicalBug/windranger/windranger/fuzz/afl-clang-fast -E'
CPPFLAGS=''
DEFS='-DHAVE_CONFIG_H'
DSYMUTIL=''
DUMPBIN=''
ECHO_C=''
ECHO_N='-n'
ECHO_T=''
EGREP='/usr/bin/grep -E'
EXEEXT=''
FGREP='/usr/bin/grep -F'
GREP='/usr/bin/grep'
HAVE_TCL='1'
HAVE_WASI_SDK=''
HAVE_ZLIB='-DSQLITE_HAVE_ZLIB=1'
INSTALL_DATA='${INSTALL} -m 644'
INSTALL_PROGRAM='${INSTALL}'
INSTALL_SCRIPT='${INSTALL}'
LD='/usr/bin/ld -m elf_x86_64'
LDFLAGS=''
LIBOBJS=''
LIBS='-lm -ldl -lz -lpthread '
LIBTOOL='$(SHELL) $(top_builddir)/libtool'
LIPO=''
LN_S='ln -s'
LTLIBOBJS=''
NM='/usr/bin/nm -B'
NMEDIT=''
OBJDUMP='objdump'
OBJEXT='o'
OPT_FEATURE_FLAGS=' -DSQLITE_ENABLE_MATH_FUNCTIONS -DSQLITE_ENABLE_FTS3 -DSQLITE_ENABLE_FTS4 -DSQLITE_ENABLE_RTREE'
OTOOL64=''
OTOOL=''
PACKAGE_BUGREPORT=''
PACKAGE_NAME='sqlite'
PACKAGE_STRING='sqlite 3.41.2'
PACKAGE_TARNAME='sqlite'
PACKAGE_URL=''
PACKAGE_VERSION='3.41.2'
PATH_SEPARATOR=':'
RANLIB='ranlib'
RELEASE='3.41.2'
SED='/usr/bin/sed'
SHELL='/bin/bash'
SQLITE_OS_UNIX='1'
SQLITE_OS_WIN='0'
SQLITE_THREADSAFE='1'
STRIP='strip'
TARGET_DEBUG='-DNDEBUG'
TARGET_EXEEXT=''
TARGET_HAVE_EDITLINE='0'
TARGET_HAVE_READLINE='0'
TARGET_READLINE_INC=''
TARGET_READLINE_LIBS=''
TCLLIBDIR='/root/anaconda3/lib/tcl8.6/sqlite3'
TCLSH_CMD='tclsh8.6'
TCL_BIN_DIR='/root/anaconda3/lib'
TCL_INCLUDE_SPEC='-I/root/anaconda3/include'
TCL_LIB_FILE='libtcl8.6.so'
TCL_LIB_FLAG='-ltcl8.6'
TCL_LIB_SPEC='-L/root/anaconda3/lib -ltcl8.6'
TCL_SHLIB_SUFFIX='.so'
TCL_SRC_DIR='/tmp/build/80754af9/tk_1632504419923/work/tcl8.6.11'
TCL_STUB_LIB_FILE='libtclstub8.6.a'
TCL_STUB_LIB_FLAG='-ltclstub8.6'
TCL_STUB_LIB_SPEC='-L/root/anaconda3/lib -ltclstub8.6'
TCL_VERSION='8.6'
TEMP_STORE='1'
USE_AMALGAMATION='1'
USE_GCOV='0'
VERSION='3.41'
ac_ct_CC='/home/bigdata/Documents/logicalBug/windranger/windranger/fuzz/afl-clang-fast'
ac_ct_DUMPBIN=''
bindir='${exec_prefix}/bin'
build='x86_64-pc-linux-gnu'
build_alias=''
build_cpu='x86_64'
build_os='linux-gnu'
build_vendor='pc'
datadir='${datarootdir}'
datarootdir='${prefix}/share'
docdir='${datarootdir}/doc/${PACKAGE_TARNAME}'
dvidir='${docdir}'
exec_prefix='${prefix}'
host='x86_64-pc-linux-gnu'
host_alias=''
host_cpu='x86_64'
host_os='linux-gnu'
host_vendor='pc'
htmldir='${docdir}'
includedir='${prefix}/include'
infodir='${datarootdir}/info'
libdir='${exec_prefix}/lib'
libexecdir='${exec_prefix}/libexec'
localedir='${datarootdir}/locale'
localstatedir='${prefix}/var'
lt_ECHO='echo'
mandir='${datarootdir}/man'
oldincludedir='/usr/include'
pdfdir='${docdir}'
prefix='/usr/local'
program_prefix=''
program_transform_name='s,x,x,'
psdir='${docdir}'
sbindir='${exec_prefix}/sbin'
sharedstatedir='${prefix}/com'
sysconfdir='${prefix}/etc'
target_alias=''

## ----------- ##
## confdefs.h. ##
## ----------- ##

/* confdefs.h */
#define PACKAGE_NAME "sqlite"
#define PACKAGE_TARNAME "sqlite"
#define PACKAGE_VERSION "3.41.2"
#define PACKAGE_STRING "sqlite 3.41.2"
#define PACKAGE_BUGREPORT ""
#define PACKAGE_URL ""
#define STDC_HEADERS 1
#define HAVE_SYS_TYPES_H 1
#define HAVE_SYS_STAT_H 1
#define HAVE_STDLIB_H 1
#define HAVE_STRING_H 1
#define HAVE_MEMORY_H 1
#define HAVE_STRINGS_H 1
#define HAVE_INTTYPES_H 1
#define HAVE_STDINT_H 1
#define HAVE_UNISTD_H 1
#define HAVE_DLFCN_H 1
#define LT_OBJDIR ".libs/"
#define HAVE_INT8_T 1
#define HAVE_INT16_T 1
#define HAVE_INT32_T 1
#define HAVE_INT64_T 1
#define HAVE_INTPTR_T 1
#define HAVE_UINT8_T 1
#define HAVE_UINT16_T 1
#define HAVE_UINT32_T 1
#define HAVE_UINT64_T 1
#define HAVE_UINTPTR_T 1
#define HAVE_SYS_TYPES_H 1
#define HAVE_STDLIB_H 1
#define HAVE_STDINT_H 1
#define HAVE_INTTYPES_H 1
#define HAVE_MALLOC_H 1
#define HAVE_FDATASYNC 1
#define HAVE_GMTIME_R 1
#define HAVE_ISNAN 1
#define HAVE_LOCALTIME_R 1
#define HAVE_MALLOC_USABLE_SIZE 1
#define HAVE_STRCHRNUL 1
#define HAVE_USLEEP 1
#define HAVE_UTIME 1
#define HAVE_PREAD 1
#define HAVE_PREAD64 1
#define HAVE_PWRITE 1
#define HAVE_PWRITE64 1
#define HAVE_ZLIB_H 1

configure: exit 0
