Multiple execution of SQLite: 
Query: 0: 
CREATE TABLE v0 ( c1, c2, c3 ); 
CREATE INDEX i4 ON v0 ( c1 ); 
CREATE TABLE v5 ( c6 CHECK( c8 != 8 ), c7, c8 CHECK( c9 > 16 ), c9 ); 
CREATE INDEX i10 ON v0 ( c2 ); 
CREATE INDEX i11 ON v0 ( c1 ); 
CREATE TABLE v12 ( c13 INTEGER PRIMARY KEY, c14, c15 UNIQUE ); 
CREATE TABLE v16 ( c17, c18 INTEGER PRIMARY KEY, c19 ); 
CREATE INDEX i20 ON v16 ( c17 ); 
ALTER TABLE v16 DROP COLUMN c17; 
ALTER TABLE v0 DROP COLUMN c2; 
CREATE VIRTUAL TABLE v21 USING fts5; 
CREATE INDEX i22 ON v0 ( c1 ); 
ALTER TABLE v5 DROP COLUMN c9; 
SELECT 'BEGIN VERI 0'; 
SELECT * FROM v16 AS a23 ORDER BY 16; 
SELECT 'END VERI 0'; 
SELECT 'BEGIN VERI 0'; 
SELECT * FROM v21 AS a24 ORDER BY ( ( c9 + - 16 ) % 16 ) != 16 + 16; 
SELECT 'END VERI 0'; 
SELECT 'BEGIN VERI 0'; 
SELECT + c18 ORDER BY 16; 
SELECT 'END VERI 0'; 
SELECT 'BEGIN VERI 0'; 
SELECT * FROM v5 AS a25 WHERE ( a25.c9 = 255 OR a25.c6 = 16 ) AND a25.c6 IN ( SELECT ( SELECT min ( a25.c8 ) OVER ( ORDER BY 16 ) ORDER BY 18446744073709551488 ) FROM v0 AS a26, v21 AS a27 ORDER BY a25.c8 = c18 || a26.c1 ) ORDER BY 18446744073709551488; 
SELECT 'END VERI 0'; 
SELECT 'BEGIN VERI 0'; 
SELECT c15, count ( c29 ) FROM v21 AS a28 ORDER BY 18446744073709551488; 
SELECT 'END VERI 0'; 
SELECT 'BEGIN VERI 0'; 
SELECT count ( a30.c3 ) FROM v0 AS a30 ORDER BY 16; 
SELECT 'END VERI 0'; 
SELECT 'BEGIN VERI 0'; 
SELECT * FROM v12 AS a31 GROUP BY a31.c13 HAVING a31.c13 > a31.c14 % 16 >= 16 ORDER BY 127; 
SELECT 'END VERI 0'; 
SELECT 'BEGIN VERI 0'; 
SELECT * FROM v16 AS a32 WHERE a32.c19 || a32.c19 IN v16 ORDER BY 2147483647; 
SELECT 'END VERI 0'; 
SELECT 'BEGIN VERI 0'; 
SELECT * FROM v16 AS a33 ORDER BY 'v0'; 
SELECT 'END VERI 0'; 
SELECT 'BEGIN VERI 0'; 
SELECT a34.c17, count ( a34.c18 ) FROM v16 AS a34 ORDER BY 18446744071562067968; 
SELECT 'END VERI 0'; 

Result string: 
Runtime error near line 9: error in index i20 after drop column: no such column: c17
Runtime error near line 10: error in index i10 after drop column: no such column: c2
Runtime error near line 11: no such module: fts5
Runtime error near line 13: error in table v5 after drop column: no such column: c9
BEGIN VERI 0
Parse error near line 15: 1st ORDER BY term out of range - should be between 1 and 3
END VERI 0
BEGIN VERI 0
Parse error near line 18: no such table: v21
END VERI 0
BEGIN VERI 0
Parse error near line 21: no such column: c18
  SELECT + c18 ORDER BY 16; 
           ^--- error here
END VERI 0
BEGIN VERI 0
Parse error near line 24: no such table: v21
END VERI 0
BEGIN VERI 0
Parse error near line 27: no such table: v21
END VERI 0
BEGIN VERI 0
Parse error near line 30: 1st ORDER BY term out of range - should be between 1 and 1
END VERI 0
BEGIN VERI 0
Parse error near line 33: 1st ORDER BY term out of range - should be between 1 and 3
END VERI 0
BEGIN VERI 0
Parse error near line 36: 1st ORDER BY term out of range - should be between 1 and 3
  6 AS a32 WHERE a32.c19 || a32.c19 IN v16 ORDER BY 2147483647; 
                                      error here ---^
END VERI 0
BEGIN VERI 0
END VERI 0
BEGIN VERI 0
|0
END VERI 0

Query: 1: 
CREATE TABLE v0 ( c1, c2, c3 ); 
; 
CREATE TABLE v5 ( c6 CHECK( c8 != 8 ), c7, c8 CHECK( c9 > 16 ), c9 ); 
; 
; 
CREATE TABLE v12 ( c13 INTEGER PRIMARY KEY, c14, c15 UNIQUE ); 
CREATE TABLE v16 ( c17, c18 INTEGER PRIMARY KEY, c19 ); 
; 
ALTER TABLE v16 DROP COLUMN c17; 
ALTER TABLE v0 DROP COLUMN c2; 
CREATE VIRTUAL TABLE v21 USING fts5; 
; 
ALTER TABLE v5 DROP COLUMN c9; 
SELECT 'BEGIN VERI 0'; 
SELECT * FROM v16 AS a23 ORDER BY 16; 
SELECT 'END VERI 0'; 
SELECT 'BEGIN VERI 0'; 
SELECT * FROM v21 AS a24 ORDER BY ( ( c9 + - 16 ) % 16 ) != 16 + 16; 
SELECT 'END VERI 0'; 
SELECT 'BEGIN VERI 0'; 
SELECT + c18 ORDER BY 16; 
SELECT 'END VERI 0'; 
SELECT 'BEGIN VERI 0'; 
SELECT * FROM v5 AS a25 WHERE ( a25.c9 = 255 OR a25.c6 = 16 ) AND a25.c6 IN ( SELECT ( SELECT min ( a25.c8 ) OVER ( ORDER BY 16 ) ORDER BY 18446744073709551488 ) FROM v0 AS a26, v21 AS a27 ORDER BY a25.c8 = c18 || a26.c1 ) ORDER BY 18446744073709551488; 
SELECT 'END VERI 0'; 
SELECT 'BEGIN VERI 0'; 
SELECT c15, count ( c29 ) FROM v21 AS a28 ORDER BY 18446744073709551488; 
SELECT 'END VERI 0'; 
SELECT 'BEGIN VERI 0'; 
SELECT count ( a30.c3 ) FROM v0 AS a30 ORDER BY 16; 
SELECT 'END VERI 0'; 
SELECT 'BEGIN VERI 0'; 
SELECT * FROM v12 AS a31 GROUP BY a31.c13 HAVING a31.c13 > a31.c14 % 16 >= 16 ORDER BY 127; 
SELECT 'END VERI 0'; 
SELECT 'BEGIN VERI 0'; 
SELECT * FROM v16 AS a32 WHERE a32.c19 || a32.c19 IN v16 ORDER BY 2147483647; 
SELECT 'END VERI 0'; 
SELECT 'BEGIN VERI 0'; 
SELECT * FROM v16 AS a33 ORDER BY 'v0'; 
SELECT 'END VERI 0'; 
SELECT 'BEGIN VERI 0'; 
SELECT a34.c17, count ( a34.c18 ) FROM v16 AS a34 ORDER BY 18446744071562067968; 
SELECT 'END VERI 0'; 

Result string: 
Runtime error near line 11: no such module: fts5
Runtime error near line 13: error in table v5 after drop column: no such column: c9
BEGIN VERI 0
Parse error near line 15: 1st ORDER BY term out of range - should be between 1 and 2
END VERI 0
BEGIN VERI 0
Parse error near line 18: no such table: v21
END VERI 0
BEGIN VERI 0
Parse error near line 21: no such column: c18
  SELECT + c18 ORDER BY 16; 
           ^--- error here
END VERI 0
BEGIN VERI 0
Parse error near line 24: no such table: v21
END VERI 0
BEGIN VERI 0
Parse error near line 27: no such table: v21
END VERI 0
BEGIN VERI 0
Parse error near line 30: 1st ORDER BY term out of range - should be between 1 and 1
END VERI 0
BEGIN VERI 0
Parse error near line 33: 1st ORDER BY term out of range - should be between 1 and 3
END VERI 0
BEGIN VERI 0
Parse error near line 36: 1st ORDER BY term out of range - should be between 1 and 2
  6 AS a32 WHERE a32.c19 || a32.c19 IN v16 ORDER BY 2147483647; 
                                      error here ---^
END VERI 0
BEGIN VERI 0
END VERI 0
BEGIN VERI 0
Parse error near line 42: no such column: a34.c17
  SELECT a34.c17, count ( a34.c18 ) FROM v16 AS a34 ORDER BY 1844674407156206796
         ^--- error here
END VERI 0


Final_res: 0
Detailed result: 


Result NUM: 0 
RESULT FLAGS: 1
Str: 
Parse error near line 15: 1st ORDER BY term out of range - should be between 1 and 3
 
INT: 0 
Str: 
Parse error near line 15: 1st ORDER BY term out of range - should be between 1 and 2
 
INT: 0 


Result NUM: 1 
RESULT FLAGS: 1
Str: 
Parse error near line 18: no such table: v21
 
INT: 0 
Str: 
Parse error near line 18: no such table: v21
 
INT: 0 


Result NUM: 2 
RESULT FLAGS: 1
Str: 
Parse error near line 21: no such column: c18
  SELECT + c18 ORDER BY 16; 
           ^--- error here
 
INT: 2 
Str: 
Parse error near line 21: no such column: c18
  SELECT + c18 ORDER BY 16; 
           ^--- error here
 
INT: 2 


Result NUM: 3 
RESULT FLAGS: 1
Str: 
Parse error near line 24: no such table: v21
 
INT: 0 
Str: 
Parse error near line 24: no such table: v21
 
INT: 0 


Result NUM: 4 
RESULT FLAGS: 1
Str: 
Parse error near line 27: no such table: v21
 
INT: 0 
Str: 
Parse error near line 27: no such table: v21
 
INT: 0 


Result NUM: 5 
RESULT FLAGS: 1
Str: 
Parse error near line 30: 1st ORDER BY term out of range - should be between 1 and 1
 
INT: 0 
Str: 
Parse error near line 30: 1st ORDER BY term out of range - should be between 1 and 1
 
INT: 0 


Result NUM: 6 
RESULT FLAGS: 1
Str: 
Parse error near line 33: 1st ORDER BY term out of range - should be between 1 and 3
 
INT: 0 
Str: 
Parse error near line 33: 1st ORDER BY term out of range - should be between 1 and 3
 
INT: 0 


Result NUM: 7 
RESULT FLAGS: 1
Str: 
Parse error near line 36: 1st ORDER BY term out of range - should be between 1 and 3
  6 AS a32 WHERE a32.c19 || a32.c19 IN v16 ORDER BY 2147483647; 
                                      error here ---^
 
INT: 2 
Str: 
Parse error near line 36: 1st ORDER BY term out of range - should be between 1 and 2
  6 AS a32 WHERE a32.c19 || a32.c19 IN v16 ORDER BY 2147483647; 
                                      error here ---^
 
INT: 2 


Result NUM: 8 
RESULT FLAGS: 1
Str: 
 
INT: -1 
Str: 
 
INT: -1 


Result NUM: 9 
RESULT FLAGS: 0
Str: 
|0
 
INT: 0 
Str: 
Parse error near line 42: no such column: a34.c17
  SELECT a34.c17, count ( a34.c18 ) FROM v16 AS a34 ORDER BY 1844674407156206796
         ^--- error here
 
INT: 2 
Compare_result_int: 
0



