Multiple execution of SQLite: 
Query: 0: 
CREATE TABLE v0 ( c1, c2, c3 ); 
CREATE INDEX i4 ON v0 ( c3 ); 
CREATE INDEX i5 ON v0 ( c2 ); 
CREATE VIEW v6 AS SELECT * FROM v0 AS a7 ORDER BY 255; 
CREATE INDEX i8 ON v0 ( c3 ); 
CREATE TABLE v9 ( c10 INTEGER UNIQUE, c11, c12 ); 
CREATE TABLE v13 ( c14, c15, c16 ); 
CREATE INDEX i17 ON v13 ( c16 ); 
CREATE INDEX i18 ON v9 ( c11 ); 
ALTER TABLE v6 DROP COLUMN c2; 
ALTER TABLE v13 DROP COLUMN c16; 
CREATE VIRTUAL TABLE v19 USING fts5 ( c20, c21 ); 
ALTER TABLE v0 DROP COLUMN c2; 
SELECT 'BEGIN VERI 0'; 
SELECT * FROM v13 AS a22, v9 AS a23 ORDER BY 255; 
SELECT 'END VERI 0'; 
SELECT 'BEGIN VERI 0'; 
SELECT * FROM v19 AS a24 ORDER BY a24.c1, a24.c1, a24.c1; 
SELECT 'END VERI 0'; 
SELECT 'BEGIN VERI 0'; 
SELECT * FROM v13 AS a25 GROUP BY a25.c14, a25.c14 < a25.c14 ORDER BY 2147483647; 
SELECT 'END VERI 0'; 
SELECT 'BEGIN VERI 0'; 
SELECT max ( a26.c20 || a26.c20 ) FROM v19 AS a26 ORDER BY 127; 
SELECT 'END VERI 0'; 
SELECT 'BEGIN VERI 0'; 
SELECT * FROM v19 AS a27 GROUP BY a27.c20, abs ( a27.c20 ) ORDER BY 255; 
SELECT 'END VERI 0'; 
SELECT 'BEGIN VERI 0'; 
SELECT a28.c3, count ( a28.c2 ) FROM v6 AS a28 ORDER BY 0; 
SELECT 'END VERI 0'; 
SELECT 'BEGIN VERI 0'; 
SELECT * FROM v9 AS a29, v9 AS a30 NATURAL JOIN v19 AS a31 ORDER BY 255; 
SELECT 'END VERI 0'; 
SELECT 'BEGIN VERI 0'; 
SELECT * FROM v6 AS a32 ORDER BY 18446744073709551615; 
SELECT 'END VERI 0'; 
SELECT 'BEGIN VERI 0'; 
VALUES ( 0, NULL, NULL ) ORDER BY 2147483647; 
SELECT 'END VERI 0'; 
SELECT 'BEGIN VERI 0'; 
SELECT * FROM v13 AS a33 WHERE a33.c14 = a33.c16 NOT NULL ORDER BY 255; 
SELECT 'END VERI 0'; 

Result string: 
Parse error near line 10: cannot drop column from view "v6"
Runtime error near line 11: error in index i17 after drop column: no such column: c16
Runtime error near line 12: no such module: fts5
Runtime error near line 13: error in index i5 after drop column: no such column: c2
BEGIN VERI 0
Parse error near line 15: 1st ORDER BY term out of range - should be between 1 and 6
END VERI 0
BEGIN VERI 0
Parse error near line 18: no such table: v19
END VERI 0
BEGIN VERI 0
Parse error near line 21: 1st ORDER BY term out of range - should be between 1 and 3
   a25 GROUP BY a25.c14, a25.c14 < a25.c14 ORDER BY 2147483647; 
                                      error here ---^
END VERI 0
BEGIN VERI 0
Parse error near line 24: no such table: v19
END VERI 0
BEGIN VERI 0
Parse error near line 27: no such table: v19
END VERI 0
BEGIN VERI 0
Parse error near line 30: 1st ORDER BY term out of range - should be between 1 and 3
END VERI 0
BEGIN VERI 0
Parse error near line 33: no such table: v19
END VERI 0
BEGIN VERI 0
Parse error near line 36: 1st ORDER BY term out of range - should be between 1 and 3
END VERI 0
BEGIN VERI 0
Parse error near line 39: near "ORDER": syntax error
  VALUES ( 0, NULL, NULL ) ORDER BY 2147483647; 
             error here ---^
END VERI 0
BEGIN VERI 0
Parse error near line 42: 1st ORDER BY term out of range - should be between 1 and 3
END VERI 0

Query: 1: 
CREATE TABLE v0 ( c1, c2, c3 ); 
; 
; 
CREATE VIEW v6 AS SELECT * FROM v0 AS a7 ORDER BY 255; 
; 
CREATE TABLE v9 ( c10 INTEGER UNIQUE, c11, c12 ); 
CREATE TABLE v13 ( c14, c15, c16 ); 
; 
; 
ALTER TABLE v6 DROP COLUMN c2; 
ALTER TABLE v13 DROP COLUMN c16; 
CREATE VIRTUAL TABLE v19 USING fts5 ( c20, c21 ); 
ALTER TABLE v0 DROP COLUMN c2; 
SELECT 'BEGIN VERI 0'; 
SELECT * FROM v13 AS a22, v9 AS a23 ORDER BY 255; 
SELECT 'END VERI 0'; 
SELECT 'BEGIN VERI 0'; 
SELECT * FROM v19 AS a24 ORDER BY a24.c1, a24.c1, a24.c1; 
SELECT 'END VERI 0'; 
SELECT 'BEGIN VERI 0'; 
SELECT * FROM v13 AS a25 GROUP BY a25.c14, a25.c14 < a25.c14 ORDER BY 2147483647; 
SELECT 'END VERI 0'; 
SELECT 'BEGIN VERI 0'; 
SELECT max ( a26.c20 || a26.c20 ) FROM v19 AS a26 ORDER BY 127; 
SELECT 'END VERI 0'; 
SELECT 'BEGIN VERI 0'; 
SELECT * FROM v19 AS a27 GROUP BY a27.c20, abs ( a27.c20 ) ORDER BY 255; 
SELECT 'END VERI 0'; 
SELECT 'BEGIN VERI 0'; 
SELECT a28.c3, count ( a28.c2 ) FROM v6 AS a28 ORDER BY 0; 
SELECT 'END VERI 0'; 
SELECT 'BEGIN VERI 0'; 
SELECT * FROM v9 AS a29, v9 AS a30 NATURAL JOIN v19 AS a31 ORDER BY 255; 
SELECT 'END VERI 0'; 
SELECT 'BEGIN VERI 0'; 
SELECT * FROM v6 AS a32 ORDER BY 18446744073709551615; 
SELECT 'END VERI 0'; 
SELECT 'BEGIN VERI 0'; 
VALUES ( 0, NULL, NULL ) ORDER BY 2147483647; 
SELECT 'END VERI 0'; 
SELECT 'BEGIN VERI 0'; 
SELECT * FROM v13 AS a33 WHERE a33.c14 = a33.c16 NOT NULL ORDER BY 255; 
SELECT 'END VERI 0'; 

Result string: 
Parse error near line 10: cannot drop column from view "v6"
Runtime error near line 12: no such module: fts5
BEGIN VERI 0
Parse error near line 15: 1st ORDER BY term out of range - should be between 1 and 5
END VERI 0
BEGIN VERI 0
Parse error near line 18: no such table: v19
END VERI 0
BEGIN VERI 0
Parse error near line 21: 1st ORDER BY term out of range - should be between 1 and 2
   a25 GROUP BY a25.c14, a25.c14 < a25.c14 ORDER BY 2147483647; 
                                      error here ---^
END VERI 0
BEGIN VERI 0
Parse error near line 24: no such table: v19
END VERI 0
BEGIN VERI 0
Parse error near line 27: no such table: v19
END VERI 0
BEGIN VERI 0
Parse error near line 30: 1st ORDER BY term out of range - should be between 1 and 2
END VERI 0
BEGIN VERI 0
Parse error near line 33: no such table: v19
END VERI 0
BEGIN VERI 0
Parse error near line 36: 1st ORDER BY term out of range - should be between 1 and 2
END VERI 0
BEGIN VERI 0
Parse error near line 39: near "ORDER": syntax error
  VALUES ( 0, NULL, NULL ) ORDER BY 2147483647; 
             error here ---^
END VERI 0
BEGIN VERI 0
Parse error near line 42: no such column: a33.c16
  SELECT * FROM v13 AS a33 WHERE a33.c14 = a33.c16 NOT NULL ORDER BY 255; 
                             error here ---^
END VERI 0


Final_res: 0
Detailed result: 


Result NUM: 0 
RESULT FLAGS: 1
Str: 
Parse error near line 15: 1st ORDER BY term out of range - should be between 1 and 6
 
INT: 0 
Str: 
Parse error near line 15: 1st ORDER BY term out of range - should be between 1 and 5
 
INT: 0 


Result NUM: 1 
RESULT FLAGS: 1
Str: 
Parse error near line 18: no such table: v19
 
INT: 0 
Str: 
Parse error near line 18: no such table: v19
 
INT: 0 


Result NUM: 2 
RESULT FLAGS: 1
Str: 
Parse error near line 21: 1st ORDER BY term out of range - should be between 1 and 3
   a25 GROUP BY a25.c14, a25.c14 < a25.c14 ORDER BY 2147483647; 
                                      error here ---^
 
INT: 2 
Str: 
Parse error near line 21: 1st ORDER BY term out of range - should be between 1 and 2
   a25 GROUP BY a25.c14, a25.c14 < a25.c14 ORDER BY 2147483647; 
                                      error here ---^
 
INT: 2 


Result NUM: 3 
RESULT FLAGS: 1
Str: 
Parse error near line 24: no such table: v19
 
INT: 0 
Str: 
Parse error near line 24: no such table: v19
 
INT: 0 


Result NUM: 4 
RESULT FLAGS: 1
Str: 
Parse error near line 27: no such table: v19
 
INT: 0 
Str: 
Parse error near line 27: no such table: v19
 
INT: 0 


Result NUM: 5 
RESULT FLAGS: 1
Str: 
Parse error near line 30: 1st ORDER BY term out of range - should be between 1 and 3
 
INT: 0 
Str: 
Parse error near line 30: 1st ORDER BY term out of range - should be between 1 and 2
 
INT: 0 


Result NUM: 6 
RESULT FLAGS: 1
Str: 
Parse error near line 33: no such table: v19
 
INT: 0 
Str: 
Parse error near line 33: no such table: v19
 
INT: 0 


Result NUM: 7 
RESULT FLAGS: 1
Str: 
Parse error near line 36: 1st ORDER BY term out of range - should be between 1 and 3
 
INT: 0 
Str: 
Parse error near line 36: 1st ORDER BY term out of range - should be between 1 and 2
 
INT: 0 


Result NUM: 8 
RESULT FLAGS: 10967776
Str: 
Parse error near line 39: near "ORDER": syntax error
  VALUES ( 0, NULL, NULL ) ORDER BY 2147483647; 
             error here ---^
 
Str: 
Parse error near line 39: near "ORDER": syntax error
  VALUES ( 0, NULL, NULL ) ORDER BY 2147483647; 
             error here ---^
 


Result NUM: 9 
RESULT FLAGS: 0
Str: 
Parse error near line 42: 1st ORDER BY term out of range - should be between 1 and 3
 
INT: 0 
Str: 
Parse error near line 42: no such column: a33.c16
  SELECT * FROM v13 AS a33 WHERE a33.c14 = a33.c16 NOT NULL ORDER BY 255; 
                             error here ---^
 
INT: 2 
Compare_result_int: 
0



