Multiple execution of SQLite: 
Query: 0: 
CREATE TABLE v0 ( c1, c2, c3 ); 
CREATE TABLE v4 ( c5 INTEGER, c6 TEXT, c7 BLOB, CHECK( ( c5, c6 ) ) ); 
CREATE INDEX i8 ON v0 ( c1 ); 
CREATE VIEW v9 AS SELECT * FROM v0 AS a10 ORDER BY 18446744073709551615; 
CREATE TABLE v11 ( c12 INTEGER PRIMARY KEY, c13, c14 UNIQUE ); 
CREATE TABLE v15 ( c16, c17, c18 ); 
CREATE INDEX i19 ON v4 ( c7 ); 
ALTER TABLE v4 DROP COLUMN c7; 
ALTER TABLE v4 DROP COLUMN c7; 
CREATE INDEX i20 ON v11 ( c12 ); 
CREATE VIRTUAL TABLE v21 USING fts5 ( c22, c23 ); 
ALTER TABLE v9 DROP COLUMN c1; 
CREATE INDEX i24 ON v9 ( c16 ); 
CREATE INDEX i25 ON v15 ( c16 ); 
SELECT 'BEGIN VERI 0'; 
SELECT count ( a26.c7 ) FROM v4 AS a26 ORDER BY 8; 
SELECT 'END VERI 0'; 
SELECT 'BEGIN VERI 0'; 
SELECT * FROM v21 AS a27 ORDER BY a27.c23 % 8 >= 127; 
SELECT 'END VERI 0'; 
SELECT 'BEGIN VERI 0'; 
SELECT count ( ( NOT ( a28.c22 IS NULL ) ) AND ( NOT ( a28.c22 IS NULL ) ) ) FROM v21 AS a28 ORDER BY 127; 
SELECT 'END VERI 0'; 
SELECT 'BEGIN VERI 0'; 
SELECT a29.c17 FROM v15 AS a29 ORDER BY 18446744073709551615; 
SELECT 'END VERI 0'; 
SELECT 'BEGIN VERI 0'; 
SELECT c3 + 4294967295, c3 + 127 FROM v9 AS a30 y GROUP BY y ( c2 ) ORDER BY 127; 
SELECT 'END VERI 0'; 
SELECT 'BEGIN VERI 0'; 
SELECT * FROM v4 AS a31 WHERE a31.c6 = a31.c7 % 4294967295 ORDER BY 127; 
SELECT 'END VERI 0'; 
SELECT 'BEGIN VERI 0'; 
SELECT a33.c22, count ( a33.c23 ), a32.c2 FROM v0 AS a32 RIGHT JOIN v21 AS a33 ON a32.c3 = a32.c3 ORDER BY 8; 
SELECT 'END VERI 0'; 
SELECT 'BEGIN VERI 0'; 
SELECT * FROM v21 AS a34 ORDER BY 1; 
SELECT 'END VERI 0'; 
SELECT 'BEGIN VERI 0'; 
SELECT a35.c22 FROM v21 AS a35 ORDER BY 18446744073709551615; 
SELECT 'END VERI 0'; 
SELECT 'BEGIN VERI 0'; 
SELECT a36.c18, count ( ( NOT ( a36.c16 IS NULL ) ) AND ( NOT ( a36.c17 IS NULL ) ) ) FROM v15 AS a36 ORDER BY 127; 
SELECT 'END VERI 0'; 

Result string: 
Runtime error near line 8: error in index i19 after drop column: no such column: c7
Runtime error near line 9: error in index i19 after drop column: no such column: c7
Runtime error near line 11: no such module: fts5
Parse error near line 12: cannot drop column from view "v9"
Parse error near line 13: views may not be indexed
BEGIN VERI 0
Parse error near line 16: 1st ORDER BY term out of range - should be between 1 and 1
END VERI 0
BEGIN VERI 0
Parse error near line 19: no such table: v21
END VERI 0
BEGIN VERI 0
Parse error near line 22: no such table: v21
END VERI 0
BEGIN VERI 0
END VERI 0
BEGIN VERI 0
Parse error near line 28: near "y": syntax error
  SELECT c3 + 4294967295, c3 + 127 FROM v9 AS a30 y GROUP BY y ( c2 ) ORDER BY 1
                                    error here ---^
END VERI 0
BEGIN VERI 0
Parse error near line 31: 1st ORDER BY term out of range - should be between 1 and 3
END VERI 0
BEGIN VERI 0
Parse error near line 34: no such table: v21
END VERI 0
BEGIN VERI 0
Parse error near line 37: no such table: v21
END VERI 0
BEGIN VERI 0
Parse error near line 40: no such table: v21
END VERI 0
BEGIN VERI 0
Parse error near line 43: 1st ORDER BY term out of range - should be between 1 and 2
END VERI 0

Query: 1: 
CREATE TABLE v0 ( c1, c2, c3 ); 
CREATE TABLE v4 ( c5 INTEGER, c6 TEXT, c7 BLOB, CHECK( ( c5, c6 ) ) ); 
; 
CREATE VIEW v9 AS SELECT * FROM v0 AS a10 ORDER BY 18446744073709551615; 
CREATE TABLE v11 ( c12 INTEGER PRIMARY KEY, c13, c14 UNIQUE ); 
CREATE TABLE v15 ( c16, c17, c18 ); 
; 
ALTER TABLE v4 DROP COLUMN c7; 
ALTER TABLE v4 DROP COLUMN c7; 
; 
CREATE VIRTUAL TABLE v21 USING fts5 ( c22, c23 ); 
ALTER TABLE v9 DROP COLUMN c1; 
; 
; 
SELECT 'BEGIN VERI 0'; 
SELECT count ( a26.c7 ) FROM v4 AS a26 ORDER BY 8; 
SELECT 'END VERI 0'; 
SELECT 'BEGIN VERI 0'; 
SELECT * FROM v21 AS a27 ORDER BY a27.c23 % 8 >= 127; 
SELECT 'END VERI 0'; 
SELECT 'BEGIN VERI 0'; 
SELECT count ( ( NOT ( a28.c22 IS NULL ) ) AND ( NOT ( a28.c22 IS NULL ) ) ) FROM v21 AS a28 ORDER BY 127; 
SELECT 'END VERI 0'; 
SELECT 'BEGIN VERI 0'; 
SELECT a29.c17 FROM v15 AS a29 ORDER BY 18446744073709551615; 
SELECT 'END VERI 0'; 
SELECT 'BEGIN VERI 0'; 
SELECT c3 + 4294967295, c3 + 127 FROM v9 AS a30 y GROUP BY y ( c2 ) ORDER BY 127; 
SELECT 'END VERI 0'; 
SELECT 'BEGIN VERI 0'; 
SELECT * FROM v4 AS a31 WHERE a31.c6 = a31.c7 % 4294967295 ORDER BY 127; 
SELECT 'END VERI 0'; 
SELECT 'BEGIN VERI 0'; 
SELECT a33.c22, count ( a33.c23 ), a32.c2 FROM v0 AS a32 RIGHT JOIN v21 AS a33 ON a32.c3 = a32.c3 ORDER BY 8; 
SELECT 'END VERI 0'; 
SELECT 'BEGIN VERI 0'; 
SELECT * FROM v21 AS a34 ORDER BY 1; 
SELECT 'END VERI 0'; 
SELECT 'BEGIN VERI 0'; 
SELECT a35.c22 FROM v21 AS a35 ORDER BY 18446744073709551615; 
SELECT 'END VERI 0'; 
SELECT 'BEGIN VERI 0'; 
SELECT a36.c18, count ( ( NOT ( a36.c16 IS NULL ) ) AND ( NOT ( a36.c17 IS NULL ) ) ) FROM v15 AS a36 ORDER BY 127; 
SELECT 'END VERI 0'; 

Result string: 
Parse error near line 9: no such column: "c7"
  ALTER TABLE v4 DROP COLUMN c7; 
               error here ---^
Runtime error near line 11: no such module: fts5
Parse error near line 12: cannot drop column from view "v9"
BEGIN VERI 0
Parse error near line 16: no such column: a26.c7
  SELECT count ( a26.c7 ) FROM v4 AS a26 ORDER BY 8; 
                 ^--- error here
END VERI 0
BEGIN VERI 0
Parse error near line 19: no such table: v21
END VERI 0
BEGIN VERI 0
Parse error near line 22: no such table: v21
END VERI 0
BEGIN VERI 0
END VERI 0
BEGIN VERI 0
Parse error near line 28: near "y": syntax error
  SELECT c3 + 4294967295, c3 + 127 FROM v9 AS a30 y GROUP BY y ( c2 ) ORDER BY 1
                                    error here ---^
END VERI 0
BEGIN VERI 0
Parse error near line 31: no such column: a31.c7
  SELECT * FROM v4 AS a31 WHERE a31.c6 = a31.c7 % 4294967295 ORDER BY 127; 
                           error here ---^
END VERI 0
BEGIN VERI 0
Parse error near line 34: no such table: v21
END VERI 0
BEGIN VERI 0
Parse error near line 37: no such table: v21
END VERI 0
BEGIN VERI 0
Parse error near line 40: no such table: v21
END VERI 0
BEGIN VERI 0
Parse error near line 43: 1st ORDER BY term out of range - should be between 1 and 2
END VERI 0


Final_res: 0
Detailed result: 


Result NUM: 0 
RESULT FLAGS: 0
Str: 
Parse error near line 16: 1st ORDER BY term out of range - should be between 1 and 1
 
INT: 0 
Str: 
Parse error near line 16: no such column: a26.c7
  SELECT count ( a26.c7 ) FROM v4 AS a26 ORDER BY 8; 
                 ^--- error here
 
INT: 2 


Result NUM: 1 
RESULT FLAGS: 1
Str: 
Parse error near line 19: no such table: v21
 
INT: 0 
Str: 
Parse error near line 19: no such table: v21
 
INT: 0 


Result NUM: 2 
RESULT FLAGS: 1
Str: 
Parse error near line 22: no such table: v21
 
INT: 0 
Str: 
Parse error near line 22: no such table: v21
 
INT: 0 


Result NUM: 3 
RESULT FLAGS: 1
Str: 
 
INT: -1 
Str: 
 
INT: -1 


Result NUM: 4 
RESULT FLAGS: 1
Str: 
Parse error near line 28: near "y": syntax error
  SELECT c3 + 4294967295, c3 + 127 FROM v9 AS a30 y GROUP BY y ( c2 ) ORDER BY 1
                                    error here ---^
 
INT: 2 
Str: 
Parse error near line 28: near "y": syntax error
  SELECT c3 + 4294967295, c3 + 127 FROM v9 AS a30 y GROUP BY y ( c2 ) ORDER BY 1
                                    error here ---^
 
INT: 2 


Result NUM: 5 
RESULT FLAGS: 0
Str: 
Parse error near line 31: 1st ORDER BY term out of range - should be between 1 and 3
 
INT: 0 
Str: 
Parse error near line 31: no such column: a31.c7
  SELECT * FROM v4 AS a31 WHERE a31.c6 = a31.c7 % 4294967295 ORDER BY 127; 
                           error here ---^
 
INT: 2 


Result NUM: 6 
RESULT FLAGS: 1
Str: 
Parse error near line 34: no such table: v21
 
INT: 0 
Str: 
Parse error near line 34: no such table: v21
 
INT: 0 


Result NUM: 7 
RESULT FLAGS: 1
Str: 
Parse error near line 37: no such table: v21
 
INT: 0 
Str: 
Parse error near line 37: no such table: v21
 
INT: 0 


Result NUM: 8 
RESULT FLAGS: 1
Str: 
Parse error near line 40: no such table: v21
 
INT: 0 
Str: 
Parse error near line 40: no such table: v21
 
INT: 0 


Result NUM: 9 
RESULT FLAGS: 1
Str: 
Parse error near line 43: 1st ORDER BY term out of range - should be between 1 and 2
 
INT: 0 
Str: 
Parse error near line 43: 1st ORDER BY term out of range - should be between 1 and 2
 
INT: 0 
Compare_result_int: 
0



