Multiple execution of SQLite: 
Query: 0: 
CREATE TABLE v0 ( c1, c2, c3, PRIMARY KEY ( c3 ), CHECK( c1 != c1 ) ) WITHOUT ROWID; 
INSERT INTO v0 VALUES ( 0, 0, 0 ), ( 0, 0, 0 ); 
CREATE INDEX i4 ON v0 ( c1 ); 
CREATE INDEX i5 ON v0 ( c2 ); 
ALTER TABLE v0 DROP c2; 
CREATE INDEX i6 ON v0 ( c1 ); 
ALTER TABLE v0 DROP c1; 
CREATE INDEX i7 ON v0 ( c3 ); 
CREATE TABLE v8 ( c9, c10, c11 PRIMARY KEY ) WITHOUT ROWID; 
CREATE VIEW v12 AS SELECT * FROM v8 AS a13 JOIN v8 AS a14 USING ( c11, c11, c9, c9, c9, c9, c10, c11, c11, c9, c9, c11, c11, c10, c9, c9, c11, c10 ) WHERE max ( c11 ) = ( c9 ) AND c10 = 18446744073709551615 ORDER BY 0; 
CREATE INDEX i15 ON v0 ( c1 ); 
SELECT 'BEGIN VERI 0'; 
SELECT a16.c2 || a16.c1 || a16.c2 FROM v0 AS a16 ORDER BY 18446744073709551615; 
SELECT 'END VERI 0'; 
SELECT 'BEGIN VERI 0'; 
SELECT * FROM v8 AS a17, v12 AS a18 ORDER BY 18446744073709551615; 
SELECT 'END VERI 0'; 
SELECT 'BEGIN VERI 0'; 
WITH v19 ( c21 ) AS ( WITH v22 AS ( WITH v22 AS ( SELECT 0 y ORDER BY 0 ) SELECT avg ( c21 ) FROM ( SELECT * ORDER BY x'616263' ) AS y ORDER BY 18446744073709551615 ) SELECT 0 ORDER BY 0 ) SELECT * FROM ( SELECT 18446744073709551488 AS y FROM v22 AS a23 ORDER BY 0 ) AS y LEFT JOIN v19 AS a20 ON c21 IS NULL GROUP BY c21 HAVING c21 > c21 % 0 >= 0 ORDER BY 18446744073709551488; 
SELECT 'END VERI 0'; 
SELECT 'BEGIN VERI 0'; 
SELECT * FROM v0 AS a24 GROUP BY a24.c2, a24.c2 < y ( a24.c2 ) ORDER BY 0; 
SELECT 'END VERI 0'; 
SELECT 'BEGIN VERI 0'; 
SELECT * FROM v0 AS a25 ORDER BY 0; 
SELECT 'END VERI 0'; 
SELECT 'BEGIN VERI 0'; 
SELECT a26.c8 FROM v12 AS a26 ORDER BY 9223372036854775807; 
SELECT 'END VERI 0'; 
SELECT 'BEGIN VERI 0'; 
SELECT * FROM v8 AS a27 ORDER BY 0; 
SELECT 'END VERI 0'; 
SELECT 'BEGIN VERI 0'; 
SELECT * ORDER BY 18446744073709551488; 
SELECT 'END VERI 0'; 
SELECT 'BEGIN VERI 0'; 
SELECT * FROM v0 AS a28 ORDER BY 0; 
SELECT 'END VERI 0'; 
SELECT 'BEGIN VERI 0'; 
SELECT * FROM v12 AS a29, v8 AS a30 ORDER BY 0; 
SELECT 'END VERI 0'; 

Result string: 
Runtime error near line 2: CHECK constraint failed: c1 != c1 (19)
Runtime error near line 5: error in index i5 after drop column: no such column: c2
Runtime error near line 7: error in table v0 after drop column: no such column: c1
BEGIN VERI 0
END VERI 0
BEGIN VERI 0
Parse error near line 16: misuse of aggregate function max()
END VERI 0
BEGIN VERI 0
Parse error near line 19: no such table: v22
END VERI 0
BEGIN VERI 0
Parse error near line 22: 1st ORDER BY term out of range - should be between 1 and 3
  4 GROUP BY a24.c2, a24.c2 < y ( a24.c2 ) ORDER BY 0; 
                                      error here ---^
END VERI 0
BEGIN VERI 0
Parse error near line 25: 1st ORDER BY term out of range - should be between 1 and 3
  SELECT * FROM v0 AS a25 ORDER BY 0; 
                     error here ---^
END VERI 0
BEGIN VERI 0
Parse error near line 28: misuse of aggregate function max()
END VERI 0
BEGIN VERI 0
Parse error near line 31: 1st ORDER BY term out of range - should be between 1 and 3
  SELECT * FROM v8 AS a27 ORDER BY 0; 
                     error here ---^
END VERI 0
BEGIN VERI 0
Parse error near line 34: no tables specified
END VERI 0
BEGIN VERI 0
Parse error near line 37: 1st ORDER BY term out of range - should be between 1 and 3
  SELECT * FROM v0 AS a28 ORDER BY 0; 
                     error here ---^
END VERI 0
BEGIN VERI 0
Parse error near line 40: misuse of aggregate function max()
END VERI 0

Query: 1: 
CREATE TABLE v0 ( c1, c2, c3, PRIMARY KEY ( c3 ), CHECK( c1 != c1 ) ) WITHOUT ROWID; 
INSERT INTO v0 VALUES ( 0, 0, 0 ), ( 0, 0, 0 ); 
; 
; 
ALTER TABLE v0 DROP c2; 
; 
ALTER TABLE v0 DROP c1; 
; 
CREATE TABLE v8 ( c9, c10, c11 PRIMARY KEY ) WITHOUT ROWID; 
CREATE VIEW v12 AS SELECT * FROM v8 AS a13 JOIN v8 AS a14 USING ( c11, c11, c9, c9, c9, c9, c10, c11, c11, c9, c9, c11, c11, c10, c9, c9, c11, c10 ) WHERE max ( c11 ) = ( c9 ) AND c10 = 18446744073709551615 ORDER BY 0; 
; 
SELECT 'BEGIN VERI 0'; 
SELECT a16.c2 || a16.c1 || a16.c2 FROM v0 AS a16 ORDER BY 18446744073709551615; 
SELECT 'END VERI 0'; 
SELECT 'BEGIN VERI 0'; 
SELECT * FROM v8 AS a17, v12 AS a18 ORDER BY 18446744073709551615; 
SELECT 'END VERI 0'; 
SELECT 'BEGIN VERI 0'; 
WITH v19 ( c21 ) AS ( WITH v22 AS ( WITH v22 AS ( SELECT 0 y ORDER BY 0 ) SELECT avg ( c21 ) FROM ( SELECT * ORDER BY x'616263' ) AS y ORDER BY 18446744073709551615 ) SELECT 0 ORDER BY 0 ) SELECT * FROM ( SELECT 18446744073709551488 AS y FROM v22 AS a23 ORDER BY 0 ) AS y LEFT JOIN v19 AS a20 ON c21 IS NULL GROUP BY c21 HAVING c21 > c21 % 0 >= 0 ORDER BY 18446744073709551488; 
SELECT 'END VERI 0'; 
SELECT 'BEGIN VERI 0'; 
SELECT * FROM v0 AS a24 GROUP BY a24.c2, a24.c2 < y ( a24.c2 ) ORDER BY 0; 
SELECT 'END VERI 0'; 
SELECT 'BEGIN VERI 0'; 
SELECT * FROM v0 AS a25 ORDER BY 0; 
SELECT 'END VERI 0'; 
SELECT 'BEGIN VERI 0'; 
SELECT a26.c8 FROM v12 AS a26 ORDER BY 9223372036854775807; 
SELECT 'END VERI 0'; 
SELECT 'BEGIN VERI 0'; 
SELECT * FROM v8 AS a27 ORDER BY 0; 
SELECT 'END VERI 0'; 
SELECT 'BEGIN VERI 0'; 
SELECT * ORDER BY 18446744073709551488; 
SELECT 'END VERI 0'; 
SELECT 'BEGIN VERI 0'; 
SELECT * FROM v0 AS a28 ORDER BY 0; 
SELECT 'END VERI 0'; 
SELECT 'BEGIN VERI 0'; 
SELECT * FROM v12 AS a29, v8 AS a30 ORDER BY 0; 
SELECT 'END VERI 0'; 

Result string: 
Runtime error near line 2: CHECK constraint failed: c1 != c1 (19)
Runtime error near line 7: error in table v0 after drop column: no such column: c1
BEGIN VERI 0
Parse error near line 13: no such column: a16.c2
  SELECT a16.c2 || a16.c1 || a16.c2 FROM v0 AS a16 ORDER BY 18446744073709551615
         ^--- error here
END VERI 0
BEGIN VERI 0
Parse error near line 16: misuse of aggregate function max()
END VERI 0
BEGIN VERI 0
Parse error near line 19: no such table: v22
END VERI 0
BEGIN VERI 0
Parse error near line 22: 1st ORDER BY term out of range - should be between 1 and 2
  4 GROUP BY a24.c2, a24.c2 < y ( a24.c2 ) ORDER BY 0; 
                                      error here ---^
END VERI 0
BEGIN VERI 0
Parse error near line 25: 1st ORDER BY term out of range - should be between 1 and 2
  SELECT * FROM v0 AS a25 ORDER BY 0; 
                     error here ---^
END VERI 0
BEGIN VERI 0
Parse error near line 28: misuse of aggregate function max()
END VERI 0
BEGIN VERI 0
Parse error near line 31: 1st ORDER BY term out of range - should be between 1 and 3
  SELECT * FROM v8 AS a27 ORDER BY 0; 
                     error here ---^
END VERI 0
BEGIN VERI 0
Parse error near line 34: no tables specified
END VERI 0
BEGIN VERI 0
Parse error near line 37: 1st ORDER BY term out of range - should be between 1 and 2
  SELECT * FROM v0 AS a28 ORDER BY 0; 
                     error here ---^
END VERI 0
BEGIN VERI 0
Parse error near line 40: misuse of aggregate function max()
END VERI 0


Final_res: 0
Detailed result: 


Result NUM: 0 
RESULT FLAGS: 0
Str: 
 
INT: -1 
Str: 
Parse error near line 13: no such column: a16.c2
  SELECT a16.c2 || a16.c1 || a16.c2 FROM v0 AS a16 ORDER BY 18446744073709551615
         ^--- error here
 
INT: 2 


Result NUM: 1 
RESULT FLAGS: 1
Str: 
Parse error near line 16: misuse of aggregate function max()
 
INT: 0 
Str: 
Parse error near line 16: misuse of aggregate function max()
 
INT: 0 


Result NUM: 2 
RESULT FLAGS: 1
Str: 
Parse error near line 19: no such table: v22
 
INT: 0 
Str: 
Parse error near line 19: no such table: v22
 
INT: 0 


Result NUM: 3 
RESULT FLAGS: 1
Str: 
Parse error near line 22: 1st ORDER BY term out of range - should be between 1 and 3
  4 GROUP BY a24.c2, a24.c2 < y ( a24.c2 ) ORDER BY 0; 
                                      error here ---^
 
INT: 2 
Str: 
Parse error near line 22: 1st ORDER BY term out of range - should be between 1 and 2
  4 GROUP BY a24.c2, a24.c2 < y ( a24.c2 ) ORDER BY 0; 
                                      error here ---^
 
INT: 2 


Result NUM: 4 
RESULT FLAGS: 1
Str: 
Parse error near line 25: 1st ORDER BY term out of range - should be between 1 and 3
  SELECT * FROM v0 AS a25 ORDER BY 0; 
                     error here ---^
 
INT: 2 
Str: 
Parse error near line 25: 1st ORDER BY term out of range - should be between 1 and 2
  SELECT * FROM v0 AS a25 ORDER BY 0; 
                     error here ---^
 
INT: 2 


Result NUM: 5 
RESULT FLAGS: 1
Str: 
Parse error near line 28: misuse of aggregate function max()
 
INT: 0 
Str: 
Parse error near line 28: misuse of aggregate function max()
 
INT: 0 


Result NUM: 6 
RESULT FLAGS: 1
Str: 
Parse error near line 31: 1st ORDER BY term out of range - should be between 1 and 3
  SELECT * FROM v8 AS a27 ORDER BY 0; 
                     error here ---^
 
INT: 2 
Str: 
Parse error near line 31: 1st ORDER BY term out of range - should be between 1 and 3
  SELECT * FROM v8 AS a27 ORDER BY 0; 
                     error here ---^
 
INT: 2 


Result NUM: 7 
RESULT FLAGS: 1
Str: 
Parse error near line 34: no tables specified
 
INT: 0 
Str: 
Parse error near line 34: no tables specified
 
INT: 0 


Result NUM: 8 
RESULT FLAGS: 1
Str: 
Parse error near line 37: 1st ORDER BY term out of range - should be between 1 and 3
  SELECT * FROM v0 AS a28 ORDER BY 0; 
                     error here ---^
 
INT: 2 
Str: 
Parse error near line 37: 1st ORDER BY term out of range - should be between 1 and 2
  SELECT * FROM v0 AS a28 ORDER BY 0; 
                     error here ---^
 
INT: 2 


Result NUM: 9 
RESULT FLAGS: 1
Str: 
Parse error near line 40: misuse of aggregate function max()
 
INT: 0 
Str: 
Parse error near line 40: misuse of aggregate function max()
 
INT: 0 
Compare_result_int: 
0



