Multiple execution of SQLite: 
Query: 0: 
CREATE TABLE v0 ( c1, c2, c3 ); 
CREATE INDEX i4 ON v0 ( c2 ); 
CREATE VIEW v5 AS SELECT * FROM v0 AS a6 ORDER BY 16; 
CREATE INDEX i7 ON v0 ( c3 ); 
CREATE TABLE v8 ( c9 INTEGER PRIMARY KEY, c10, c11 UNIQUE ); 
CREATE TABLE v12 ( c13 DEFAULT 100, c14, c15 ); 
CREATE INDEX i16 ON v0 ( c3 ); 
CREATE INDEX i17 ON v0 ( c1 ); 
ALTER TABLE v0 DROP COLUMN c2; 
CREATE INDEX i18 ON v12 ( c13 ); 
ALTER TABLE v0 DROP COLUMN c1; 
CREATE VIRTUAL TABLE v19 USING fts5 ( c20, c21 ); 
ALTER TABLE v19 DROP COLUMN c21; 
SELECT 'BEGIN VERI 0'; 
SELECT a23.c9 COLLATE binary FROM v0 AS a22, v8 AS a23 NATURAL JOIN v5 AS a24 WHERE a24.c2 < a23.c11 ORDER BY 100; 
SELECT 'END VERI 0'; 
SELECT 'BEGIN VERI 0'; 
SELECT * FROM v0 AS a25 GROUP BY a25.c3, a25.c2 < a25.c3 ORDER BY 100; 
SELECT 'END VERI 0'; 
SELECT 'BEGIN VERI 0'; 
SELECT * FROM v0 AS a26, v12 AS a27 NATURAL JOIN v0 AS a28 ORDER BY 18446744073709551615; 
SELECT 'END VERI 0'; 
SELECT 'BEGIN VERI 0'; 
SELECT a29.c15, a29.c14 FROM v12 AS a29 RIGHT JOIN v0 AS a30 ON a29.c13 || a29.c13 || a30.c2 = a29.c15 ORDER BY 0; 
SELECT 'END VERI 0'; 
SELECT 'BEGIN VERI 0'; 
SELECT * FROM v12 AS a31, v0 AS a32 ORDER BY 100; 
SELECT 'END VERI 0'; 
SELECT 'BEGIN VERI 0'; 
SELECT a33.c3 FROM v19 AS a33 ORDER BY 18446744073709551615; 
SELECT 'END VERI 0'; 
SELECT 'BEGIN VERI 0'; 
SELECT * FROM v5 AS a34 ORDER BY a34.c3, a34.c3, a34.c2; 
SELECT 'END VERI 0'; 
SELECT 'BEGIN VERI 0'; 
SELECT a35.c2, count ( ( NOT ( a35.c2 IS NULL ) ) AND ( NOT ( a35.c3 IS NULL ) ) ) FROM v5 AS a35 ORDER BY 0; 
SELECT 'END VERI 0'; 
SELECT 'BEGIN VERI 0'; 
SELECT * FROM v19 AS a36 ORDER BY 0 - ( a36.c20 + a36.c3 ); 
SELECT 'END VERI 0'; 
SELECT 'BEGIN VERI 0'; 
SELECT count ( ( NOT ( a37.c1 IS NULL ) ) AND ( NOT ( a37.c1 IS NULL ) ) ) FROM v5 AS a37 ORDER BY 100; 
SELECT 'END VERI 0'; 

Result string: 
Runtime error near line 9: error in index i4 after drop column: no such column: c2
Runtime error near line 11: error in index i17 after drop column: no such column: c1
Runtime error near line 12: no such module: fts5
Parse error near line 13: no such table: v19
BEGIN VERI 0
Parse error near line 15: 1st ORDER BY term out of range - should be between 1 and 3
END VERI 0
BEGIN VERI 0
Parse error near line 18: 1st ORDER BY term out of range - should be between 1 and 3
END VERI 0
BEGIN VERI 0
END VERI 0
BEGIN VERI 0
Parse error near line 24: 1st ORDER BY term out of range - should be between 1 and 2
  N a29.c13 || a29.c13 || a30.c2 = a29.c15 ORDER BY 0; 
                                      error here ---^
END VERI 0
BEGIN VERI 0
Parse error near line 27: 1st ORDER BY term out of range - should be between 1 and 6
END VERI 0
BEGIN VERI 0
Parse error near line 30: no such table: v19
END VERI 0
BEGIN VERI 0
Parse error near line 33: 1st ORDER BY term out of range - should be between 1 and 3
END VERI 0
BEGIN VERI 0
Parse error near line 36: 1st ORDER BY term out of range - should be between 1 and 3
END VERI 0
BEGIN VERI 0
Parse error near line 39: no such table: v19
END VERI 0
BEGIN VERI 0
Parse error near line 42: 1st ORDER BY term out of range - should be between 1 and 3
END VERI 0

Query: 1: 
CREATE TABLE v0 ( c1, c2, c3 ); 
; 
CREATE VIEW v5 AS SELECT * FROM v0 AS a6 ORDER BY 16; 
; 
CREATE TABLE v8 ( c9 INTEGER PRIMARY KEY, c10, c11 UNIQUE ); 
CREATE TABLE v12 ( c13 DEFAULT 100, c14, c15 ); 
; 
; 
ALTER TABLE v0 DROP COLUMN c2; 
; 
ALTER TABLE v0 DROP COLUMN c1; 
CREATE VIRTUAL TABLE v19 USING fts5 ( c20, c21 ); 
ALTER TABLE v19 DROP COLUMN c21; 
SELECT 'BEGIN VERI 0'; 
SELECT a23.c9 COLLATE binary FROM v0 AS a22, v8 AS a23 NATURAL JOIN v5 AS a24 WHERE a24.c2 < a23.c11 ORDER BY 100; 
SELECT 'END VERI 0'; 
SELECT 'BEGIN VERI 0'; 
SELECT * FROM v0 AS a25 GROUP BY a25.c3, a25.c2 < a25.c3 ORDER BY 100; 
SELECT 'END VERI 0'; 
SELECT 'BEGIN VERI 0'; 
SELECT * FROM v0 AS a26, v12 AS a27 NATURAL JOIN v0 AS a28 ORDER BY 18446744073709551615; 
SELECT 'END VERI 0'; 
SELECT 'BEGIN VERI 0'; 
SELECT a29.c15, a29.c14 FROM v12 AS a29 RIGHT JOIN v0 AS a30 ON a29.c13 || a29.c13 || a30.c2 = a29.c15 ORDER BY 0; 
SELECT 'END VERI 0'; 
SELECT 'BEGIN VERI 0'; 
SELECT * FROM v12 AS a31, v0 AS a32 ORDER BY 100; 
SELECT 'END VERI 0'; 
SELECT 'BEGIN VERI 0'; 
SELECT a33.c3 FROM v19 AS a33 ORDER BY 18446744073709551615; 
SELECT 'END VERI 0'; 
SELECT 'BEGIN VERI 0'; 
SELECT * FROM v5 AS a34 ORDER BY a34.c3, a34.c3, a34.c2; 
SELECT 'END VERI 0'; 
SELECT 'BEGIN VERI 0'; 
SELECT a35.c2, count ( ( NOT ( a35.c2 IS NULL ) ) AND ( NOT ( a35.c3 IS NULL ) ) ) FROM v5 AS a35 ORDER BY 0; 
SELECT 'END VERI 0'; 
SELECT 'BEGIN VERI 0'; 
SELECT * FROM v19 AS a36 ORDER BY 0 - ( a36.c20 + a36.c3 ); 
SELECT 'END VERI 0'; 
SELECT 'BEGIN VERI 0'; 
SELECT count ( ( NOT ( a37.c1 IS NULL ) ) AND ( NOT ( a37.c1 IS NULL ) ) ) FROM v5 AS a37 ORDER BY 100; 
SELECT 'END VERI 0'; 

Result string: 
Runtime error near line 12: no such module: fts5
Parse error near line 13: no such table: v19
BEGIN VERI 0
Parse error near line 15: 1st ORDER BY term out of range - should be between 1 and 1
END VERI 0
BEGIN VERI 0
Parse error near line 18: 1st ORDER BY term out of range - should be between 1 and 1
END VERI 0
BEGIN VERI 0
END VERI 0
BEGIN VERI 0
Parse error near line 24: no such column: a30.c2
END VERI 0
BEGIN VERI 0
Parse error near line 27: 1st ORDER BY term out of range - should be between 1 and 4
END VERI 0
BEGIN VERI 0
Parse error near line 30: no such table: v19
END VERI 0
BEGIN VERI 0
Parse error near line 33: 1st ORDER BY term out of range - should be between 1 and 1
END VERI 0
BEGIN VERI 0
Parse error near line 36: 1st ORDER BY term out of range - should be between 1 and 1
END VERI 0
BEGIN VERI 0
Parse error near line 39: no such table: v19
END VERI 0
BEGIN VERI 0
Parse error near line 42: 1st ORDER BY term out of range - should be between 1 and 1
END VERI 0


Final_res: 0
Detailed result: 


Result NUM: 0 
RESULT FLAGS: 1
Str: 
Parse error near line 15: 1st ORDER BY term out of range - should be between 1 and 3
 
INT: 0 
Str: 
Parse error near line 15: 1st ORDER BY term out of range - should be between 1 and 1
 
INT: 0 


Result NUM: 1 
RESULT FLAGS: 1
Str: 
Parse error near line 18: 1st ORDER BY term out of range - should be between 1 and 3
 
INT: 0 
Str: 
Parse error near line 18: 1st ORDER BY term out of range - should be between 1 and 1
 
INT: 0 


Result NUM: 2 
RESULT FLAGS: 1
Str: 
 
INT: -1 
Str: 
 
INT: -1 


Result NUM: 3 
RESULT FLAGS: 0
Str: 
Parse error near line 24: 1st ORDER BY term out of range - should be between 1 and 2
  N a29.c13 || a29.c13 || a30.c2 = a29.c15 ORDER BY 0; 
                                      error here ---^
 
INT: 2 
Str: 
Parse error near line 24: no such column: a30.c2
 
INT: 0 


Result NUM: 4 
RESULT FLAGS: 1
Str: 
Parse error near line 27: 1st ORDER BY term out of range - should be between 1 and 6
 
INT: 0 
Str: 
Parse error near line 27: 1st ORDER BY term out of range - should be between 1 and 4
 
INT: 0 


Result NUM: 5 
RESULT FLAGS: 1
Str: 
Parse error near line 30: no such table: v19
 
INT: 0 
Str: 
Parse error near line 30: no such table: v19
 
INT: 0 


Result NUM: 6 
RESULT FLAGS: 1
Str: 
Parse error near line 33: 1st ORDER BY term out of range - should be between 1 and 3
 
INT: 0 
Str: 
Parse error near line 33: 1st ORDER BY term out of range - should be between 1 and 1
 
INT: 0 


Result NUM: 7 
RESULT FLAGS: 1
Str: 
Parse error near line 36: 1st ORDER BY term out of range - should be between 1 and 3
 
INT: 0 
Str: 
Parse error near line 36: 1st ORDER BY term out of range - should be between 1 and 1
 
INT: 0 


Result NUM: 8 
RESULT FLAGS: 1
Str: 
Parse error near line 39: no such table: v19
 
INT: 0 
Str: 
Parse error near line 39: no such table: v19
 
INT: 0 


Result NUM: 9 
RESULT FLAGS: 1
Str: 
Parse error near line 42: 1st ORDER BY term out of range - should be between 1 and 3
 
INT: 0 
Str: 
Parse error near line 42: 1st ORDER BY term out of range - should be between 1 and 1
 
INT: 0 
Compare_result_int: 
0



