Multiple execution of SQLite: 
Query: 0: 
CREATE TABLE v0 ( c1, c2, c3, c4, c5, c6, c7, c8, c9, c10, c11, c12, c13, c14, c15, c16, c17 ); 
CREATE TABLE v18 ( c19, c20, c21 REFERENCES p1 ( c19 ) ); 
CREATE TABLE v22 ( c23, c24, c25, c26 REFERENCES p1 ( c26 ) ); 
CREATE INDEX i27 ON v22 ( c26 ); 
ALTER TABLE v22 DROP COLUMN c26; 
CREATE INDEX i28 ON v0 ( c16 ); 
CREATE INDEX i29 ON v0 ( c4 ); 
ALTER TABLE v22 DROP COLUMN c26; 
CREATE INDEX i30 ON v0 ( c15 ); 
CREATE INDEX i31 ON v22 ( c24 ); 
SELECT 'BEGIN VERI 0'; 
SELECT ( SELECT count ( * ) FROM v18 AS a33, v22 AS a34 WHERE a33.c20 = a34.c26 AND a34.c25 = a33.c20 ORDER BY 18446744073709551615 ), a32.c2, a32.c3, 'v1' FROM v0 AS a32 GROUP BY a32.c12, a32.c9 < a32.c12 ORDER BY 18446744073709551615; 
SELECT 'END VERI 0'; 
SELECT 'BEGIN VERI 0'; 
SELECT * FROM v22 AS a35, v18 AS a36 NATURAL JOIN v18 AS a37 ORDER BY 16; 
SELECT 'END VERI 0'; 
SELECT 'BEGIN VERI 0'; 
SELECT * FROM v0 AS a38 GROUP BY a38.c4, a38.c14, count ( a38.c4 ) ORDER BY 127; 
SELECT 'END VERI 0'; 
SELECT 'BEGIN VERI 0'; 
SELECT *, 'x' FROM v22 AS a39 LEFT JOIN v0 AS a40 ON a39.c23 = 18446744073709551615 AND a39.c26 = 18446744073709551615 ORDER BY 10; 
SELECT 'END VERI 0'; 
SELECT 'BEGIN VERI 0'; 
SELECT * FROM v0 AS a41 GROUP BY a41.c2, a41.c7 < a41.c13 ORDER BY 18446744073709551615; 
SELECT 'END VERI 0'; 
SELECT 'BEGIN VERI 0'; 
SELECT a43.c19, count ( ( NOT ( a42.c24 IS NULL ) ) AND ( NOT ( a43.c20 IS NULL ) ) ) FROM v22 AS a42 LEFT JOIN v18 AS a43 ON a43.c19 = a43.c20 WHERE a42.c24 != 100 ORDER BY 10; 
SELECT 'END VERI 0'; 
SELECT 'BEGIN VERI 0'; 
SELECT * FROM v18 AS a44 ORDER BY 100; 
SELECT 'END VERI 0'; 
SELECT 'BEGIN VERI 0'; 
SELECT a45.c21 FROM v18 AS a45 ORDER BY 255; 
SELECT 'END VERI 0'; 
SELECT 'BEGIN VERI 0'; 
SELECT * FROM v0 AS a46 GROUP BY a46.c6, abs ( a46.c4 ) HAVING count ( * ) >= 0 ORDER BY 100; 
SELECT 'END VERI 0'; 
SELECT 'BEGIN VERI 0'; 
SELECT * FROM v22 AS a47, v22 AS a48 NATURAL JOIN v18 AS a49 ORDER BY 127; 
SELECT 'END VERI 0'; 

Result string: 
Runtime error near line 5: error in index i27 after drop column: no such column: c26
Runtime error near line 8: error in index i27 after drop column: no such column: c26
BEGIN VERI 0
END VERI 0
BEGIN VERI 0
Parse error near line 15: 1st ORDER BY term out of range - should be between 1 and 7
END VERI 0
BEGIN VERI 0
Parse error near line 18: 1st ORDER BY term out of range - should be between 1 and 17
END VERI 0
BEGIN VERI 0
END VERI 0
BEGIN VERI 0
END VERI 0
BEGIN VERI 0
Parse error near line 27: 1st ORDER BY term out of range - should be between 1 and 2
END VERI 0
BEGIN VERI 0
Parse error near line 30: 1st ORDER BY term out of range - should be between 1 and 3
END VERI 0
BEGIN VERI 0
Parse error near line 33: 1st ORDER BY term out of range - should be between 1 and 1
END VERI 0
BEGIN VERI 0
Parse error near line 36: 1st ORDER BY term out of range - should be between 1 and 17
END VERI 0
BEGIN VERI 0
Parse error near line 39: 1st ORDER BY term out of range - should be between 1 and 11
END VERI 0

Query: 1: 
CREATE TABLE v0 ( c1, c2, c3, c4, c5, c6, c7, c8, c9, c10, c11, c12, c13, c14, c15, c16, c17 ); 
CREATE TABLE v18 ( c19, c20, c21 REFERENCES p1 ( c19 ) ); 
CREATE TABLE v22 ( c23, c24, c25, c26 REFERENCES p1 ( c26 ) ); 
; 
ALTER TABLE v22 DROP COLUMN c26; 
; 
; 
ALTER TABLE v22 DROP COLUMN c26; 
; 
; 
SELECT 'BEGIN VERI 0'; 
SELECT ( SELECT count ( * ) FROM v18 AS a33, v22 AS a34 WHERE a33.c20 = a34.c26 AND a34.c25 = a33.c20 ORDER BY 18446744073709551615 ), a32.c2, a32.c3, 'v1' FROM v0 AS a32 GROUP BY a32.c12, a32.c9 < a32.c12 ORDER BY 18446744073709551615; 
SELECT 'END VERI 0'; 
SELECT 'BEGIN VERI 0'; 
SELECT * FROM v22 AS a35, v18 AS a36 NATURAL JOIN v18 AS a37 ORDER BY 16; 
SELECT 'END VERI 0'; 
SELECT 'BEGIN VERI 0'; 
SELECT * FROM v0 AS a38 GROUP BY a38.c4, a38.c14, count ( a38.c4 ) ORDER BY 127; 
SELECT 'END VERI 0'; 
SELECT 'BEGIN VERI 0'; 
SELECT *, 'x' FROM v22 AS a39 LEFT JOIN v0 AS a40 ON a39.c23 = 18446744073709551615 AND a39.c26 = 18446744073709551615 ORDER BY 10; 
SELECT 'END VERI 0'; 
SELECT 'BEGIN VERI 0'; 
SELECT * FROM v0 AS a41 GROUP BY a41.c2, a41.c7 < a41.c13 ORDER BY 18446744073709551615; 
SELECT 'END VERI 0'; 
SELECT 'BEGIN VERI 0'; 
SELECT a43.c19, count ( ( NOT ( a42.c24 IS NULL ) ) AND ( NOT ( a43.c20 IS NULL ) ) ) FROM v22 AS a42 LEFT JOIN v18 AS a43 ON a43.c19 = a43.c20 WHERE a42.c24 != 100 ORDER BY 10; 
SELECT 'END VERI 0'; 
SELECT 'BEGIN VERI 0'; 
SELECT * FROM v18 AS a44 ORDER BY 100; 
SELECT 'END VERI 0'; 
SELECT 'BEGIN VERI 0'; 
SELECT a45.c21 FROM v18 AS a45 ORDER BY 255; 
SELECT 'END VERI 0'; 
SELECT 'BEGIN VERI 0'; 
SELECT * FROM v0 AS a46 GROUP BY a46.c6, abs ( a46.c4 ) HAVING count ( * ) >= 0 ORDER BY 100; 
SELECT 'END VERI 0'; 
SELECT 'BEGIN VERI 0'; 
SELECT * FROM v22 AS a47, v22 AS a48 NATURAL JOIN v18 AS a49 ORDER BY 127; 
SELECT 'END VERI 0'; 

Result string: 
Parse error near line 8: no such column: "c26"
  ALTER TABLE v22 DROP COLUMN c26; 
                error here ---^
BEGIN VERI 0
Parse error near line 12: no such column: a34.c26
  ( * ) FROM v18 AS a33, v22 AS a34 WHERE a33.c20 = a34.c26 AND a34.c25 = a33.c2
                                      error here ---^
END VERI 0
BEGIN VERI 0
Parse error near line 15: 1st ORDER BY term out of range - should be between 1 and 6
END VERI 0
BEGIN VERI 0
Parse error near line 18: 1st ORDER BY term out of range - should be between 1 and 17
END VERI 0
BEGIN VERI 0
Parse error near line 21: no such column: a39.c26
END VERI 0
BEGIN VERI 0
END VERI 0
BEGIN VERI 0
Parse error near line 27: 1st ORDER BY term out of range - should be between 1 and 2
END VERI 0
BEGIN VERI 0
Parse error near line 30: 1st ORDER BY term out of range - should be between 1 and 3
END VERI 0
BEGIN VERI 0
Parse error near line 33: 1st ORDER BY term out of range - should be between 1 and 1
END VERI 0
BEGIN VERI 0
Parse error near line 36: 1st ORDER BY term out of range - should be between 1 and 17
END VERI 0
BEGIN VERI 0
Parse error near line 39: 1st ORDER BY term out of range - should be between 1 and 9
END VERI 0


Final_res: 0
Detailed result: 


Result NUM: 0 
RESULT FLAGS: 0
Str: 
 
INT: -1 
Str: 
Parse error near line 12: no such column: a34.c26
  ( * ) FROM v18 AS a33, v22 AS a34 WHERE a33.c20 = a34.c26 AND a34.c25 = a33.c2
                                      error here ---^
 
INT: 2 


Result NUM: 1 
RESULT FLAGS: 1
Str: 
Parse error near line 15: 1st ORDER BY term out of range - should be between 1 and 7
 
INT: 0 
Str: 
Parse error near line 15: 1st ORDER BY term out of range - should be between 1 and 6
 
INT: 0 


Result NUM: 2 
RESULT FLAGS: 1
Str: 
Parse error near line 18: 1st ORDER BY term out of range - should be between 1 and 17
 
INT: 0 
Str: 
Parse error near line 18: 1st ORDER BY term out of range - should be between 1 and 17
 
INT: 0 


Result NUM: 3 
RESULT FLAGS: 0
Str: 
 
INT: -1 
Str: 
Parse error near line 21: no such column: a39.c26
 
INT: 0 


Result NUM: 4 
RESULT FLAGS: 1
Str: 
 
INT: -1 
Str: 
 
INT: -1 


Result NUM: 5 
RESULT FLAGS: 1
Str: 
Parse error near line 27: 1st ORDER BY term out of range - should be between 1 and 2
 
INT: 0 
Str: 
Parse error near line 27: 1st ORDER BY term out of range - should be between 1 and 2
 
INT: 0 


Result NUM: 6 
RESULT FLAGS: 1
Str: 
Parse error near line 30: 1st ORDER BY term out of range - should be between 1 and 3
 
INT: 0 
Str: 
Parse error near line 30: 1st ORDER BY term out of range - should be between 1 and 3
 
INT: 0 


Result NUM: 7 
RESULT FLAGS: 1
Str: 
Parse error near line 33: 1st ORDER BY term out of range - should be between 1 and 1
 
INT: 0 
Str: 
Parse error near line 33: 1st ORDER BY term out of range - should be between 1 and 1
 
INT: 0 


Result NUM: 8 
RESULT FLAGS: 1
Str: 
Parse error near line 36: 1st ORDER BY term out of range - should be between 1 and 17
 
INT: 0 
Str: 
Parse error near line 36: 1st ORDER BY term out of range - should be between 1 and 17
 
INT: 0 


Result NUM: 9 
RESULT FLAGS: 1
Str: 
Parse error near line 39: 1st ORDER BY term out of range - should be between 1 and 11
 
INT: 0 
Str: 
Parse error near line 39: 1st ORDER BY term out of range - should be between 1 and 9
 
INT: 0 
Compare_result_int: 
0



