Multiple execution of SQLite: 
Query: 0: 
CREATE TABLE v0 ( c1, c2, c3 ); 
CREATE INDEX i4 ON v0 ( c2 ); 
CREATE TABLE v5 ( c6 CHECK( c7 != 4294967295 ), c7, c8 CHECK( c9 > 127 ), c9 ); 
CREATE INDEX i10 ON v5 ( c8 ); 
CREATE INDEX i11 ON v5 ( c6 ); 
CREATE TABLE v12 ( c13 INTEGER PRIMARY KEY, c14, c15 UNIQUE ); 
CREATE TABLE v16 ( c17 AS( ( ( SELECT c6, sum ( c8 ) FROM v5 AS a19 GROUP BY c6 - 4294967295 ORDER BY 2147483647 ) % 127 ) != 127 ), c18 ); 
CREATE INDEX i20 ON v5 ( c9 ); 
ALTER TABLE v5 DROP COLUMN c8; 
ALTER TABLE v12 DROP COLUMN c13; 
CREATE VIRTUAL TABLE v21 USING fts5 ( c22, c23 ); 
CREATE INDEX i24 ON v5 ( c7 ); 
ALTER TABLE v5 DROP COLUMN c6; 
SELECT 'BEGIN VERI 0'; 
SELECT * FROM v21 AS a25 ORDER BY 2147483647; 
SELECT 'END VERI 0'; 
SELECT 'BEGIN VERI 0'; 
SELECT * FROM v0 AS a26 ORDER BY ( ( a26.c3 + - 0 ) % 0 ) != 0 + 0; 
SELECT 'END VERI 0'; 
SELECT 'BEGIN VERI 0'; 
SELECT + c6 ORDER BY 18446744071562067968; 
SELECT 'END VERI 0'; 
SELECT 'BEGIN VERI 0'; 
SELECT * FROM v21 AS a27 WHERE ( a27.c22 = 18446744073709551615 OR a27.c22 = 0 ) AND a27.c6 IN ( SELECT ( SELECT min ( a28.c22 ) OVER ( ORDER BY 2147483647 ) ORDER BY 2.000000 ) FROM v21 AS a28, v5 AS a29 ORDER BY a28.c6 = a29.c6 || a29.c7 ) ORDER BY 255; 
SELECT 'END VERI 0'; 
SELECT 'BEGIN VERI 0'; 
SELECT a30.c6, count ( a30.c8 ) FROM v5 AS a30 ORDER BY 16; 
SELECT 'END VERI 0'; 
SELECT 'BEGIN VERI 0'; 
SELECT count ( a31.c7 ) FROM v5 AS a31 ORDER BY 2147483647; 
SELECT 'END VERI 0'; 
SELECT 'BEGIN VERI 0'; 
SELECT * FROM v5 AS a32 GROUP BY a32.c6 HAVING a32.c9 > a32.c9 % 2147483647 >= 0 ORDER BY 255; 
SELECT 'END VERI 0'; 
SELECT 'BEGIN VERI 0'; 
SELECT * FROM v21 AS a33 WHERE a33.c23 || a33.c6 IN v21 ORDER BY 0; 
SELECT 'END VERI 0'; 
SELECT 'BEGIN VERI 0'; 
SELECT * FROM v5 AS a34 ORDER BY 'v1'; 
SELECT 'END VERI 0'; 
SELECT 'BEGIN VERI 0'; 
SELECT a35.c17, count ( a35.c18 ) FROM v16 AS a35 ORDER BY 2147483647; 
SELECT 'END VERI 0'; 

Result string: 
Parse error near line 7: subqueries prohibited in generated columns
Runtime error near line 9: error in index i10 after drop column: no such column: c8
Parse error near line 10: cannot drop PRIMARY KEY column: "c13"
Runtime error near line 11: no such module: fts5
Runtime error near line 13: error in index i11 after drop column: no such column: c6
BEGIN VERI 0
Parse error near line 15: no such table: v21
END VERI 0
BEGIN VERI 0
END VERI 0
BEGIN VERI 0
Parse error near line 21: no such column: c6
  SELECT + c6 ORDER BY 18446744071562067968; 
           ^--- error here
END VERI 0
BEGIN VERI 0
Parse error near line 24: no such table: v21
END VERI 0
BEGIN VERI 0
Parse error near line 27: 1st ORDER BY term out of range - should be between 1 and 2
END VERI 0
BEGIN VERI 0
Parse error near line 30: 1st ORDER BY term out of range - should be between 1 and 1
  SELECT count ( a31.c7 ) FROM v5 AS a31 ORDER BY 2147483647; 
                                    error here ---^
END VERI 0
BEGIN VERI 0
Parse error near line 33: 1st ORDER BY term out of range - should be between 1 and 4
END VERI 0
BEGIN VERI 0
Parse error near line 36: no such table: v21
END VERI 0
BEGIN VERI 0
END VERI 0
BEGIN VERI 0
Parse error near line 42: no such table: v16
END VERI 0

Query: 1: 
CREATE TABLE v0 ( c1, c2, c3 ); 
; 
CREATE TABLE v5 ( c6 CHECK( c7 != 4294967295 ), c7, c8 CHECK( c9 > 127 ), c9 ); 
; 
; 
CREATE TABLE v12 ( c13 INTEGER PRIMARY KEY, c14, c15 UNIQUE ); 
CREATE TABLE v16 ( c17 AS( ( ( SELECT c6, sum ( c8 ) FROM v5 AS a19 GROUP BY c6 - 4294967295 ORDER BY 2147483647 ) % 127 ) != 127 ), c18 ); 
; 
ALTER TABLE v5 DROP COLUMN c8; 
ALTER TABLE v12 DROP COLUMN c13; 
CREATE VIRTUAL TABLE v21 USING fts5 ( c22, c23 ); 
; 
ALTER TABLE v5 DROP COLUMN c6; 
SELECT 'BEGIN VERI 0'; 
SELECT * FROM v21 AS a25 ORDER BY 2147483647; 
SELECT 'END VERI 0'; 
SELECT 'BEGIN VERI 0'; 
SELECT * FROM v0 AS a26 ORDER BY ( ( a26.c3 + - 0 ) % 0 ) != 0 + 0; 
SELECT 'END VERI 0'; 
SELECT 'BEGIN VERI 0'; 
SELECT + c6 ORDER BY 18446744071562067968; 
SELECT 'END VERI 0'; 
SELECT 'BEGIN VERI 0'; 
SELECT * FROM v21 AS a27 WHERE ( a27.c22 = 18446744073709551615 OR a27.c22 = 0 ) AND a27.c6 IN ( SELECT ( SELECT min ( a28.c22 ) OVER ( ORDER BY 2147483647 ) ORDER BY 2.000000 ) FROM v21 AS a28, v5 AS a29 ORDER BY a28.c6 = a29.c6 || a29.c7 ) ORDER BY 255; 
SELECT 'END VERI 0'; 
SELECT 'BEGIN VERI 0'; 
SELECT a30.c6, count ( a30.c8 ) FROM v5 AS a30 ORDER BY 16; 
SELECT 'END VERI 0'; 
SELECT 'BEGIN VERI 0'; 
SELECT count ( a31.c7 ) FROM v5 AS a31 ORDER BY 2147483647; 
SELECT 'END VERI 0'; 
SELECT 'BEGIN VERI 0'; 
SELECT * FROM v5 AS a32 GROUP BY a32.c6 HAVING a32.c9 > a32.c9 % 2147483647 >= 0 ORDER BY 255; 
SELECT 'END VERI 0'; 
SELECT 'BEGIN VERI 0'; 
SELECT * FROM v21 AS a33 WHERE a33.c23 || a33.c6 IN v21 ORDER BY 0; 
SELECT 'END VERI 0'; 
SELECT 'BEGIN VERI 0'; 
SELECT * FROM v5 AS a34 ORDER BY 'v1'; 
SELECT 'END VERI 0'; 
SELECT 'BEGIN VERI 0'; 
SELECT a35.c17, count ( a35.c18 ) FROM v16 AS a35 ORDER BY 2147483647; 
SELECT 'END VERI 0'; 

Result string: 
Parse error near line 7: subqueries prohibited in generated columns
Parse error near line 10: cannot drop PRIMARY KEY column: "c13"
Runtime error near line 11: no such module: fts5
BEGIN VERI 0
Parse error near line 15: no such table: v21
END VERI 0
BEGIN VERI 0
END VERI 0
BEGIN VERI 0
Parse error near line 21: no such column: c6
  SELECT + c6 ORDER BY 18446744071562067968; 
           ^--- error here
END VERI 0
BEGIN VERI 0
Parse error near line 24: no such table: v21
END VERI 0
BEGIN VERI 0
Parse error near line 27: no such column: a30.c6
  SELECT a30.c6, count ( a30.c8 ) FROM v5 AS a30 ORDER BY 16; 
         ^--- error here
END VERI 0
BEGIN VERI 0
Parse error near line 30: 1st ORDER BY term out of range - should be between 1 and 1
  SELECT count ( a31.c7 ) FROM v5 AS a31 ORDER BY 2147483647; 
                                    error here ---^
END VERI 0
BEGIN VERI 0
Parse error near line 33: 1st ORDER BY term out of range - should be between 1 and 2
END VERI 0
BEGIN VERI 0
Parse error near line 36: no such table: v21
END VERI 0
BEGIN VERI 0
END VERI 0
BEGIN VERI 0
Parse error near line 42: no such table: v16
END VERI 0


Final_res: 0
Detailed result: 


Result NUM: 0 
RESULT FLAGS: 1
Str: 
Parse error near line 15: no such table: v21
 
INT: 0 
Str: 
Parse error near line 15: no such table: v21
 
INT: 0 


Result NUM: 1 
RESULT FLAGS: 1
Str: 
 
INT: -1 
Str: 
 
INT: -1 


Result NUM: 2 
RESULT FLAGS: 1
Str: 
Parse error near line 21: no such column: c6
  SELECT + c6 ORDER BY 18446744071562067968; 
           ^--- error here
 
INT: 2 
Str: 
Parse error near line 21: no such column: c6
  SELECT + c6 ORDER BY 18446744071562067968; 
           ^--- error here
 
INT: 2 


Result NUM: 3 
RESULT FLAGS: 1
Str: 
Parse error near line 24: no such table: v21
 
INT: 0 
Str: 
Parse error near line 24: no such table: v21
 
INT: 0 


Result NUM: 4 
RESULT FLAGS: 0
Str: 
Parse error near line 27: 1st ORDER BY term out of range - should be between 1 and 2
 
INT: 0 
Str: 
Parse error near line 27: no such column: a30.c6
  SELECT a30.c6, count ( a30.c8 ) FROM v5 AS a30 ORDER BY 16; 
         ^--- error here
 
INT: 2 


Result NUM: 5 
RESULT FLAGS: 1
Str: 
Parse error near line 30: 1st ORDER BY term out of range - should be between 1 and 1
  SELECT count ( a31.c7 ) FROM v5 AS a31 ORDER BY 2147483647; 
                                    error here ---^
 
INT: 2 
Str: 
Parse error near line 30: 1st ORDER BY term out of range - should be between 1 and 1
  SELECT count ( a31.c7 ) FROM v5 AS a31 ORDER BY 2147483647; 
                                    error here ---^
 
INT: 2 


Result NUM: 6 
RESULT FLAGS: 1
Str: 
Parse error near line 33: 1st ORDER BY term out of range - should be between 1 and 4
 
INT: 0 
Str: 
Parse error near line 33: 1st ORDER BY term out of range - should be between 1 and 2
 
INT: 0 


Result NUM: 7 
RESULT FLAGS: 1
Str: 
Parse error near line 36: no such table: v21
 
INT: 0 
Str: 
Parse error near line 36: no such table: v21
 
INT: 0 


Result NUM: 8 
RESULT FLAGS: 1
Str: 
 
INT: -1 
Str: 
 
INT: -1 


Result NUM: 9 
RESULT FLAGS: 1
Str: 
Parse error near line 42: no such table: v16
 
INT: 0 
Str: 
Parse error near line 42: no such table: v16
 
INT: 0 
Compare_result_int: 
0



