Multiple execution of SQLite: 
Query: 0: 
CREATE TABLE v0 ( c1, c2, c3 UNIQUE ); 
INSERT INTO v0 VALUES ( x'b1', 'v0', 'x' ); 
CREATE INDEX i4 ON v0 ( c3 ); 
CREATE INDEX i5 ON v0 ( c3 ); 
CREATE VIEW v6 AS SELECT c3 * 127 + 0 AS y, count ( * ) AS y FROM v0 AS a7 GROUP BY c1 ORDER BY 127; 
CREATE TABLE v8 ( c9 INTEGER PRIMARY KEY, c10, c11 UNIQUE ); 
CREATE TABLE v12 ( c13, c14, c15 ); 
CREATE INDEX i16 ON v8 ( c10 ); 
ALTER TABLE v0 DROP COLUMN c2; 
ALTER TABLE v0 DROP COLUMN c1; 
CREATE INDEX i17 ON v12 ( c14 ); 
CREATE VIRTUAL TABLE v18 USING fts5 ( c19, c20 ); 
ALTER TABLE v12 DROP COLUMN c14; 
CREATE INDEX i21 ON v12 ( c13 ); 
SELECT 'BEGIN VERI 0'; 
SELECT * FROM v6 AS a22 WHERE a22.c1 = CASE WHEN a22.c1 != 'x' THEN 127 ELSE 127 END > 127 ORDER BY 127; 
SELECT 'END VERI 0'; 
SELECT 'BEGIN VERI 0'; 
SELECT * FROM v12 AS a23 ORDER BY a23.c13, a23.c14; 
SELECT 'END VERI 0'; 
SELECT 'BEGIN VERI 0'; 
SELECT c9, c2 ORDER BY 127; 
SELECT 'END VERI 0'; 
SELECT 'BEGIN VERI 0'; 
WITH v12 AS ( SELECT * FROM v6 AS a25 ORDER BY a24.c1, v12.c15 ) SELECT a24.c1, max ( a24.c1 || v12.c15 ) FROM v6 AS a24 WHERE ( a24.c1 || v12.c13 || v12.c13 ) != '1.10' GROUP BY v12.c14 ORDER BY 10; 
SELECT 'END VERI 0'; 
SELECT 'BEGIN VERI 0'; 
SELECT * FROM v18 AS a26 ORDER BY a26.c20 COLLATE NOCASE, a26.c20; 
SELECT 'END VERI 0'; 
SELECT 'BEGIN VERI 0'; 
SELECT a27.c1, a27.c1 FROM v6 AS a27 RIGHT JOIN v18 AS a28 ON a28.c20 = a27.c1 WHERE a28.c19 IS 127 ORDER BY 'v1'; 
SELECT 'END VERI 0'; 
SELECT 'BEGIN VERI 0'; 
SELECT * FROM v8 AS a29 ORDER BY 10; 
SELECT 'END VERI 0'; 
SELECT 'BEGIN VERI 0'; 
SELECT a30.c1, max ( a30.c1 || a30.c1 ) FROM v6 AS a30 ORDER BY 0; 
SELECT 'END VERI 0'; 
SELECT 'BEGIN VERI 0'; 
SELECT * FROM v8 AS a31 WHERE a31.c11 = ( a31.c11 + 127 ) % count ( a31.c11 ) ORDER BY 127; 
SELECT 'END VERI 0'; 
SELECT 'BEGIN VERI 0'; 
SELECT * FROM v8 AS a32, v8 AS a33 ORDER BY 10; 
SELECT 'END VERI 0'; 

Result string: 
Runtime error near line 10: error in view v6 after drop column: no such column: c1
Runtime error near line 12: no such module: fts5
Runtime error near line 13: error in index i17 after drop column: no such column: c14
BEGIN VERI 0
Parse error near line 16: 1st ORDER BY term out of range - should be between 1 and 2
END VERI 0
BEGIN VERI 0
END VERI 0
BEGIN VERI 0
Parse error near line 22: no such column: c9
  SELECT c9, c2 ORDER BY 127; 
         ^--- error here
END VERI 0
BEGIN VERI 0
Parse error near line 25: 1st ORDER BY term out of range - should be between 1 and 2
END VERI 0
BEGIN VERI 0
Parse error near line 28: no such table: v18
END VERI 0
BEGIN VERI 0
Parse error near line 31: 1st ORDER BY term out of range - should be between 1 and 2
END VERI 0
BEGIN VERI 0
Parse error near line 34: 1st ORDER BY term out of range - should be between 1 and 3
END VERI 0
BEGIN VERI 0
Parse error near line 37: 1st ORDER BY term out of range - should be between 1 and 2
END VERI 0
BEGIN VERI 0
Parse error near line 40: misuse of aggregate function count()
  ROM v8 AS a31 WHERE a31.c11 = ( a31.c11 + 127 ) % count ( a31.c11 ) ORDER BY 1
                                      error here ---^
END VERI 0
BEGIN VERI 0
Parse error near line 43: 1st ORDER BY term out of range - should be between 1 and 6
END VERI 0

Query: 1: 
CREATE TABLE v0 ( c1, c2, c3 UNIQUE ); 
INSERT INTO v0 VALUES ( x'b1', 'v0', 'x' ); 
; 
; 
CREATE VIEW v6 AS SELECT c3 * 127 + 0 AS y, count ( * ) AS y FROM v0 AS a7 GROUP BY c1 ORDER BY 127; 
CREATE TABLE v8 ( c9 INTEGER PRIMARY KEY, c10, c11 UNIQUE ); 
CREATE TABLE v12 ( c13, c14, c15 ); 
; 
ALTER TABLE v0 DROP COLUMN c2; 
ALTER TABLE v0 DROP COLUMN c1; 
; 
CREATE VIRTUAL TABLE v18 USING fts5 ( c19, c20 ); 
ALTER TABLE v12 DROP COLUMN c14; 
; 
SELECT 'BEGIN VERI 0'; 
SELECT * FROM v6 AS a22 WHERE a22.c1 = CASE WHEN a22.c1 != 'x' THEN 127 ELSE 127 END > 127 ORDER BY 127; 
SELECT 'END VERI 0'; 
SELECT 'BEGIN VERI 0'; 
SELECT * FROM v12 AS a23 ORDER BY a23.c13, a23.c14; 
SELECT 'END VERI 0'; 
SELECT 'BEGIN VERI 0'; 
SELECT c9, c2 ORDER BY 127; 
SELECT 'END VERI 0'; 
SELECT 'BEGIN VERI 0'; 
WITH v12 AS ( SELECT * FROM v6 AS a25 ORDER BY a24.c1, v12.c15 ) SELECT a24.c1, max ( a24.c1 || v12.c15 ) FROM v6 AS a24 WHERE ( a24.c1 || v12.c13 || v12.c13 ) != '1.10' GROUP BY v12.c14 ORDER BY 10; 
SELECT 'END VERI 0'; 
SELECT 'BEGIN VERI 0'; 
SELECT * FROM v18 AS a26 ORDER BY a26.c20 COLLATE NOCASE, a26.c20; 
SELECT 'END VERI 0'; 
SELECT 'BEGIN VERI 0'; 
SELECT a27.c1, a27.c1 FROM v6 AS a27 RIGHT JOIN v18 AS a28 ON a28.c20 = a27.c1 WHERE a28.c19 IS 127 ORDER BY 'v1'; 
SELECT 'END VERI 0'; 
SELECT 'BEGIN VERI 0'; 
SELECT * FROM v8 AS a29 ORDER BY 10; 
SELECT 'END VERI 0'; 
SELECT 'BEGIN VERI 0'; 
SELECT a30.c1, max ( a30.c1 || a30.c1 ) FROM v6 AS a30 ORDER BY 0; 
SELECT 'END VERI 0'; 
SELECT 'BEGIN VERI 0'; 
SELECT * FROM v8 AS a31 WHERE a31.c11 = ( a31.c11 + 127 ) % count ( a31.c11 ) ORDER BY 127; 
SELECT 'END VERI 0'; 
SELECT 'BEGIN VERI 0'; 
SELECT * FROM v8 AS a32, v8 AS a33 ORDER BY 10; 
SELECT 'END VERI 0'; 

Result string: 
Runtime error near line 10: error in view v6 after drop column: no such column: c1
Runtime error near line 12: no such module: fts5
BEGIN VERI 0
Parse error near line 16: 1st ORDER BY term out of range - should be between 1 and 2
END VERI 0
BEGIN VERI 0
Parse error near line 19: no such column: a23.c14
  SELECT * FROM v12 AS a23 ORDER BY a23.c13, a23.c14; 
                               error here ---^
END VERI 0
BEGIN VERI 0
Parse error near line 22: no such column: c9
  SELECT c9, c2 ORDER BY 127; 
         ^--- error here
END VERI 0
BEGIN VERI 0
Parse error near line 25: 1st ORDER BY term out of range - should be between 1 and 2
END VERI 0
BEGIN VERI 0
Parse error near line 28: no such table: v18
END VERI 0
BEGIN VERI 0
Parse error near line 31: 1st ORDER BY term out of range - should be between 1 and 2
END VERI 0
BEGIN VERI 0
Parse error near line 34: 1st ORDER BY term out of range - should be between 1 and 3
END VERI 0
BEGIN VERI 0
Parse error near line 37: 1st ORDER BY term out of range - should be between 1 and 2
END VERI 0
BEGIN VERI 0
Parse error near line 40: misuse of aggregate function count()
  ROM v8 AS a31 WHERE a31.c11 = ( a31.c11 + 127 ) % count ( a31.c11 ) ORDER BY 1
                                      error here ---^
END VERI 0
BEGIN VERI 0
Parse error near line 43: 1st ORDER BY term out of range - should be between 1 and 6
END VERI 0


Final_res: 0
Detailed result: 


Result NUM: 0 
RESULT FLAGS: 1
Str: 
Parse error near line 16: 1st ORDER BY term out of range - should be between 1 and 2
 
INT: 0 
Str: 
Parse error near line 16: 1st ORDER BY term out of range - should be between 1 and 2
 
INT: 0 


Result NUM: 1 
RESULT FLAGS: 0
Str: 
 
INT: -1 
Str: 
Parse error near line 19: no such column: a23.c14
  SELECT * FROM v12 AS a23 ORDER BY a23.c13, a23.c14; 
                               error here ---^
 
INT: 2 


Result NUM: 2 
RESULT FLAGS: 1
Str: 
Parse error near line 22: no such column: c9
  SELECT c9, c2 ORDER BY 127; 
         ^--- error here
 
INT: 2 
Str: 
Parse error near line 22: no such column: c9
  SELECT c9, c2 ORDER BY 127; 
         ^--- error here
 
INT: 2 


Result NUM: 3 
RESULT FLAGS: 1
Str: 
Parse error near line 25: 1st ORDER BY term out of range - should be between 1 and 2
 
INT: 0 
Str: 
Parse error near line 25: 1st ORDER BY term out of range - should be between 1 and 2
 
INT: 0 


Result NUM: 4 
RESULT FLAGS: 1
Str: 
Parse error near line 28: no such table: v18
 
INT: 0 
Str: 
Parse error near line 28: no such table: v18
 
INT: 0 


Result NUM: 5 
RESULT FLAGS: 1
Str: 
Parse error near line 31: 1st ORDER BY term out of range - should be between 1 and 2
 
INT: 0 
Str: 
Parse error near line 31: 1st ORDER BY term out of range - should be between 1 and 2
 
INT: 0 


Result NUM: 6 
RESULT FLAGS: 1
Str: 
Parse error near line 34: 1st ORDER BY term out of range - should be between 1 and 3
 
INT: 0 
Str: 
Parse error near line 34: 1st ORDER BY term out of range - should be between 1 and 3
 
INT: 0 


Result NUM: 7 
RESULT FLAGS: 1
Str: 
Parse error near line 37: 1st ORDER BY term out of range - should be between 1 and 2
 
INT: 0 
Str: 
Parse error near line 37: 1st ORDER BY term out of range - should be between 1 and 2
 
INT: 0 


Result NUM: 8 
RESULT FLAGS: 1
Str: 
Parse error near line 40: misuse of aggregate function count()
  ROM v8 AS a31 WHERE a31.c11 = ( a31.c11 + 127 ) % count ( a31.c11 ) ORDER BY 1
                                      error here ---^
 
INT: 2 
Str: 
Parse error near line 40: misuse of aggregate function count()
  ROM v8 AS a31 WHERE a31.c11 = ( a31.c11 + 127 ) % count ( a31.c11 ) ORDER BY 1
                                      error here ---^
 
INT: 2 


Result NUM: 9 
RESULT FLAGS: 1
Str: 
Parse error near line 43: 1st ORDER BY term out of range - should be between 1 and 6
 
INT: 0 
Str: 
Parse error near line 43: 1st ORDER BY term out of range - should be between 1 and 6
 
INT: 0 
Compare_result_int: 
0



