Multiple execution of SQLite: 
Query: 0: 
CREATE TABLE v0 ( c1, c2 INTEGER UNIQUE ON CONFLICT FAIL, c3, c4, c5, c6, c7, c8, c9 DEFAULT 'v0' DEFAULT 0, PRIMARY KEY ( c9, c6 ) ) WITHOUT ROWID; 
ATTACH 'v0' AS sqlite_master; 
CREATE INDEX i10 ON v0 ( c8 ); 
CREATE TABLE v11 ( c12, c13 CHECK( 0 ), c14, c15, CHECK( c15 % 2147483647 ) ); 
CREATE INDEX i16 ON v11 ( c14 ); 
CREATE INDEX i17 ON v0 ( c9 ); 
ALTER TABLE v11 DROP c14; 
CREATE INDEX i18 ON v0 ( c1 ); 
ALTER TABLE v0 DROP c8; 
CREATE TABLE v19 ( c20, c21, c22 PRIMARY KEY ) WITHOUT ROWID; 
CREATE INDEX i23 ON v0 ( c5 ); 
SELECT 'BEGIN VERI 0'; 
SELECT * FROM v11 AS a24, v19 AS a25 NATURAL JOIN v11 AS a26 ORDER BY 2147483647; 
SELECT 'END VERI 0'; 
SELECT 'BEGIN VERI 0'; 
SELECT * ORDER BY 0; 
SELECT 'END VERI 0'; 
SELECT 'BEGIN VERI 0'; 
SELECT * FROM v11 AS a27 WHERE a27.c12 != a27.c14 ORDER BY 333; 
SELECT 'END VERI 0'; 
SELECT 'BEGIN VERI 0'; 
SELECT * FROM v11 AS a28 ORDER BY 2147483647; 
SELECT 'END VERI 0'; 
SELECT 'BEGIN VERI 0'; 
SELECT * FROM v11 AS a29 WHERE a29.c15 = + a29.c15 ORDER BY 2147483647; 
SELECT 'END VERI 0'; 
SELECT 'BEGIN VERI 0'; 
WITH v30 AS ( SELECT 2147483647 y ORDER BY 333 ) SELECT c20, c22 FROM v30 AS a31 ORDER BY 2147483647; 
SELECT 'END VERI 0'; 
SELECT 'BEGIN VERI 0'; 
SELECT * FROM v19 AS a32, v11 AS a33 ORDER BY 333; 
SELECT 'END VERI 0'; 
SELECT 'BEGIN VERI 0'; 
SELECT ( ( 0 IS NOT 333 ) OR NOT ( 18446744073709551615 IS 2147483647 OR ( a34.c15 = 2147483647 ) ) ) IS 100 FROM v11 AS a34 GROUP BY a34.c12 HAVING NULL ORDER BY 100; 
SELECT 'END VERI 0'; 
SELECT 'BEGIN VERI 0'; 
SELECT * FROM v0 AS a35 WHERE count ( a35.c7 ) ORDER BY 333; 
SELECT 'END VERI 0'; 
SELECT 'BEGIN VERI 0'; 
SELECT a36.c21, a36.c22 FROM v19 AS a36 RIGHT JOIN v0 AS a37 ON a36.c21 + a37.c1 ORDER BY 0; 
SELECT 'END VERI 0'; 

Result string: 
Runtime error near line 7: error in index i16 after drop column: no such column: c14
Runtime error near line 9: error in index i10 after drop column: no such column: c8
BEGIN VERI 0
Parse error near line 13: 1st ORDER BY term out of range - should be between 1 and 7
   a24, v19 AS a25 NATURAL JOIN v11 AS a26 ORDER BY 2147483647; 
                                      error here ---^
END VERI 0
BEGIN VERI 0
Parse error near line 16: no tables specified
END VERI 0
BEGIN VERI 0
Parse error near line 19: 1st ORDER BY term out of range - should be between 1 and 4
END VERI 0
BEGIN VERI 0
Parse error near line 22: 1st ORDER BY term out of range - should be between 1 and 4
  SELECT * FROM v11 AS a28 ORDER BY 2147483647; 
                      error here ---^
END VERI 0
BEGIN VERI 0
Parse error near line 25: 1st ORDER BY term out of range - should be between 1 and 4
  ROM v11 AS a29 WHERE a29.c15 = + a29.c15 ORDER BY 2147483647; 
                                      error here ---^
END VERI 0
BEGIN VERI 0
Parse error near line 28: 1st ORDER BY term out of range - should be between 1 and 1
END VERI 0
BEGIN VERI 0
Parse error near line 31: 1st ORDER BY term out of range - should be between 1 and 7
END VERI 0
BEGIN VERI 0
Parse error near line 34: 1st ORDER BY term out of range - should be between 1 and 1
END VERI 0
BEGIN VERI 0
Parse error near line 37: misuse of aggregate function count()
  SELECT * FROM v0 AS a35 WHERE count ( a35.c7 ) ORDER BY 333; 
                  error here ---^
END VERI 0
BEGIN VERI 0
Parse error near line 40: 1st ORDER BY term out of range - should be between 1 and 2
  RIGHT JOIN v0 AS a37 ON a36.c21 + a37.c1 ORDER BY 0; 
                                      error here ---^
END VERI 0

Query: 1: 
CREATE TABLE v0 ( c1, c2 INTEGER UNIQUE ON CONFLICT FAIL, c3, c4, c5, c6, c7, c8, c9 DEFAULT 'v0' DEFAULT 0, PRIMARY KEY ( c9, c6 ) ) WITHOUT ROWID; 
ATTACH 'v0' AS sqlite_master; 
; 
CREATE TABLE v11 ( c12, c13 CHECK( 0 ), c14, c15, CHECK( c15 % 2147483647 ) ); 
; 
; 
ALTER TABLE v11 DROP c14; 
; 
ALTER TABLE v0 DROP c8; 
CREATE TABLE v19 ( c20, c21, c22 PRIMARY KEY ) WITHOUT ROWID; 
; 
SELECT 'BEGIN VERI 0'; 
SELECT * FROM v11 AS a24, v19 AS a25 NATURAL JOIN v11 AS a26 ORDER BY 2147483647; 
SELECT 'END VERI 0'; 
SELECT 'BEGIN VERI 0'; 
SELECT * ORDER BY 0; 
SELECT 'END VERI 0'; 
SELECT 'BEGIN VERI 0'; 
SELECT * FROM v11 AS a27 WHERE a27.c12 != a27.c14 ORDER BY 333; 
SELECT 'END VERI 0'; 
SELECT 'BEGIN VERI 0'; 
SELECT * FROM v11 AS a28 ORDER BY 2147483647; 
SELECT 'END VERI 0'; 
SELECT 'BEGIN VERI 0'; 
SELECT * FROM v11 AS a29 WHERE a29.c15 = + a29.c15 ORDER BY 2147483647; 
SELECT 'END VERI 0'; 
SELECT 'BEGIN VERI 0'; 
WITH v30 AS ( SELECT 2147483647 y ORDER BY 333 ) SELECT c20, c22 FROM v30 AS a31 ORDER BY 2147483647; 
SELECT 'END VERI 0'; 
SELECT 'BEGIN VERI 0'; 
SELECT * FROM v19 AS a32, v11 AS a33 ORDER BY 333; 
SELECT 'END VERI 0'; 
SELECT 'BEGIN VERI 0'; 
SELECT ( ( 0 IS NOT 333 ) OR NOT ( 18446744073709551615 IS 2147483647 OR ( a34.c15 = 2147483647 ) ) ) IS 100 FROM v11 AS a34 GROUP BY a34.c12 HAVING NULL ORDER BY 100; 
SELECT 'END VERI 0'; 
SELECT 'BEGIN VERI 0'; 
SELECT * FROM v0 AS a35 WHERE count ( a35.c7 ) ORDER BY 333; 
SELECT 'END VERI 0'; 
SELECT 'BEGIN VERI 0'; 
SELECT a36.c21, a36.c22 FROM v19 AS a36 RIGHT JOIN v0 AS a37 ON a36.c21 + a37.c1 ORDER BY 0; 
SELECT 'END VERI 0'; 

Result string: 
BEGIN VERI 0
Parse error near line 13: 1st ORDER BY term out of range - should be between 1 and 6
   a24, v19 AS a25 NATURAL JOIN v11 AS a26 ORDER BY 2147483647; 
                                      error here ---^
END VERI 0
BEGIN VERI 0
Parse error near line 16: no tables specified
END VERI 0
BEGIN VERI 0
Parse error near line 19: no such column: a27.c14
  SELECT * FROM v11 AS a27 WHERE a27.c12 != a27.c14 ORDER BY 333; 
                              error here ---^
END VERI 0
BEGIN VERI 0
Parse error near line 22: 1st ORDER BY term out of range - should be between 1 and 3
  SELECT * FROM v11 AS a28 ORDER BY 2147483647; 
                      error here ---^
END VERI 0
BEGIN VERI 0
Parse error near line 25: 1st ORDER BY term out of range - should be between 1 and 3
  ROM v11 AS a29 WHERE a29.c15 = + a29.c15 ORDER BY 2147483647; 
                                      error here ---^
END VERI 0
BEGIN VERI 0
Parse error near line 28: 1st ORDER BY term out of range - should be between 1 and 1
END VERI 0
BEGIN VERI 0
Parse error near line 31: 1st ORDER BY term out of range - should be between 1 and 6
END VERI 0
BEGIN VERI 0
Parse error near line 34: 1st ORDER BY term out of range - should be between 1 and 1
END VERI 0
BEGIN VERI 0
Parse error near line 37: misuse of aggregate function count()
  SELECT * FROM v0 AS a35 WHERE count ( a35.c7 ) ORDER BY 333; 
                  error here ---^
END VERI 0
BEGIN VERI 0
Parse error near line 40: 1st ORDER BY term out of range - should be between 1 and 2
  RIGHT JOIN v0 AS a37 ON a36.c21 + a37.c1 ORDER BY 0; 
                                      error here ---^
END VERI 0


Final_res: 0
Detailed result: 


Result NUM: 0 
RESULT FLAGS: 1
Str: 
Parse error near line 13: 1st ORDER BY term out of range - should be between 1 and 7
   a24, v19 AS a25 NATURAL JOIN v11 AS a26 ORDER BY 2147483647; 
                                      error here ---^
 
INT: 2 
Str: 
Parse error near line 13: 1st ORDER BY term out of range - should be between 1 and 6
   a24, v19 AS a25 NATURAL JOIN v11 AS a26 ORDER BY 2147483647; 
                                      error here ---^
 
INT: 2 


Result NUM: 1 
RESULT FLAGS: 1
Str: 
Parse error near line 16: no tables specified
 
INT: 0 
Str: 
Parse error near line 16: no tables specified
 
INT: 0 


Result NUM: 2 
RESULT FLAGS: 0
Str: 
Parse error near line 19: 1st ORDER BY term out of range - should be between 1 and 4
 
INT: 0 
Str: 
Parse error near line 19: no such column: a27.c14
  SELECT * FROM v11 AS a27 WHERE a27.c12 != a27.c14 ORDER BY 333; 
                              error here ---^
 
INT: 2 


Result NUM: 3 
RESULT FLAGS: 1
Str: 
Parse error near line 22: 1st ORDER BY term out of range - should be between 1 and 4
  SELECT * FROM v11 AS a28 ORDER BY 2147483647; 
                      error here ---^
 
INT: 2 
Str: 
Parse error near line 22: 1st ORDER BY term out of range - should be between 1 and 3
  SELECT * FROM v11 AS a28 ORDER BY 2147483647; 
                      error here ---^
 
INT: 2 


Result NUM: 4 
RESULT FLAGS: 1
Str: 
Parse error near line 25: 1st ORDER BY term out of range - should be between 1 and 4
  ROM v11 AS a29 WHERE a29.c15 = + a29.c15 ORDER BY 2147483647; 
                                      error here ---^
 
INT: 2 
Str: 
Parse error near line 25: 1st ORDER BY term out of range - should be between 1 and 3
  ROM v11 AS a29 WHERE a29.c15 = + a29.c15 ORDER BY 2147483647; 
                                      error here ---^
 
INT: 2 


Result NUM: 5 
RESULT FLAGS: 1
Str: 
Parse error near line 28: 1st ORDER BY term out of range - should be between 1 and 1
 
INT: 0 
Str: 
Parse error near line 28: 1st ORDER BY term out of range - should be between 1 and 1
 
INT: 0 


Result NUM: 6 
RESULT FLAGS: 1
Str: 
Parse error near line 31: 1st ORDER BY term out of range - should be between 1 and 7
 
INT: 0 
Str: 
Parse error near line 31: 1st ORDER BY term out of range - should be between 1 and 6
 
INT: 0 


Result NUM: 7 
RESULT FLAGS: 1
Str: 
Parse error near line 34: 1st ORDER BY term out of range - should be between 1 and 1
 
INT: 0 
Str: 
Parse error near line 34: 1st ORDER BY term out of range - should be between 1 and 1
 
INT: 0 


Result NUM: 8 
RESULT FLAGS: 1
Str: 
Parse error near line 37: misuse of aggregate function count()
  SELECT * FROM v0 AS a35 WHERE count ( a35.c7 ) ORDER BY 333; 
                  error here ---^
 
INT: 2 
Str: 
Parse error near line 37: misuse of aggregate function count()
  SELECT * FROM v0 AS a35 WHERE count ( a35.c7 ) ORDER BY 333; 
                  error here ---^
 
INT: 2 


Result NUM: 9 
RESULT FLAGS: 1
Str: 
Parse error near line 40: 1st ORDER BY term out of range - should be between 1 and 2
  RIGHT JOIN v0 AS a37 ON a36.c21 + a37.c1 ORDER BY 0; 
                                      error here ---^
 
INT: 2 
Str: 
Parse error near line 40: 1st ORDER BY term out of range - should be between 1 and 2
  RIGHT JOIN v0 AS a37 ON a36.c21 + a37.c1 ORDER BY 0; 
                                      error here ---^
 
INT: 2 
Compare_result_int: 
0



