Multiple execution of SQLite: 
Query: 0: 
CREATE TABLE v0 ( c1, c2, c3 ); 
CREATE INDEX i4 ON v0 ( c1 ); 
CREATE VIEW v5 AS SELECT c1, count ( * ), avg ( c3 ), ( c2 + c1 * 18446744073709551488 ) FROM v0 AS a6 GROUP BY c2 ORDER BY 18446744073709551615; 
CREATE TABLE v7 ( c8 INTEGER PRIMARY KEY, c9, c10 UNIQUE ); 
CREATE INDEX i11 ON v7 ( c10 ); 
CREATE INDEX i12 ON v0 ( c3 ); 
CREATE TABLE v13 ( c14, c15, c16 ); 
CREATE INDEX i17 ON v7 ( c9 ); 
ALTER TABLE v7 DROP COLUMN c9; 
ALTER TABLE v13 DROP COLUMN c14; 
CREATE INDEX i18 ON v0 ( c2 ); 
CREATE VIRTUAL TABLE v19 USING fts5 ( c20, c21 ); 
ALTER TABLE v0 DROP COLUMN c3; 
SELECT 'BEGIN VERI 0'; 
SELECT * FROM v13 AS a22 NATURAL JOIN v0 AS a23 ORDER BY 0; 
SELECT 'END VERI 0'; 
SELECT 'BEGIN VERI 0'; 
SELECT * FROM v19 AS a24 ORDER BY 18446744073709551615; 
SELECT 'END VERI 0'; 
SELECT 'BEGIN VERI 0'; 
SELECT * FROM v5 AS a25 WHERE a25.c2 = 'ABX' ORDER BY 0; 
SELECT 'END VERI 0'; 
SELECT 'BEGIN VERI 0'; 
SELECT * FROM v7 AS a26 GROUP BY 18446744073709551615 ORDER BY 18446744073709551615; 
SELECT 'END VERI 0'; 
SELECT 'BEGIN VERI 0'; 
SELECT a27.c2, sum ( ) AS y FROM v0 AS a27 ORDER BY a27.c1 COLLATE NOCASE; 
SELECT 'END VERI 0'; 
SELECT 'BEGIN VERI 0'; 
SELECT * FROM v7 AS a28 WHERE a28.c10 = CASE WHEN a28.c9 != '1.10' THEN 0 ELSE 18446744073709551615 END > 0 ORDER BY 18446744073709551488; 
SELECT 'END VERI 0'; 
SELECT 'BEGIN VERI 0'; 
SELECT * FROM v5 AS a29 ORDER BY 0; 
SELECT 'END VERI 0'; 
SELECT 'BEGIN VERI 0'; 
SELECT a30.c14, count ( ( NOT ( a30.c14 IS NULL ) ) AND ( NOT ( a30.c14 IS NULL ) ) ) FROM v13 AS a30 ORDER BY 0; 
SELECT 'END VERI 0'; 
SELECT 'BEGIN VERI 0'; 
SELECT * FROM v5 AS a31 ORDER BY 0; 
SELECT 'END VERI 0'; 
SELECT 'BEGIN VERI 0'; 
SELECT * FROM v7 AS a32 NATURAL JOIN v0 AS a33 ORDER BY 255; 
SELECT 'END VERI 0'; 

Result string: 
Runtime error near line 9: error in index i17 after drop column: no such column: c9
Runtime error near line 12: no such module: fts5
Runtime error near line 13: error in index i12 after drop column: no such column: c3
BEGIN VERI 0
Parse error near line 15: 1st ORDER BY term out of range - should be between 1 and 5
  * FROM v13 AS a22 NATURAL JOIN v0 AS a23 ORDER BY 0; 
                                      error here ---^
END VERI 0
BEGIN VERI 0
Parse error near line 18: no such table: v19
END VERI 0
BEGIN VERI 0
Parse error near line 21: no such column: a25.c2
  SELECT * FROM v5 AS a25 WHERE a25.c2 = 'ABX' ORDER BY 0; 
                  error here ---^
END VERI 0
BEGIN VERI 0
END VERI 0
BEGIN VERI 0
Parse error near line 27: wrong number of arguments to function sum()
  SELECT a27.c2, sum ( ) AS y FROM v0 AS a27 ORDER BY a27.c1 COLLATE NOCASE; 
                 ^--- error here
END VERI 0
BEGIN VERI 0
END VERI 0
BEGIN VERI 0
Parse error near line 33: 1st ORDER BY term out of range - should be between 1 and 4
  SELECT * FROM v5 AS a29 ORDER BY 0; 
                     error here ---^
END VERI 0
BEGIN VERI 0
Parse error near line 36: no such column: a30.c14
  SELECT a30.c14, count ( ( NOT ( a30.c14 IS NULL ) ) AND ( NOT ( a30.c14 IS NUL
         ^--- error here
END VERI 0
BEGIN VERI 0
Parse error near line 39: 1st ORDER BY term out of range - should be between 1 and 4
  SELECT * FROM v5 AS a31 ORDER BY 0; 
                     error here ---^
END VERI 0
BEGIN VERI 0
Parse error near line 42: 1st ORDER BY term out of range - should be between 1 and 6
END VERI 0

Query: 1: 
CREATE TABLE v0 ( c1, c2, c3 ); 
; 
CREATE VIEW v5 AS SELECT c1, count ( * ), avg ( c3 ), ( c2 + c1 * 18446744073709551488 ) FROM v0 AS a6 GROUP BY c2 ORDER BY 18446744073709551615; 
CREATE TABLE v7 ( c8 INTEGER PRIMARY KEY, c9, c10 UNIQUE ); 
; 
; 
CREATE TABLE v13 ( c14, c15, c16 ); 
; 
ALTER TABLE v7 DROP COLUMN c9; 
ALTER TABLE v13 DROP COLUMN c14; 
; 
CREATE VIRTUAL TABLE v19 USING fts5 ( c20, c21 ); 
ALTER TABLE v0 DROP COLUMN c3; 
SELECT 'BEGIN VERI 0'; 
SELECT * FROM v13 AS a22 NATURAL JOIN v0 AS a23 ORDER BY 0; 
SELECT 'END VERI 0'; 
SELECT 'BEGIN VERI 0'; 
SELECT * FROM v19 AS a24 ORDER BY 18446744073709551615; 
SELECT 'END VERI 0'; 
SELECT 'BEGIN VERI 0'; 
SELECT * FROM v5 AS a25 WHERE a25.c2 = 'ABX' ORDER BY 0; 
SELECT 'END VERI 0'; 
SELECT 'BEGIN VERI 0'; 
SELECT * FROM v7 AS a26 GROUP BY 18446744073709551615 ORDER BY 18446744073709551615; 
SELECT 'END VERI 0'; 
SELECT 'BEGIN VERI 0'; 
SELECT a27.c2, sum ( ) AS y FROM v0 AS a27 ORDER BY a27.c1 COLLATE NOCASE; 
SELECT 'END VERI 0'; 
SELECT 'BEGIN VERI 0'; 
SELECT * FROM v7 AS a28 WHERE a28.c10 = CASE WHEN a28.c9 != '1.10' THEN 0 ELSE 18446744073709551615 END > 0 ORDER BY 18446744073709551488; 
SELECT 'END VERI 0'; 
SELECT 'BEGIN VERI 0'; 
SELECT * FROM v5 AS a29 ORDER BY 0; 
SELECT 'END VERI 0'; 
SELECT 'BEGIN VERI 0'; 
SELECT a30.c14, count ( ( NOT ( a30.c14 IS NULL ) ) AND ( NOT ( a30.c14 IS NULL ) ) ) FROM v13 AS a30 ORDER BY 0; 
SELECT 'END VERI 0'; 
SELECT 'BEGIN VERI 0'; 
SELECT * FROM v5 AS a31 ORDER BY 0; 
SELECT 'END VERI 0'; 
SELECT 'BEGIN VERI 0'; 
SELECT * FROM v7 AS a32 NATURAL JOIN v0 AS a33 ORDER BY 255; 
SELECT 'END VERI 0'; 

Result string: 
Runtime error near line 12: no such module: fts5
Runtime error near line 13: error in view v5 after drop column: no such column: c3
BEGIN VERI 0
Parse error near line 15: 1st ORDER BY term out of range - should be between 1 and 5
  * FROM v13 AS a22 NATURAL JOIN v0 AS a23 ORDER BY 0; 
                                      error here ---^
END VERI 0
BEGIN VERI 0
Parse error near line 18: no such table: v19
END VERI 0
BEGIN VERI 0
Parse error near line 21: no such column: a25.c2
  SELECT * FROM v5 AS a25 WHERE a25.c2 = 'ABX' ORDER BY 0; 
                  error here ---^
END VERI 0
BEGIN VERI 0
END VERI 0
BEGIN VERI 0
Parse error near line 27: wrong number of arguments to function sum()
  SELECT a27.c2, sum ( ) AS y FROM v0 AS a27 ORDER BY a27.c1 COLLATE NOCASE; 
                 ^--- error here
END VERI 0
BEGIN VERI 0
Parse error near line 30: no such column: a28.c9
  SELECT * FROM v7 AS a28 WHERE a28.c10 = CASE WHEN a28.c9 != '1.10' THEN 0 ELSE
                                      error here ---^
END VERI 0
BEGIN VERI 0
Parse error near line 33: 1st ORDER BY term out of range - should be between 1 and 4
  SELECT * FROM v5 AS a29 ORDER BY 0; 
                     error here ---^
END VERI 0
BEGIN VERI 0
Parse error near line 36: no such column: a30.c14
  SELECT a30.c14, count ( ( NOT ( a30.c14 IS NULL ) ) AND ( NOT ( a30.c14 IS NUL
         ^--- error here
END VERI 0
BEGIN VERI 0
Parse error near line 39: 1st ORDER BY term out of range - should be between 1 and 4
  SELECT * FROM v5 AS a31 ORDER BY 0; 
                     error here ---^
END VERI 0
BEGIN VERI 0
Parse error near line 42: 1st ORDER BY term out of range - should be between 1 and 5
END VERI 0


Final_res: 0
Detailed result: 


Result NUM: 0 
RESULT FLAGS: 1
Str: 
Parse error near line 15: 1st ORDER BY term out of range - should be between 1 and 5
  * FROM v13 AS a22 NATURAL JOIN v0 AS a23 ORDER BY 0; 
                                      error here ---^
 
INT: 2 
Str: 
Parse error near line 15: 1st ORDER BY term out of range - should be between 1 and 5
  * FROM v13 AS a22 NATURAL JOIN v0 AS a23 ORDER BY 0; 
                                      error here ---^
 
INT: 2 


Result NUM: 1 
RESULT FLAGS: 1
Str: 
Parse error near line 18: no such table: v19
 
INT: 0 
Str: 
Parse error near line 18: no such table: v19
 
INT: 0 


Result NUM: 2 
RESULT FLAGS: 1
Str: 
Parse error near line 21: no such column: a25.c2
  SELECT * FROM v5 AS a25 WHERE a25.c2 = 'ABX' ORDER BY 0; 
                  error here ---^
 
INT: 2 
Str: 
Parse error near line 21: no such column: a25.c2
  SELECT * FROM v5 AS a25 WHERE a25.c2 = 'ABX' ORDER BY 0; 
                  error here ---^
 
INT: 2 


Result NUM: 3 
RESULT FLAGS: 1
Str: 
 
INT: -1 
Str: 
 
INT: -1 


Result NUM: 4 
RESULT FLAGS: 1
Str: 
Parse error near line 27: wrong number of arguments to function sum()
  SELECT a27.c2, sum ( ) AS y FROM v0 AS a27 ORDER BY a27.c1 COLLATE NOCASE; 
                 ^--- error here
 
INT: 2 
Str: 
Parse error near line 27: wrong number of arguments to function sum()
  SELECT a27.c2, sum ( ) AS y FROM v0 AS a27 ORDER BY a27.c1 COLLATE NOCASE; 
                 ^--- error here
 
INT: 2 


Result NUM: 5 
RESULT FLAGS: 0
Str: 
 
INT: -1 
Str: 
Parse error near line 30: no such column: a28.c9
  SELECT * FROM v7 AS a28 WHERE a28.c10 = CASE WHEN a28.c9 != '1.10' THEN 0 ELSE
                                      error here ---^
 
INT: 2 


Result NUM: 6 
RESULT FLAGS: 1
Str: 
Parse error near line 33: 1st ORDER BY term out of range - should be between 1 and 4
  SELECT * FROM v5 AS a29 ORDER BY 0; 
                     error here ---^
 
INT: 2 
Str: 
Parse error near line 33: 1st ORDER BY term out of range - should be between 1 and 4
  SELECT * FROM v5 AS a29 ORDER BY 0; 
                     error here ---^
 
INT: 2 


Result NUM: 7 
RESULT FLAGS: 1
Str: 
Parse error near line 36: no such column: a30.c14
  SELECT a30.c14, count ( ( NOT ( a30.c14 IS NULL ) ) AND ( NOT ( a30.c14 IS NUL
         ^--- error here
 
INT: 2 
Str: 
Parse error near line 36: no such column: a30.c14
  SELECT a30.c14, count ( ( NOT ( a30.c14 IS NULL ) ) AND ( NOT ( a30.c14 IS NUL
         ^--- error here
 
INT: 2 


Result NUM: 8 
RESULT FLAGS: 1
Str: 
Parse error near line 39: 1st ORDER BY term out of range - should be between 1 and 4
  SELECT * FROM v5 AS a31 ORDER BY 0; 
                     error here ---^
 
INT: 2 
Str: 
Parse error near line 39: 1st ORDER BY term out of range - should be between 1 and 4
  SELECT * FROM v5 AS a31 ORDER BY 0; 
                     error here ---^
 
INT: 2 


Result NUM: 9 
RESULT FLAGS: 1
Str: 
Parse error near line 42: 1st ORDER BY term out of range - should be between 1 and 6
 
INT: 0 
Str: 
Parse error near line 42: 1st ORDER BY term out of range - should be between 1 and 5
 
INT: 0 
Compare_result_int: 
0



