Multiple execution of SQLite: 
Query: 0: 
CREATE TABLE v0 ( c1, c2, c3 ); 
CREATE INDEX i4 ON v0 ( c2 ); 
CREATE INDEX i5 ON v0 ( c1 ); 
CREATE VIEW v6 AS SELECT * FROM v0 AS a7 ORDER BY 16; 
CREATE INDEX i8 ON v0 ( c1 ); 
CREATE TABLE v9 ( c10 INTEGER UNIQUE, c11, c12 UNIQUE ); 
CREATE TABLE v13 ( c14 INT, c15, c16 ); 
CREATE INDEX i17 ON v9 ( c11 ); 
CREATE INDEX i18 ON v13 ( c15 ); 
ALTER TABLE v0 DROP COLUMN c1; 
ALTER TABLE v13 DROP COLUMN c15; 
CREATE VIRTUAL TABLE v19 USING fts5 ( c20, c21 ); 
ALTER TABLE v19 DROP COLUMN c20; 
SELECT 'BEGIN VERI 0'; 
SELECT * FROM v19 AS a22, v13 AS a23 ORDER BY 16; 
SELECT 'END VERI 0'; 
SELECT 'BEGIN VERI 0'; 
SELECT * FROM v13 AS a24 ORDER BY a24.c16, a24.c14, a24.c14; 
SELECT 'END VERI 0'; 
SELECT 'BEGIN VERI 0'; 
SELECT * FROM v9 AS a25 GROUP BY a25.c11, a25.c10 < a25.c12 ORDER BY 18446744073709551615; 
SELECT 'END VERI 0'; 
SELECT 'BEGIN VERI 0'; 
SELECT max ( a26.c1 || a26.c2 ) FROM v0 AS a26 ORDER BY 16; 
SELECT 'END VERI 0'; 
SELECT 'BEGIN VERI 0'; 
SELECT * FROM v9 AS a27 GROUP BY a27.c11, abs ( a27.c11 ) ORDER BY 16; 
SELECT 'END VERI 0'; 
SELECT 'BEGIN VERI 0'; 
SELECT a28.c2, count ( a28.c1 ) FROM v6 AS a28 ORDER BY 16; 
SELECT 'END VERI 0'; 
SELECT 'BEGIN VERI 0'; 
SELECT * FROM v6 AS a29, v0 AS a30 NATURAL JOIN v6 AS a31 ORDER BY 16; 
SELECT 'END VERI 0'; 
SELECT 'BEGIN VERI 0'; 
SELECT * FROM v19 AS a32 ORDER BY 127; 
SELECT 'END VERI 0'; 
SELECT 'BEGIN VERI 0'; 
VALUES ( 127, NULL, NULL ) ORDER BY 127; 
SELECT 'END VERI 0'; 
SELECT 'BEGIN VERI 0'; 
SELECT * FROM v13 AS a33 WHERE a33.c15 = a33.c14 NOT NULL ORDER BY 16; 
SELECT 'END VERI 0'; 

Result string: 
Runtime error near line 10: error in index i5 after drop column: no such column: c1
Runtime error near line 11: error in index i18 after drop column: no such column: c15
Runtime error near line 12: no such module: fts5
Parse error near line 13: no such table: v19
BEGIN VERI 0
Parse error near line 15: no such table: v19
END VERI 0
BEGIN VERI 0
END VERI 0
BEGIN VERI 0
END VERI 0
BEGIN VERI 0
Parse error near line 24: 1st ORDER BY term out of range - should be between 1 and 1
END VERI 0
BEGIN VERI 0
Parse error near line 27: 1st ORDER BY term out of range - should be between 1 and 3
END VERI 0
BEGIN VERI 0
Parse error near line 30: 1st ORDER BY term out of range - should be between 1 and 3
END VERI 0
BEGIN VERI 0
Parse error near line 33: 1st ORDER BY term out of range - should be between 1 and 3
END VERI 0
BEGIN VERI 0
Parse error near line 36: no such table: v19
END VERI 0
BEGIN VERI 0
Parse error near line 39: near "ORDER": syntax error
  VALUES ( 127, NULL, NULL ) ORDER BY 127; 
               error here ---^
END VERI 0
BEGIN VERI 0
Parse error near line 42: 1st ORDER BY term out of range - should be between 1 and 3
END VERI 0

Query: 1: 
CREATE TABLE v0 ( c1, c2, c3 ); 
; 
; 
CREATE VIEW v6 AS SELECT * FROM v0 AS a7 ORDER BY 16; 
; 
CREATE TABLE v9 ( c10 INTEGER UNIQUE, c11, c12 UNIQUE ); 
CREATE TABLE v13 ( c14 INT, c15, c16 ); 
; 
; 
ALTER TABLE v0 DROP COLUMN c1; 
ALTER TABLE v13 DROP COLUMN c15; 
CREATE VIRTUAL TABLE v19 USING fts5 ( c20, c21 ); 
ALTER TABLE v19 DROP COLUMN c20; 
SELECT 'BEGIN VERI 0'; 
SELECT * FROM v19 AS a22, v13 AS a23 ORDER BY 16; 
SELECT 'END VERI 0'; 
SELECT 'BEGIN VERI 0'; 
SELECT * FROM v13 AS a24 ORDER BY a24.c16, a24.c14, a24.c14; 
SELECT 'END VERI 0'; 
SELECT 'BEGIN VERI 0'; 
SELECT * FROM v9 AS a25 GROUP BY a25.c11, a25.c10 < a25.c12 ORDER BY 18446744073709551615; 
SELECT 'END VERI 0'; 
SELECT 'BEGIN VERI 0'; 
SELECT max ( a26.c1 || a26.c2 ) FROM v0 AS a26 ORDER BY 16; 
SELECT 'END VERI 0'; 
SELECT 'BEGIN VERI 0'; 
SELECT * FROM v9 AS a27 GROUP BY a27.c11, abs ( a27.c11 ) ORDER BY 16; 
SELECT 'END VERI 0'; 
SELECT 'BEGIN VERI 0'; 
SELECT a28.c2, count ( a28.c1 ) FROM v6 AS a28 ORDER BY 16; 
SELECT 'END VERI 0'; 
SELECT 'BEGIN VERI 0'; 
SELECT * FROM v6 AS a29, v0 AS a30 NATURAL JOIN v6 AS a31 ORDER BY 16; 
SELECT 'END VERI 0'; 
SELECT 'BEGIN VERI 0'; 
SELECT * FROM v19 AS a32 ORDER BY 127; 
SELECT 'END VERI 0'; 
SELECT 'BEGIN VERI 0'; 
VALUES ( 127, NULL, NULL ) ORDER BY 127; 
SELECT 'END VERI 0'; 
SELECT 'BEGIN VERI 0'; 
SELECT * FROM v13 AS a33 WHERE a33.c15 = a33.c14 NOT NULL ORDER BY 16; 
SELECT 'END VERI 0'; 

Result string: 
Runtime error near line 12: no such module: fts5
Parse error near line 13: no such table: v19
BEGIN VERI 0
Parse error near line 15: no such table: v19
END VERI 0
BEGIN VERI 0
END VERI 0
BEGIN VERI 0
END VERI 0
BEGIN VERI 0
Parse error near line 24: no such column: a26.c1
  SELECT max ( a26.c1 || a26.c2 ) FROM v0 AS a26 ORDER BY 16; 
               ^--- error here
END VERI 0
BEGIN VERI 0
Parse error near line 27: 1st ORDER BY term out of range - should be between 1 and 3
END VERI 0
BEGIN VERI 0
Parse error near line 30: 1st ORDER BY term out of range - should be between 1 and 2
END VERI 0
BEGIN VERI 0
Parse error near line 33: 1st ORDER BY term out of range - should be between 1 and 2
END VERI 0
BEGIN VERI 0
Parse error near line 36: no such table: v19
END VERI 0
BEGIN VERI 0
Parse error near line 39: near "ORDER": syntax error
  VALUES ( 127, NULL, NULL ) ORDER BY 127; 
               error here ---^
END VERI 0
BEGIN VERI 0
Parse error near line 42: no such column: a33.c15
  SELECT * FROM v13 AS a33 WHERE a33.c15 = a33.c14 NOT NULL ORDER BY 16; 
                   error here ---^
END VERI 0


Final_res: 0
Detailed result: 


Result NUM: 0 
RESULT FLAGS: 1
Str: 
Parse error near line 15: no such table: v19
 
INT: 0 
Str: 
Parse error near line 15: no such table: v19
 
INT: 0 


Result NUM: 1 
RESULT FLAGS: 1
Str: 
 
INT: -1 
Str: 
 
INT: -1 


Result NUM: 2 
RESULT FLAGS: 1
Str: 
 
INT: -1 
Str: 
 
INT: -1 


Result NUM: 3 
RESULT FLAGS: 0
Str: 
Parse error near line 24: 1st ORDER BY term out of range - should be between 1 and 1
 
INT: 0 
Str: 
Parse error near line 24: no such column: a26.c1
  SELECT max ( a26.c1 || a26.c2 ) FROM v0 AS a26 ORDER BY 16; 
               ^--- error here
 
INT: 2 


Result NUM: 4 
RESULT FLAGS: 1
Str: 
Parse error near line 27: 1st ORDER BY term out of range - should be between 1 and 3
 
INT: 0 
Str: 
Parse error near line 27: 1st ORDER BY term out of range - should be between 1 and 3
 
INT: 0 


Result NUM: 5 
RESULT FLAGS: 1
Str: 
Parse error near line 30: 1st ORDER BY term out of range - should be between 1 and 3
 
INT: 0 
Str: 
Parse error near line 30: 1st ORDER BY term out of range - should be between 1 and 2
 
INT: 0 


Result NUM: 6 
RESULT FLAGS: 1
Str: 
Parse error near line 33: 1st ORDER BY term out of range - should be between 1 and 3
 
INT: 0 
Str: 
Parse error near line 33: 1st ORDER BY term out of range - should be between 1 and 2
 
INT: 0 


Result NUM: 7 
RESULT FLAGS: 1
Str: 
Parse error near line 36: no such table: v19
 
INT: 0 
Str: 
Parse error near line 36: no such table: v19
 
INT: 0 


Result NUM: 8 
RESULT FLAGS: 47547280
Str: 
Parse error near line 39: near "ORDER": syntax error
  VALUES ( 127, NULL, NULL ) ORDER BY 127; 
               error here ---^
 
Str: 
Parse error near line 39: near "ORDER": syntax error
  VALUES ( 127, NULL, NULL ) ORDER BY 127; 
               error here ---^
 


Result NUM: 9 
RESULT FLAGS: 0
Str: 
Parse error near line 42: 1st ORDER BY term out of range - should be between 1 and 3
 
INT: 0 
Str: 
Parse error near line 42: no such column: a33.c15
  SELECT * FROM v13 AS a33 WHERE a33.c15 = a33.c14 NOT NULL ORDER BY 16; 
                   error here ---^
 
INT: 2 
Compare_result_int: 
0



